[02-17 22:42:17,688] INFO  [main][] c.c.c.c.CoryContextApplicationContextInitializer{19} - CoryContextApplicationContextInitializer initialize
[02-17 22:42:17,720] INFO  [main][] com.cory.CoryWebDemoApplication{55} - Starting CoryWebDemoApplication using Java 1.8.0_131 on Cory-PC with PID 10596 (E:\WORK\idea_workspace\cory-web-spring-boot-demo-all\target\classes started by Cory in E:\WORK\idea_workspace\cory-web-spring-boot-demo-all)
[02-17 22:42:17,720] DEBUG [main][] com.cory.CoryWebDemoApplication{56} - Running with Spring Boot v2.4.2, Spring v5.3.3
[02-17 22:42:17,720] INFO  [main][] com.cory.CoryWebDemoApplication{660} - No active profile set, falling back to default profiles: default
[02-17 22:42:19,259] INFO  [main][] c.c.db.processor.CoryDbDaoProcessor{35} - cory db register bean definition start
[02-17 22:42:19,274] INFO  [main][] c.c.db.processor.CoryDbDaoProcessor{59} - cory db register bean definition finish, registered 9 DAO
[02-17 22:42:20,983] INFO  [main][] c.o.c.s.m.GenericManageableCaptchaService{42} - Init com.octo.captcha.service.captchastore.FastHashMapCaptchaStore
[02-17 22:42:21,979] INFO  [main][] c.a.d.s.b.a.DruidDataSourceAutoConfigure{56} - Init DruidDataSource
[02-17 22:42:22,218] INFO  [main][] c.alibaba.druid.pool.DruidDataSource{985} - {dataSource-1} inited
[02-17 22:42:22,605] INFO  [main][] c.c.sevice.base.SystemConfigService{65} - 加载系统参数配置...
[02-17 22:42:22,713] INFO  [main][] com.cory.db.jdbc.CoryDbProxy{127} - sql: SELECT * FROM base_system_config WHERE IS_DELETED = 0 ORDER BY ID DESC LIMIT 0, 2147483647, params: null
[02-17 22:42:22,778] INFO  [main][] com.cory.db.jdbc.CoryDbProxy{138} - sql: SELECT COUNT(*) FROM base_system_config WHERE IS_DELETED = 0, params: null
[02-17 22:42:22,893] INFO  [main][] c.c.sevice.base.SystemConfigService{76} - 加载系统参数配置完成(共23条).
[02-17 22:42:23,018] INFO  [main][] c.c.s.base.resource.ResourceScanner{36} - start to scan Controllers ...
[02-17 22:42:23,236] INFO  [main][] com.cory.db.jdbc.CoryDbProxy{127} - sql: SELECT * FROM base_resource WHERE IS_DELETED = 0 AND ( value = ? ), params: ["/ajax/ajax/base/user/changePasswordDirectly*"]
[02-17 22:42:23,252] INFO  [main][] com.cory.db.jdbc.CoryDbProxy{127} - sql: SELECT * FROM base_resource WHERE IS_DELETED = 0 AND ( value = ? ), params: ["/ajax/ajax/base/user/doAssign*"]
[02-17 22:42:23,252] INFO  [main][] com.cory.db.jdbc.CoryDbProxy{127} - sql: SELECT * FROM base_resource WHERE IS_DELETED = 0 AND ( value = ? ), params: ["/ajax/ajax/base/user/listData*"]
[02-17 22:42:23,252] INFO  [main][] com.cory.db.jdbc.CoryDbProxy{127} - sql: SELECT * FROM base_resource WHERE IS_DELETED = 0 AND ( value = ? ), params: ["/ajax/ajax/base/user/detailData/**"]
[02-17 22:42:23,252] INFO  [main][] com.cory.db.jdbc.CoryDbProxy{127} - sql: SELECT * FROM base_resource WHERE IS_DELETED = 0 AND ( value = ? ), params: ["/ajax/ajax/base/user/changePassword*"]
[02-17 22:42:23,268] INFO  [main][] com.cory.db.jdbc.CoryDbProxy{127} - sql: SELECT * FROM base_resource WHERE IS_DELETED = 0 AND ( value = ? ), params: ["/currentUser*"]
[02-17 22:42:23,268] INFO  [main][] com.cory.db.jdbc.CoryDbProxy{127} - sql: SELECT * FROM base_resource WHERE IS_DELETED = 0 AND ( value = ? ), params: ["/doRegister*"]
[02-17 22:42:23,283] INFO  [main][] com.cory.db.jdbc.CoryDbProxy{127} - sql: SELECT * FROM base_resource WHERE IS_DELETED = 0 AND ( value = ? ), params: ["/login*"]
[02-17 22:42:23,283] INFO  [main][] com.cory.db.jdbc.CoryDbProxy{127} - sql: SELECT * FROM base_resource WHERE IS_DELETED = 0 AND ( value = ? ), params: ["/register*"]
[02-17 22:42:23,283] INFO  [main][] com.cory.db.jdbc.CoryDbProxy{127} - sql: SELECT * FROM base_resource WHERE IS_DELETED = 0 AND ( value = ? ), params: ["/ajax/ajax/demo/save*"]
[02-17 22:42:23,283] INFO  [main][] com.cory.db.jdbc.CoryDbProxy{127} - sql: SELECT * FROM base_resource WHERE IS_DELETED = 0 AND ( value = ? ), params: ["/ajax/ajax/demo/post*"]
[02-17 22:42:23,299] INFO  [main][] com.cory.db.jdbc.CoryDbProxy{210} - sql: INSERT INTO base_resource (CREATOR, MODIFY_TIME, IS_DELETED, CREATE_TIME, MODIFIER, DESCRIPTION, TYPE, VALUE) VALUES (?, ?, ?, ?, ?, ?, ?, ?), params: [1,1613572943299,false,1613572943299,1,"/ajax/ajax/demo/post*","URL","/ajax/ajax/demo/post*"]
[02-17 22:42:23,315] INFO  [main][] com.cory.db.jdbc.CoryDbProxy{127} - sql: SELECT * FROM base_resource WHERE IS_DELETED = 0 AND ( value = ? ), params: ["/ajax/ajax/demo/detailData/**"]
[02-17 22:42:23,330] INFO  [main][] com.cory.db.jdbc.CoryDbProxy{127} - sql: SELECT * FROM base_resource WHERE IS_DELETED = 0 AND ( value = ? ), params: ["/ajax/ajax/demo/upload*"]
[02-17 22:42:23,330] INFO  [main][] com.cory.db.jdbc.CoryDbProxy{210} - sql: INSERT INTO base_resource (CREATOR, MODIFY_TIME, IS_DELETED, CREATE_TIME, MODIFIER, DESCRIPTION, TYPE, VALUE) VALUES (?, ?, ?, ?, ?, ?, ?, ?), params: [1,1613572943330,false,1613572943330,1,"/ajax/ajax/demo/upload*","URL","/ajax/ajax/demo/upload*"]
[02-17 22:42:23,330] INFO  [main][] com.cory.db.jdbc.CoryDbProxy{127} - sql: SELECT * FROM base_resource WHERE IS_DELETED = 0 AND ( value = ? ), params: ["/ajax/ajax/demo/delete/**"]
[02-17 22:42:23,330] INFO  [main][] com.cory.db.jdbc.CoryDbProxy{127} - sql: SELECT * FROM base_resource WHERE IS_DELETED = 0 AND ( value = ? ), params: ["/ajax/ajax/demo/hi*"]
[02-17 22:42:23,330] INFO  [main][] com.cory.db.jdbc.CoryDbProxy{210} - sql: INSERT INTO base_resource (CREATOR, MODIFY_TIME, IS_DELETED, CREATE_TIME, MODIFIER, DESCRIPTION, TYPE, VALUE) VALUES (?, ?, ?, ?, ?, ?, ?, ?), params: [1,1613572943330,false,1613572943330,1,"/ajax/ajax/demo/hi*","URL","/ajax/ajax/demo/hi*"]
[02-17 22:42:23,330] INFO  [main][] com.cory.db.jdbc.CoryDbProxy{127} - sql: SELECT * FROM base_resource WHERE IS_DELETED = 0 AND ( value = ? ), params: ["/ajax/ajax/demo/listData*"]
[02-17 22:42:23,330] INFO  [main][] com.cory.db.jdbc.CoryDbProxy{127} - sql: SELECT * FROM base_resource WHERE IS_DELETED = 0 AND ( value = ? ), params: ["/ajax/ajax/base/resource/listData*"]
[02-17 22:42:23,346] INFO  [main][] com.cory.db.jdbc.CoryDbProxy{127} - sql: SELECT * FROM base_resource WHERE IS_DELETED = 0 AND ( value = ? ), params: ["/ajax/ajax/base/resource/detailData/**"]
[02-17 22:42:23,346] INFO  [main][] com.cory.db.jdbc.CoryDbProxy{127} - sql: SELECT * FROM base_resource WHERE IS_DELETED = 0 AND ( value = ? ), params: ["/ajax/ajax/base/resource/delete/**"]
[02-17 22:42:23,346] INFO  [main][] com.cory.db.jdbc.CoryDbProxy{127} - sql: SELECT * FROM base_resource WHERE IS_DELETED = 0 AND ( value = ? ), params: ["/ajax/ajax/base/resource/save*"]
[02-17 22:42:23,346] INFO  [main][] com.cory.db.jdbc.CoryDbProxy{127} - sql: SELECT * FROM base_resource WHERE IS_DELETED = 0 AND ( value = ? ), params: ["/ajax/ajax/base/feedback/listData*"]
[02-17 22:42:23,346] INFO  [main][] com.cory.db.jdbc.CoryDbProxy{127} - sql: SELECT * FROM base_resource WHERE IS_DELETED = 0 AND ( value = ? ), params: ["/ajax/ajax/base/feedback/save*"]
[02-17 22:42:23,361] INFO  [main][] com.cory.db.jdbc.CoryDbProxy{127} - sql: SELECT * FROM base_resource WHERE IS_DELETED = 0 AND ( value = ? ), params: ["/ajax/ajax/base/feedback/delete/**"]
[02-17 22:42:23,361] INFO  [main][] com.cory.db.jdbc.CoryDbProxy{127} - sql: SELECT * FROM base_resource WHERE IS_DELETED = 0 AND ( value = ? ), params: ["/ajax/ajax/base/feedback/detailData/**"]
[02-17 22:42:23,361] INFO  [main][] com.cory.db.jdbc.CoryDbProxy{127} - sql: SELECT * FROM base_resource WHERE IS_DELETED = 0 AND ( value = ? ), params: ["/errorPage*"]
[02-17 22:42:23,361] INFO  [main][] com.cory.db.jdbc.CoryDbProxy{127} - sql: SELECT * FROM base_resource WHERE IS_DELETED = 0 AND ( value = ? ), params: ["/"]
[02-17 22:42:23,361] INFO  [main][] com.cory.db.jdbc.CoryDbProxy{127} - sql: SELECT * FROM base_resource WHERE IS_DELETED = 0 AND ( value = ? ), params: ["/ajax/ajax/base/datadict/save*"]
[02-17 22:42:23,377] INFO  [main][] com.cory.db.jdbc.CoryDbProxy{127} - sql: SELECT * FROM base_resource WHERE IS_DELETED = 0 AND ( value = ? ), params: ["/ajax/ajax/base/datadict/delete/**"]
[02-17 22:42:23,377] INFO  [main][] com.cory.db.jdbc.CoryDbProxy{127} - sql: SELECT * FROM base_resource WHERE IS_DELETED = 0 AND ( value = ? ), params: ["/ajax/ajax/base/datadict/listData*"]
[02-17 22:42:23,377] INFO  [main][] com.cory.db.jdbc.CoryDbProxy{127} - sql: SELECT * FROM base_resource WHERE IS_DELETED = 0 AND ( value = ? ), params: ["/ajax/ajax/base/datadict/updateShowable*"]
[02-17 22:42:23,377] INFO  [main][] com.cory.db.jdbc.CoryDbProxy{127} - sql: SELECT * FROM base_resource WHERE IS_DELETED = 0 AND ( value = ? ), params: ["/ajax/ajax/base/datadict/detailData/**"]
[02-17 22:42:23,377] INFO  [main][] com.cory.db.jdbc.CoryDbProxy{127} - sql: SELECT * FROM base_resource WHERE IS_DELETED = 0 AND ( value = ? ), params: ["/ajax/ajax/base/systemconfig/detailData/**"]
[02-17 22:42:23,377] INFO  [main][] com.cory.db.jdbc.CoryDbProxy{127} - sql: SELECT * FROM base_resource WHERE IS_DELETED = 0 AND ( value = ? ), params: ["/ajax/ajax/base/systemconfig/delete/**"]
[02-17 22:42:23,393] INFO  [main][] com.cory.db.jdbc.CoryDbProxy{127} - sql: SELECT * FROM base_resource WHERE IS_DELETED = 0 AND ( value = ? ), params: ["/ajax/ajax/base/systemconfig/save*"]
[02-17 22:42:23,393] INFO  [main][] com.cory.db.jdbc.CoryDbProxy{127} - sql: SELECT * FROM base_resource WHERE IS_DELETED = 0 AND ( value = ? ), params: ["/ajax/ajax/base/systemconfig/refreshCache*"]
[02-17 22:42:23,393] INFO  [main][] com.cory.db.jdbc.CoryDbProxy{127} - sql: SELECT * FROM base_resource WHERE IS_DELETED = 0 AND ( value = ? ), params: ["/ajax/ajax/base/systemconfig/listData*"]
[02-17 22:42:23,393] INFO  [main][] com.cory.db.jdbc.CoryDbProxy{127} - sql: SELECT * FROM base_resource WHERE IS_DELETED = 0 AND ( value = ? ), params: ["/ajax/ajax/base/role/listData*"]
[02-17 22:42:23,393] INFO  [main][] com.cory.db.jdbc.CoryDbProxy{127} - sql: SELECT * FROM base_resource WHERE IS_DELETED = 0 AND ( value = ? ), params: ["/ajax/ajax/base/role/detailData/**"]
[02-17 22:42:23,408] INFO  [main][] com.cory.db.jdbc.CoryDbProxy{127} - sql: SELECT * FROM base_resource WHERE IS_DELETED = 0 AND ( value = ? ), params: ["/ajax/ajax/base/role/save*"]
[02-17 22:42:23,408] INFO  [main][] com.cory.db.jdbc.CoryDbProxy{127} - sql: SELECT * FROM base_resource WHERE IS_DELETED = 0 AND ( value = ? ), params: ["/ajax/ajax/base/role/doAssign*"]
[02-17 22:42:23,408] INFO  [main][] c.c.s.base.resource.ResourceScanner{56} - scan Controllers finish, url count: 3 ...
[02-17 22:42:24,741] INFO  [main][] org.quartz.impl.StdSchedulerFactory{1220} - Using default implementation for ThreadExecutor
[02-17 22:42:24,758] INFO  [main][] o.quartz.core.SchedulerSignalerImpl{61} - Initialized Scheduler Signaller of type: class org.quartz.core.SchedulerSignalerImpl
[02-17 22:42:24,759] INFO  [main][] org.quartz.core.QuartzScheduler{229} - Quartz Scheduler v.2.3.2 created.
[02-17 22:42:24,759] INFO  [main][] org.quartz.simpl.RAMJobStore{155} - RAMJobStore initialized.
[02-17 22:42:24,760] INFO  [main][] org.quartz.core.QuartzScheduler{294} - Scheduler meta-data: Quartz Scheduler (v2.3.2) 'quartzScheduler' with instanceId 'NON_CLUSTERED'
  Scheduler class: 'org.quartz.core.QuartzScheduler' - running locally.
  NOT STARTED.
  Currently in standby mode.
  Number of jobs executed: 0
  Using thread pool 'org.quartz.simpl.SimpleThreadPool' - with 10 threads.
  Using job-store 'org.quartz.simpl.RAMJobStore' - which does not support persistence. and is not clustered.

[02-17 22:42:24,760] INFO  [main][] org.quartz.impl.StdSchedulerFactory{1374} - Quartz scheduler 'quartzScheduler' initialized from an externally provided properties instance.
[02-17 22:42:24,760] INFO  [main][] org.quartz.impl.StdSchedulerFactory{1378} - Quartz scheduler version: 2.3.2
[02-17 22:42:24,761] INFO  [main][] org.quartz.core.QuartzScheduler{2293} - JobFactory set to: org.springframework.scheduling.quartz.SpringBeanJobFactory@7fd32c56
[02-17 22:42:24,843] INFO  [main][] org.quartz.core.QuartzScheduler{547} - Scheduler quartzScheduler_$_NON_CLUSTERED started.
[02-17 22:42:24,843] DEBUG [ulerThread][] o.quartz.core.QuartzSchedulerThread{291} - batch acquisition of 0 triggers
[02-17 22:42:24,882] INFO  [main][] com.cory.CoryWebDemoApplication{61} - Started CoryWebDemoApplication in 7.91 seconds (JVM running for 8.573)
[02-17 22:42:48,250] DEBUG [ulerThread][] o.quartz.core.QuartzSchedulerThread{291} - batch acquisition of 0 triggers
[02-17 22:43:17,861] DEBUG [ulerThread][] o.quartz.core.QuartzSchedulerThread{291} - batch acquisition of 0 triggers
[02-17 22:43:44,095] DEBUG [ulerThread][] o.quartz.core.QuartzSchedulerThread{291} - batch acquisition of 0 triggers
[02-17 22:44:08,002] DEBUG [ulerThread][] o.quartz.core.QuartzSchedulerThread{291} - batch acquisition of 0 triggers
[02-17 22:44:37,250] DEBUG [ulerThread][] o.quartz.core.QuartzSchedulerThread{291} - batch acquisition of 0 triggers
[02-17 22:45:05,971] DEBUG [ulerThread][] o.quartz.core.QuartzSchedulerThread{291} - batch acquisition of 0 triggers
[02-17 22:45:35,348] DEBUG [ulerThread][] o.quartz.core.QuartzSchedulerThread{291} - batch acquisition of 0 triggers
[02-17 22:45:59,016] DEBUG [ulerThread][] o.quartz.core.QuartzSchedulerThread{291} - batch acquisition of 0 triggers
[02-17 22:46:27,168] DEBUG [ulerThread][] o.quartz.core.QuartzSchedulerThread{291} - batch acquisition of 0 triggers
[02-17 22:46:56,189] DEBUG [ulerThread][] o.quartz.core.QuartzSchedulerThread{291} - batch acquisition of 0 triggers
[02-17 22:47:19,427] DEBUG [ulerThread][] o.quartz.core.QuartzSchedulerThread{291} - batch acquisition of 0 triggers
[02-17 22:47:46,017] DEBUG [ulerThread][] o.quartz.core.QuartzSchedulerThread{291} - batch acquisition of 0 triggers
[02-17 22:48:09,096] INFO  [main][] c.c.c.c.CoryContextApplicationContextInitializer{19} - CoryContextApplicationContextInitializer initialize
[02-17 22:48:09,158] INFO  [main][] com.cory.CoryWebDemoApplication{55} - Starting CoryWebDemoApplication using Java 1.8.0_131 on Cory-PC with PID 1188 (E:\WORK\idea_workspace\cory-web-spring-boot-demo-all\target\classes started by Cory in E:\WORK\idea_workspace\cory-web-spring-boot-demo-all)
[02-17 22:48:09,159] DEBUG [main][] com.cory.CoryWebDemoApplication{56} - Running with Spring Boot v2.4.2, Spring v5.3.3
[02-17 22:48:09,160] INFO  [main][] com.cory.CoryWebDemoApplication{660} - No active profile set, falling back to default profiles: default
[02-17 22:48:11,108] INFO  [main][] c.c.db.processor.CoryDbDaoProcessor{35} - cory db register bean definition start
[02-17 22:48:11,123] INFO  [main][] c.c.db.processor.CoryDbDaoProcessor{59} - cory db register bean definition finish, registered 9 DAO
[02-17 22:48:13,788] INFO  [main][] c.o.c.s.m.GenericManageableCaptchaService{42} - Init com.octo.captcha.service.captchastore.FastHashMapCaptchaStore
[02-17 22:48:15,475] INFO  [main][] c.a.d.s.b.a.DruidDataSourceAutoConfigure{56} - Init DruidDataSource
[02-17 22:48:15,807] INFO  [main][] c.alibaba.druid.pool.DruidDataSource{985} - {dataSource-1} inited
[02-17 22:48:16,286] INFO  [main][] c.c.sevice.base.SystemConfigService{65} - 加载系统参数配置...
[02-17 22:48:16,441] INFO  [main][] com.cory.db.jdbc.CoryDbProxy{127} - sql: SELECT * FROM base_system_config WHERE IS_DELETED = 0 ORDER BY ID DESC LIMIT 0, 2147483647, params: null
[02-17 22:48:16,524] INFO  [main][] com.cory.db.jdbc.CoryDbProxy{138} - sql: SELECT COUNT(*) FROM base_system_config WHERE IS_DELETED = 0, params: null
[02-17 22:48:16,622] INFO  [main][] c.c.sevice.base.SystemConfigService{76} - 加载系统参数配置完成(共23条).
[02-17 22:48:16,727] INFO  [main][] c.c.s.base.resource.ResourceScanner{36} - start to scan Controllers ...
[02-17 22:48:17,366] INFO  [main][] com.cory.db.jdbc.CoryDbProxy{127} - sql: SELECT * FROM base_resource WHERE IS_DELETED = 0 AND ( value = ? ), params: ["/ajax/ajax/base/role/listData*"]
[02-17 22:48:17,397] INFO  [main][] com.cory.db.jdbc.CoryDbProxy{127} - sql: SELECT * FROM base_resource WHERE IS_DELETED = 0 AND ( value = ? ), params: ["/ajax/ajax/base/role/detailData/**"]
[02-17 22:48:17,397] INFO  [main][] com.cory.db.jdbc.CoryDbProxy{127} - sql: SELECT * FROM base_resource WHERE IS_DELETED = 0 AND ( value = ? ), params: ["/ajax/ajax/base/role/save*"]
[02-17 22:48:17,397] INFO  [main][] com.cory.db.jdbc.CoryDbProxy{127} - sql: SELECT * FROM base_resource WHERE IS_DELETED = 0 AND ( value = ? ), params: ["/ajax/ajax/base/role/doAssign*"]
[02-17 22:48:17,413] INFO  [main][] com.cory.db.jdbc.CoryDbProxy{127} - sql: SELECT * FROM base_resource WHERE IS_DELETED = 0 AND ( value = ? ), params: ["/ajax/ajax/base/user/changePasswordDirectly*"]
[02-17 22:48:17,429] INFO  [main][] com.cory.db.jdbc.CoryDbProxy{127} - sql: SELECT * FROM base_resource WHERE IS_DELETED = 0 AND ( value = ? ), params: ["/ajax/ajax/base/user/doAssign*"]
[02-17 22:48:17,429] INFO  [main][] com.cory.db.jdbc.CoryDbProxy{127} - sql: SELECT * FROM base_resource WHERE IS_DELETED = 0 AND ( value = ? ), params: ["/ajax/ajax/base/user/listData*"]
[02-17 22:48:17,429] INFO  [main][] com.cory.db.jdbc.CoryDbProxy{127} - sql: SELECT * FROM base_resource WHERE IS_DELETED = 0 AND ( value = ? ), params: ["/ajax/ajax/base/user/detailData/**"]
[02-17 22:48:17,444] INFO  [main][] com.cory.db.jdbc.CoryDbProxy{127} - sql: SELECT * FROM base_resource WHERE IS_DELETED = 0 AND ( value = ? ), params: ["/ajax/ajax/base/user/changePassword*"]
[02-17 22:48:17,444] INFO  [main][] com.cory.db.jdbc.CoryDbProxy{127} - sql: SELECT * FROM base_resource WHERE IS_DELETED = 0 AND ( value = ? ), params: ["/ajax/ajax/base/feedback/listData*"]
[02-17 22:48:17,460] INFO  [main][] com.cory.db.jdbc.CoryDbProxy{127} - sql: SELECT * FROM base_resource WHERE IS_DELETED = 0 AND ( value = ? ), params: ["/ajax/ajax/base/feedback/save*"]
[02-17 22:48:17,460] INFO  [main][] com.cory.db.jdbc.CoryDbProxy{127} - sql: SELECT * FROM base_resource WHERE IS_DELETED = 0 AND ( value = ? ), params: ["/ajax/ajax/base/feedback/delete/**"]
[02-17 22:48:17,460] INFO  [main][] com.cory.db.jdbc.CoryDbProxy{127} - sql: SELECT * FROM base_resource WHERE IS_DELETED = 0 AND ( value = ? ), params: ["/ajax/ajax/base/feedback/detailData/**"]
[02-17 22:48:17,476] INFO  [main][] com.cory.db.jdbc.CoryDbProxy{127} - sql: SELECT * FROM base_resource WHERE IS_DELETED = 0 AND ( value = ? ), params: ["/currentUser*"]
[02-17 22:48:17,476] INFO  [main][] com.cory.db.jdbc.CoryDbProxy{127} - sql: SELECT * FROM base_resource WHERE IS_DELETED = 0 AND ( value = ? ), params: ["/doRegister*"]
[02-17 22:48:17,491] INFO  [main][] com.cory.db.jdbc.CoryDbProxy{127} - sql: SELECT * FROM base_resource WHERE IS_DELETED = 0 AND ( value = ? ), params: ["/login*"]
[02-17 22:48:17,491] INFO  [main][] com.cory.db.jdbc.CoryDbProxy{127} - sql: SELECT * FROM base_resource WHERE IS_DELETED = 0 AND ( value = ? ), params: ["/register*"]
[02-17 22:48:17,491] INFO  [main][] com.cory.db.jdbc.CoryDbProxy{127} - sql: SELECT * FROM base_resource WHERE IS_DELETED = 0 AND ( value = ? ), params: ["/ajax/ajax/base/datadict/save*"]
[02-17 22:48:17,507] INFO  [main][] com.cory.db.jdbc.CoryDbProxy{127} - sql: SELECT * FROM base_resource WHERE IS_DELETED = 0 AND ( value = ? ), params: ["/ajax/ajax/base/datadict/delete/**"]
[02-17 22:48:17,507] INFO  [main][] com.cory.db.jdbc.CoryDbProxy{127} - sql: SELECT * FROM base_resource WHERE IS_DELETED = 0 AND ( value = ? ), params: ["/ajax/ajax/base/datadict/listData*"]
[02-17 22:48:17,507] INFO  [main][] com.cory.db.jdbc.CoryDbProxy{127} - sql: SELECT * FROM base_resource WHERE IS_DELETED = 0 AND ( value = ? ), params: ["/ajax/ajax/base/datadict/updateShowable*"]
[02-17 22:48:17,522] INFO  [main][] com.cory.db.jdbc.CoryDbProxy{127} - sql: SELECT * FROM base_resource WHERE IS_DELETED = 0 AND ( value = ? ), params: ["/ajax/ajax/base/datadict/detailData/**"]
[02-17 22:48:17,522] INFO  [main][] com.cory.db.jdbc.CoryDbProxy{127} - sql: SELECT * FROM base_resource WHERE IS_DELETED = 0 AND ( value = ? ), params: ["/ajax/ajax/base/resource/listData*"]
[02-17 22:48:17,522] INFO  [main][] com.cory.db.jdbc.CoryDbProxy{127} - sql: SELECT * FROM base_resource WHERE IS_DELETED = 0 AND ( value = ? ), params: ["/ajax/ajax/base/resource/detailData/**"]
[02-17 22:48:17,538] INFO  [main][] com.cory.db.jdbc.CoryDbProxy{127} - sql: SELECT * FROM base_resource WHERE IS_DELETED = 0 AND ( value = ? ), params: ["/ajax/ajax/base/resource/delete/**"]
[02-17 22:48:17,538] INFO  [main][] com.cory.db.jdbc.CoryDbProxy{127} - sql: SELECT * FROM base_resource WHERE IS_DELETED = 0 AND ( value = ? ), params: ["/ajax/ajax/base/resource/save*"]
[02-17 22:48:17,538] INFO  [main][] com.cory.db.jdbc.CoryDbProxy{127} - sql: SELECT * FROM base_resource WHERE IS_DELETED = 0 AND ( value = ? ), params: ["/ajax/ajax/base/systemconfig/detailData/**"]
[02-17 22:48:17,554] INFO  [main][] com.cory.db.jdbc.CoryDbProxy{127} - sql: SELECT * FROM base_resource WHERE IS_DELETED = 0 AND ( value = ? ), params: ["/ajax/ajax/base/systemconfig/delete/**"]
[02-17 22:48:17,554] INFO  [main][] com.cory.db.jdbc.CoryDbProxy{127} - sql: SELECT * FROM base_resource WHERE IS_DELETED = 0 AND ( value = ? ), params: ["/ajax/ajax/base/systemconfig/save*"]
[02-17 22:48:17,554] INFO  [main][] com.cory.db.jdbc.CoryDbProxy{127} - sql: SELECT * FROM base_resource WHERE IS_DELETED = 0 AND ( value = ? ), params: ["/ajax/ajax/base/systemconfig/refreshCache*"]
[02-17 22:48:17,569] INFO  [main][] com.cory.db.jdbc.CoryDbProxy{127} - sql: SELECT * FROM base_resource WHERE IS_DELETED = 0 AND ( value = ? ), params: ["/ajax/ajax/base/systemconfig/listData*"]
[02-17 22:48:17,569] INFO  [main][] com.cory.db.jdbc.CoryDbProxy{127} - sql: SELECT * FROM base_resource WHERE IS_DELETED = 0 AND ( value = ? ), params: ["/errorPage*"]
[02-17 22:48:17,585] INFO  [main][] com.cory.db.jdbc.CoryDbProxy{127} - sql: SELECT * FROM base_resource WHERE IS_DELETED = 0 AND ( value = ? ), params: ["/"]
[02-17 22:48:17,585] INFO  [main][] c.c.s.base.resource.ResourceScanner{56} - scan Controllers finish, url count: 0 ...
[02-17 22:48:19,276] INFO  [main][] org.quartz.impl.StdSchedulerFactory{1220} - Using default implementation for ThreadExecutor
[02-17 22:48:19,293] INFO  [main][] o.quartz.core.SchedulerSignalerImpl{61} - Initialized Scheduler Signaller of type: class org.quartz.core.SchedulerSignalerImpl
[02-17 22:48:19,293] INFO  [main][] org.quartz.core.QuartzScheduler{229} - Quartz Scheduler v.2.3.2 created.
[02-17 22:48:19,294] INFO  [main][] org.quartz.simpl.RAMJobStore{155} - RAMJobStore initialized.
[02-17 22:48:19,295] INFO  [main][] org.quartz.core.QuartzScheduler{294} - Scheduler meta-data: Quartz Scheduler (v2.3.2) 'quartzScheduler' with instanceId 'NON_CLUSTERED'
  Scheduler class: 'org.quartz.core.QuartzScheduler' - running locally.
  NOT STARTED.
  Currently in standby mode.
  Number of jobs executed: 0
  Using thread pool 'org.quartz.simpl.SimpleThreadPool' - with 10 threads.
  Using job-store 'org.quartz.simpl.RAMJobStore' - which does not support persistence. and is not clustered.

[02-17 22:48:19,296] INFO  [main][] org.quartz.impl.StdSchedulerFactory{1374} - Quartz scheduler 'quartzScheduler' initialized from an externally provided properties instance.
[02-17 22:48:19,296] INFO  [main][] org.quartz.impl.StdSchedulerFactory{1378} - Quartz scheduler version: 2.3.2
[02-17 22:48:19,296] INFO  [main][] org.quartz.core.QuartzScheduler{2293} - JobFactory set to: org.springframework.scheduling.quartz.SpringBeanJobFactory@478fe415
[02-17 22:48:19,395] INFO  [main][] org.quartz.core.QuartzScheduler{547} - Scheduler quartzScheduler_$_NON_CLUSTERED started.
[02-17 22:48:19,395] DEBUG [ulerThread][] o.quartz.core.QuartzSchedulerThread{291} - batch acquisition of 0 triggers
[02-17 22:48:19,427] INFO  [main][] com.cory.CoryWebDemoApplication{61} - Started CoryWebDemoApplication in 11.214 seconds (JVM running for 11.944)
[02-17 22:48:34,466] INFO  [080-exec-2][] c.c.w.i.AccessLogInterceptor{37} - remoteAddr=0:0:0:0:0:0:0:1, uri=/demo/hi, method=GET, queryString=name=123, hasException=false, duration=32ms
[02-17 22:48:34,596] INFO  [080-exec-2][] c.c.w.i.AccessLogInterceptor{37} - remoteAddr=0:0:0:0:0:0:0:1, uri=/error, method=GET, queryString=name=123, hasException=false, duration=124ms
[02-17 22:48:48,673] DEBUG [ulerThread][] o.quartz.core.QuartzSchedulerThread{291} - batch acquisition of 0 triggers
[02-17 22:49:17,191] DEBUG [ulerThread][] o.quartz.core.QuartzSchedulerThread{291} - batch acquisition of 0 triggers
[02-17 22:49:41,883] DEBUG [ulerThread][] o.quartz.core.QuartzSchedulerThread{291} - batch acquisition of 0 triggers
[02-17 22:50:08,095] DEBUG [ulerThread][] o.quartz.core.QuartzSchedulerThread{291} - batch acquisition of 0 triggers
[02-17 22:50:38,036] DEBUG [ulerThread][] o.quartz.core.QuartzSchedulerThread{291} - batch acquisition of 0 triggers
[02-17 22:51:05,899] DEBUG [ulerThread][] o.quartz.core.QuartzSchedulerThread{291} - batch acquisition of 0 triggers
[02-17 22:51:32,032] DEBUG [ulerThread][] o.quartz.core.QuartzSchedulerThread{291} - batch acquisition of 0 triggers
[02-17 22:51:59,941] DEBUG [ulerThread][] o.quartz.core.QuartzSchedulerThread{291} - batch acquisition of 0 triggers
[02-17 22:52:27,658] DEBUG [ulerThread][] o.quartz.core.QuartzSchedulerThread{291} - batch acquisition of 0 triggers
[02-17 22:52:52,705] DEBUG [ulerThread][] o.quartz.core.QuartzSchedulerThread{291} - batch acquisition of 0 triggers
[02-17 22:53:20,299] DEBUG [ulerThread][] o.quartz.core.QuartzSchedulerThread{291} - batch acquisition of 0 triggers
[02-17 22:53:44,534] DEBUG [ulerThread][] o.quartz.core.QuartzSchedulerThread{291} - batch acquisition of 0 triggers
[02-17 22:54:09,439] DEBUG [ulerThread][] o.quartz.core.QuartzSchedulerThread{291} - batch acquisition of 0 triggers
[02-17 22:54:33,205] DEBUG [ulerThread][] o.quartz.core.QuartzSchedulerThread{291} - batch acquisition of 0 triggers
[02-17 22:55:01,749] DEBUG [ulerThread][] o.quartz.core.QuartzSchedulerThread{291} - batch acquisition of 0 triggers
[02-17 22:55:29,800] DEBUG [ulerThread][] o.quartz.core.QuartzSchedulerThread{291} - batch acquisition of 0 triggers
[02-17 22:55:56,065] DEBUG [ulerThread][] o.quartz.core.QuartzSchedulerThread{291} - batch acquisition of 0 triggers
[02-17 22:56:22,861] DEBUG [ulerThread][] o.quartz.core.QuartzSchedulerThread{291} - batch acquisition of 0 triggers
[02-17 22:56:46,063] DEBUG [ulerThread][] o.quartz.core.QuartzSchedulerThread{291} - batch acquisition of 0 triggers
[02-17 22:57:14,331] DEBUG [ulerThread][] o.quartz.core.QuartzSchedulerThread{291} - batch acquisition of 0 triggers
[02-17 22:57:37,810] DEBUG [ulerThread][] o.quartz.core.QuartzSchedulerThread{291} - batch acquisition of 0 triggers
[02-17 22:58:02,362] DEBUG [ulerThread][] o.quartz.core.QuartzSchedulerThread{291} - batch acquisition of 0 triggers
[02-17 22:58:27,938] DEBUG [ulerThread][] o.quartz.core.QuartzSchedulerThread{291} - batch acquisition of 0 triggers
[02-17 22:58:57,377] DEBUG [ulerThread][] o.quartz.core.QuartzSchedulerThread{291} - batch acquisition of 0 triggers
[02-17 22:59:23,549] DEBUG [ulerThread][] o.quartz.core.QuartzSchedulerThread{291} - batch acquisition of 0 triggers
[02-17 22:59:48,397] DEBUG [ulerThread][] o.quartz.core.QuartzSchedulerThread{291} - batch acquisition of 0 triggers
[02-17 23:00:18,362] DEBUG [ulerThread][] o.quartz.core.QuartzSchedulerThread{291} - batch acquisition of 0 triggers
[02-17 23:00:41,721] DEBUG [ulerThread][] o.quartz.core.QuartzSchedulerThread{291} - batch acquisition of 0 triggers
[02-17 23:01:06,783] DEBUG [ulerThread][] o.quartz.core.QuartzSchedulerThread{291} - batch acquisition of 0 triggers
[02-17 23:01:32,565] DEBUG [ulerThread][] o.quartz.core.QuartzSchedulerThread{291} - batch acquisition of 0 triggers
[02-17 23:01:55,656] DEBUG [ulerThread][] o.quartz.core.QuartzSchedulerThread{291} - batch acquisition of 0 triggers
[02-17 23:02:23,767] DEBUG [ulerThread][] o.quartz.core.QuartzSchedulerThread{291} - batch acquisition of 0 triggers
[02-17 23:02:48,062] DEBUG [ulerThread][] o.quartz.core.QuartzSchedulerThread{291} - batch acquisition of 0 triggers
[02-17 23:03:17,331] DEBUG [ulerThread][] o.quartz.core.QuartzSchedulerThread{291} - batch acquisition of 0 triggers
[02-17 23:03:46,877] DEBUG [ulerThread][] o.quartz.core.QuartzSchedulerThread{291} - batch acquisition of 0 triggers
[02-17 23:04:10,595] DEBUG [ulerThread][] o.quartz.core.QuartzSchedulerThread{291} - batch acquisition of 0 triggers
[02-17 23:04:36,955] DEBUG [ulerThread][] o.quartz.core.QuartzSchedulerThread{291} - batch acquisition of 0 triggers
[02-17 23:05:03,315] DEBUG [ulerThread][] o.quartz.core.QuartzSchedulerThread{291} - batch acquisition of 0 triggers
[02-17 23:05:32,408] DEBUG [ulerThread][] o.quartz.core.QuartzSchedulerThread{291} - batch acquisition of 0 triggers
[02-17 23:06:01,893] DEBUG [ulerThread][] o.quartz.core.QuartzSchedulerThread{291} - batch acquisition of 0 triggers
[02-17 23:06:26,766] DEBUG [ulerThread][] o.quartz.core.QuartzSchedulerThread{291} - batch acquisition of 0 triggers
[02-17 23:06:50,674] DEBUG [ulerThread][] o.quartz.core.QuartzSchedulerThread{291} - batch acquisition of 0 triggers
[02-17 23:07:19,348] DEBUG [ulerThread][] o.quartz.core.QuartzSchedulerThread{291} - batch acquisition of 0 triggers
[02-17 23:07:45,740] DEBUG [ulerThread][] o.quartz.core.QuartzSchedulerThread{291} - batch acquisition of 0 triggers
[02-17 23:08:10,235] DEBUG [ulerThread][] o.quartz.core.QuartzSchedulerThread{291} - batch acquisition of 0 triggers
[02-17 23:08:34,230] DEBUG [ulerThread][] o.quartz.core.QuartzSchedulerThread{291} - batch acquisition of 0 triggers
[02-17 23:09:00,314] DEBUG [ulerThread][] o.quartz.core.QuartzSchedulerThread{291} - batch acquisition of 0 triggers
[02-17 23:09:24,439] DEBUG [ulerThread][] o.quartz.core.QuartzSchedulerThread{291} - batch acquisition of 0 triggers
[02-17 23:09:53,267] DEBUG [ulerThread][] o.quartz.core.QuartzSchedulerThread{291} - batch acquisition of 0 triggers
[02-17 23:10:21,529] DEBUG [ulerThread][] o.quartz.core.QuartzSchedulerThread{291} - batch acquisition of 0 triggers
[02-17 23:10:48,709] DEBUG [ulerThread][] o.quartz.core.QuartzSchedulerThread{291} - batch acquisition of 0 triggers
[02-17 23:11:13,462] DEBUG [ulerThread][] o.quartz.core.QuartzSchedulerThread{291} - batch acquisition of 0 triggers
[02-17 23:11:42,536] DEBUG [ulerThread][] o.quartz.core.QuartzSchedulerThread{291} - batch acquisition of 0 triggers
[02-17 23:12:06,973] DEBUG [ulerThread][] o.quartz.core.QuartzSchedulerThread{291} - batch acquisition of 0 triggers
[02-17 23:12:31,668] DEBUG [ulerThread][] o.quartz.core.QuartzSchedulerThread{291} - batch acquisition of 0 triggers
[02-17 23:12:59,577] DEBUG [ulerThread][] o.quartz.core.QuartzSchedulerThread{291} - batch acquisition of 0 triggers
[02-17 23:13:25,672] DEBUG [ulerThread][] o.quartz.core.QuartzSchedulerThread{291} - batch acquisition of 0 triggers
[02-17 23:13:55,388] DEBUG [ulerThread][] o.quartz.core.QuartzSchedulerThread{291} - batch acquisition of 0 triggers
[02-17 23:14:23,627] DEBUG [ulerThread][] o.quartz.core.QuartzSchedulerThread{291} - batch acquisition of 0 triggers
[02-17 23:14:48,098] DEBUG [ulerThread][] o.quartz.core.QuartzSchedulerThread{291} - batch acquisition of 0 triggers
[02-17 23:15:14,127] DEBUG [ulerThread][] o.quartz.core.QuartzSchedulerThread{291} - batch acquisition of 0 triggers
[02-17 23:15:42,070] DEBUG [ulerThread][] o.quartz.core.QuartzSchedulerThread{291} - batch acquisition of 0 triggers
[02-17 23:16:10,231] DEBUG [ulerThread][] o.quartz.core.QuartzSchedulerThread{291} - batch acquisition of 0 triggers
[02-17 23:16:34,770] DEBUG [ulerThread][] o.quartz.core.QuartzSchedulerThread{291} - batch acquisition of 0 triggers
[02-17 23:16:58,752] DEBUG [ulerThread][] o.quartz.core.QuartzSchedulerThread{291} - batch acquisition of 0 triggers
[02-17 23:17:24,204] DEBUG [ulerThread][] o.quartz.core.QuartzSchedulerThread{291} - batch acquisition of 0 triggers
[02-17 23:17:49,011] DEBUG [ulerThread][] o.quartz.core.QuartzSchedulerThread{291} - batch acquisition of 0 triggers
[02-17 23:18:14,891] DEBUG [ulerThread][] o.quartz.core.QuartzSchedulerThread{291} - batch acquisition of 0 triggers
[02-17 23:18:44,190] DEBUG [ulerThread][] o.quartz.core.QuartzSchedulerThread{291} - batch acquisition of 0 triggers
[02-17 23:19:08,235] DEBUG [ulerThread][] o.quartz.core.QuartzSchedulerThread{291} - batch acquisition of 0 triggers
[02-17 23:19:34,909] DEBUG [ulerThread][] o.quartz.core.QuartzSchedulerThread{291} - batch acquisition of 0 triggers
[02-17 23:20:00,871] DEBUG [ulerThread][] o.quartz.core.QuartzSchedulerThread{291} - batch acquisition of 0 triggers
[02-17 23:20:25,384] DEBUG [ulerThread][] o.quartz.core.QuartzSchedulerThread{291} - batch acquisition of 0 triggers
[02-17 23:20:50,596] DEBUG [ulerThread][] o.quartz.core.QuartzSchedulerThread{291} - batch acquisition of 0 triggers
[02-17 23:21:18,189] DEBUG [ulerThread][] o.quartz.core.QuartzSchedulerThread{291} - batch acquisition of 0 triggers
[02-17 23:21:46,452] DEBUG [ulerThread][] o.quartz.core.QuartzSchedulerThread{291} - batch acquisition of 0 triggers
[02-17 23:22:15,861] DEBUG [ulerThread][] o.quartz.core.QuartzSchedulerThread{291} - batch acquisition of 0 triggers
[02-17 23:22:41,213] DEBUG [ulerThread][] o.quartz.core.QuartzSchedulerThread{291} - batch acquisition of 0 triggers
[02-17 23:23:07,663] DEBUG [ulerThread][] o.quartz.core.QuartzSchedulerThread{291} - batch acquisition of 0 triggers
[02-17 23:23:36,910] DEBUG [ulerThread][] o.quartz.core.QuartzSchedulerThread{291} - batch acquisition of 0 triggers
[02-17 23:24:04,525] DEBUG [ulerThread][] o.quartz.core.QuartzSchedulerThread{291} - batch acquisition of 0 triggers
[02-17 23:24:33,922] DEBUG [ulerThread][] o.quartz.core.QuartzSchedulerThread{291} - batch acquisition of 0 triggers
[02-17 23:24:56,987] DEBUG [ulerThread][] o.quartz.core.QuartzSchedulerThread{291} - batch acquisition of 0 triggers
[02-17 23:25:26,705] DEBUG [ulerThread][] o.quartz.core.QuartzSchedulerThread{291} - batch acquisition of 0 triggers
[02-17 23:25:55,323] DEBUG [ulerThread][] o.quartz.core.QuartzSchedulerThread{291} - batch acquisition of 0 triggers
[02-17 23:26:21,126] DEBUG [ulerThread][] o.quartz.core.QuartzSchedulerThread{291} - batch acquisition of 0 triggers
[02-17 23:26:45,408] DEBUG [ulerThread][] o.quartz.core.QuartzSchedulerThread{291} - batch acquisition of 0 triggers
[02-17 23:27:14,485] DEBUG [ulerThread][] o.quartz.core.QuartzSchedulerThread{291} - batch acquisition of 0 triggers
[02-17 23:27:38,300] DEBUG [ulerThread][] o.quartz.core.QuartzSchedulerThread{291} - batch acquisition of 0 triggers
[02-17 23:28:04,564] DEBUG [ulerThread][] o.quartz.core.QuartzSchedulerThread{291} - batch acquisition of 0 triggers
[02-17 23:28:28,455] DEBUG [ulerThread][] o.quartz.core.QuartzSchedulerThread{291} - batch acquisition of 0 triggers
[02-17 23:28:58,231] DEBUG [ulerThread][] o.quartz.core.QuartzSchedulerThread{291} - batch acquisition of 0 triggers
[02-17 23:29:21,983] DEBUG [ulerThread][] o.quartz.core.QuartzSchedulerThread{291} - batch acquisition of 0 triggers
[02-17 23:29:45,897] DEBUG [ulerThread][] o.quartz.core.QuartzSchedulerThread{291} - batch acquisition of 0 triggers
[02-17 23:30:14,095] DEBUG [ulerThread][] o.quartz.core.QuartzSchedulerThread{291} - batch acquisition of 0 triggers
[02-17 23:30:37,272] DEBUG [ulerThread][] o.quartz.core.QuartzSchedulerThread{291} - batch acquisition of 0 triggers
[02-17 23:31:05,506] DEBUG [ulerThread][] o.quartz.core.QuartzSchedulerThread{291} - batch acquisition of 0 triggers
[02-17 23:31:30,253] DEBUG [ulerThread][] o.quartz.core.QuartzSchedulerThread{291} - batch acquisition of 0 triggers
[02-17 23:31:54,232] DEBUG [ulerThread][] o.quartz.core.QuartzSchedulerThread{291} - batch acquisition of 0 triggers
[02-17 23:32:17,762] DEBUG [ulerThread][] o.quartz.core.QuartzSchedulerThread{291} - batch acquisition of 0 triggers
[02-17 23:32:43,468] DEBUG [ulerThread][] o.quartz.core.QuartzSchedulerThread{291} - batch acquisition of 0 triggers
[02-17 23:33:12,497] DEBUG [ulerThread][] o.quartz.core.QuartzSchedulerThread{291} - batch acquisition of 0 triggers
[02-17 23:33:36,776] DEBUG [ulerThread][] o.quartz.core.QuartzSchedulerThread{291} - batch acquisition of 0 triggers
[02-17 23:34:05,092] DEBUG [ulerThread][] o.quartz.core.QuartzSchedulerThread{291} - batch acquisition of 0 triggers
[02-17 23:34:33,088] DEBUG [ulerThread][] o.quartz.core.QuartzSchedulerThread{291} - batch acquisition of 0 triggers
[02-17 23:34:57,238] DEBUG [ulerThread][] o.quartz.core.QuartzSchedulerThread{291} - batch acquisition of 0 triggers
[02-17 23:35:20,329] DEBUG [ulerThread][] o.quartz.core.QuartzSchedulerThread{291} - batch acquisition of 0 triggers
[02-17 23:35:44,872] DEBUG [ulerThread][] o.quartz.core.QuartzSchedulerThread{291} - batch acquisition of 0 triggers
[02-17 23:36:07,944] DEBUG [ulerThread][] o.quartz.core.QuartzSchedulerThread{291} - batch acquisition of 0 triggers
[02-17 23:36:37,924] DEBUG [ulerThread][] o.quartz.core.QuartzSchedulerThread{291} - batch acquisition of 0 triggers
[02-17 23:37:07,515] DEBUG [ulerThread][] o.quartz.core.QuartzSchedulerThread{291} - batch acquisition of 0 triggers
[02-17 23:37:31,861] DEBUG [ulerThread][] o.quartz.core.QuartzSchedulerThread{291} - batch acquisition of 0 triggers
[02-17 23:37:56,417] DEBUG [ulerThread][] o.quartz.core.QuartzSchedulerThread{291} - batch acquisition of 0 triggers
[02-17 23:38:22,110] DEBUG [ulerThread][] o.quartz.core.QuartzSchedulerThread{291} - batch acquisition of 0 triggers
[02-17 23:38:46,484] DEBUG [ulerThread][] o.quartz.core.QuartzSchedulerThread{291} - batch acquisition of 0 triggers
[02-17 23:39:13,429] DEBUG [ulerThread][] o.quartz.core.QuartzSchedulerThread{291} - batch acquisition of 0 triggers
[02-17 23:39:41,315] DEBUG [ulerThread][] o.quartz.core.QuartzSchedulerThread{291} - batch acquisition of 0 triggers
[02-17 23:40:11,002] DEBUG [ulerThread][] o.quartz.core.QuartzSchedulerThread{291} - batch acquisition of 0 triggers
[02-17 23:40:37,222] DEBUG [ulerThread][] o.quartz.core.QuartzSchedulerThread{291} - batch acquisition of 0 triggers
[02-17 23:41:05,152] DEBUG [ulerThread][] o.quartz.core.QuartzSchedulerThread{291} - batch acquisition of 0 triggers
[02-17 23:41:31,116] DEBUG [ulerThread][] o.quartz.core.QuartzSchedulerThread{291} - batch acquisition of 0 triggers
[02-17 23:41:58,541] DEBUG [ulerThread][] o.quartz.core.QuartzSchedulerThread{291} - batch acquisition of 0 triggers
[02-17 23:42:22,032] DEBUG [ulerThread][] o.quartz.core.QuartzSchedulerThread{291} - batch acquisition of 0 triggers
[02-17 23:42:51,533] DEBUG [ulerThread][] o.quartz.core.QuartzSchedulerThread{291} - batch acquisition of 0 triggers
[02-17 23:43:16,443] DEBUG [ulerThread][] o.quartz.core.QuartzSchedulerThread{291} - batch acquisition of 0 triggers
[02-17 23:43:43,854] DEBUG [ulerThread][] o.quartz.core.QuartzSchedulerThread{291} - batch acquisition of 0 triggers
[02-17 23:44:11,776] DEBUG [ulerThread][] o.quartz.core.QuartzSchedulerThread{291} - batch acquisition of 0 triggers
[02-17 23:44:38,249] DEBUG [ulerThread][] o.quartz.core.QuartzSchedulerThread{291} - batch acquisition of 0 triggers
[02-17 23:45:05,845] DEBUG [ulerThread][] o.quartz.core.QuartzSchedulerThread{291} - batch acquisition of 0 triggers
[02-17 23:45:35,064] DEBUG [ulerThread][] o.quartz.core.QuartzSchedulerThread{291} - batch acquisition of 0 triggers
[02-17 23:46:03,802] DEBUG [ulerThread][] o.quartz.core.QuartzSchedulerThread{291} - batch acquisition of 0 triggers
[02-17 23:46:31,130] DEBUG [ulerThread][] o.quartz.core.QuartzSchedulerThread{291} - batch acquisition of 0 triggers
[02-17 23:46:55,304] DEBUG [ulerThread][] o.quartz.core.QuartzSchedulerThread{291} - batch acquisition of 0 triggers
[02-17 23:47:24,644] DEBUG [ulerThread][] o.quartz.core.QuartzSchedulerThread{291} - batch acquisition of 0 triggers
[02-17 23:47:52,515] DEBUG [ulerThread][] o.quartz.core.QuartzSchedulerThread{291} - batch acquisition of 0 triggers
[02-17 23:48:15,740] DEBUG [ulerThread][] o.quartz.core.QuartzSchedulerThread{291} - batch acquisition of 0 triggers
[02-17 23:48:42,182] DEBUG [ulerThread][] o.quartz.core.QuartzSchedulerThread{291} - batch acquisition of 0 triggers
[02-17 23:49:06,818] DEBUG [ulerThread][] o.quartz.core.QuartzSchedulerThread{291} - batch acquisition of 0 triggers
[02-17 23:49:33,309] DEBUG [ulerThread][] o.quartz.core.QuartzSchedulerThread{291} - batch acquisition of 0 triggers
[02-17 23:49:58,971] DEBUG [ulerThread][] o.quartz.core.QuartzSchedulerThread{291} - batch acquisition of 0 triggers
[02-17 23:50:26,154] DEBUG [ulerThread][] o.quartz.core.QuartzSchedulerThread{291} - batch acquisition of 0 triggers
[02-17 23:50:49,563] DEBUG [ulerThread][] o.quartz.core.QuartzSchedulerThread{291} - batch acquisition of 0 triggers
[02-17 23:51:16,389] DEBUG [ulerThread][] o.quartz.core.QuartzSchedulerThread{291} - batch acquisition of 0 triggers
[02-17 23:51:40,936] DEBUG [ulerThread][] o.quartz.core.QuartzSchedulerThread{291} - batch acquisition of 0 triggers
[02-17 23:51:55,791] INFO  [080-exec-6][] c.c.w.i.AccessLogInterceptor{37} - remoteAddr=0:0:0:0:0:0:0:1, uri=/demo/ssss, method=GET, queryString=null, hasException=false, duration=42ms
[02-17 23:51:55,877] INFO  [080-exec-6][] c.c.w.i.AccessLogInterceptor{37} - remoteAddr=0:0:0:0:0:0:0:1, uri=/error, method=GET, queryString=null, hasException=false, duration=81ms
[02-17 23:52:03,748] INFO  [080-exec-9][] c.c.w.i.AccessLogInterceptor{37} - remoteAddr=0:0:0:0:0:0:0:1, uri=/demo/ssss, method=GET, queryString=null, hasException=false, duration=46ms
[02-17 23:52:03,765] INFO  [080-exec-9][] c.c.w.i.AccessLogInterceptor{37} - remoteAddr=0:0:0:0:0:0:0:1, uri=/error, method=GET, queryString=null, hasException=false, duration=13ms
[02-17 23:52:06,210] DEBUG [ulerThread][] o.quartz.core.QuartzSchedulerThread{291} - batch acquisition of 0 triggers
[02-17 23:52:09,767] INFO  [080-exec-1][] c.c.w.i.AccessLogInterceptor{37} - remoteAddr=0:0:0:0:0:0:0:1, uri=/demo/ssss, method=GET, queryString=null, hasException=false, duration=15ms
[02-17 23:52:09,779] INFO  [080-exec-1][] c.c.w.i.AccessLogInterceptor{37} - remoteAddr=0:0:0:0:0:0:0:1, uri=/error, method=GET, queryString=null, hasException=false, duration=8ms
[02-17 23:52:32,501] DEBUG [ulerThread][] o.quartz.core.QuartzSchedulerThread{291} - batch acquisition of 0 triggers
[02-17 23:52:59,211] DEBUG [ulerThread][] o.quartz.core.QuartzSchedulerThread{291} - batch acquisition of 0 triggers
[02-17 23:53:25,731] DEBUG [ulerThread][] o.quartz.core.QuartzSchedulerThread{291} - batch acquisition of 0 triggers
[02-17 23:53:49,186] DEBUG [ulerThread][] o.quartz.core.QuartzSchedulerThread{291} - batch acquisition of 0 triggers
[02-17 23:54:54,119] INFO  [main][] c.c.c.c.CoryContextApplicationContextInitializer{19} - CoryContextApplicationContextInitializer initialize
[02-17 23:54:54,151] INFO  [main][] com.cory.CoryWebDemoApplication{55} - Starting CoryWebDemoApplication using Java 1.8.0_131 on Cory-PC with PID 9592 (E:\WORK\idea_workspace\cory-web-spring-boot-demo-all\target\classes started by Cory in E:\WORK\idea_workspace\cory-web-spring-boot-demo-all)
[02-17 23:54:54,151] DEBUG [main][] com.cory.CoryWebDemoApplication{56} - Running with Spring Boot v2.4.2, Spring v5.3.3
[02-17 23:54:54,151] INFO  [main][] com.cory.CoryWebDemoApplication{660} - No active profile set, falling back to default profiles: default
[02-17 23:54:55,739] INFO  [main][] c.c.db.processor.CoryDbDaoProcessor{35} - cory db register bean definition start
[02-17 23:54:55,753] INFO  [main][] c.c.db.processor.CoryDbDaoProcessor{59} - cory db register bean definition finish, registered 9 DAO
[02-17 23:54:57,659] INFO  [main][] c.o.c.s.m.GenericManageableCaptchaService{42} - Init com.octo.captcha.service.captchastore.FastHashMapCaptchaStore
[02-17 23:54:58,700] INFO  [main][] c.a.d.s.b.a.DruidDataSourceAutoConfigure{56} - Init DruidDataSource
[02-17 23:54:58,955] INFO  [main][] c.alibaba.druid.pool.DruidDataSource{985} - {dataSource-1} inited
[02-17 23:54:59,299] INFO  [main][] c.c.sevice.base.SystemConfigService{65} - 加载系统参数配置...
[02-17 23:54:59,361] INFO  [main][] com.cory.db.jdbc.CoryDbProxy{127} - sql: SELECT * FROM base_system_config WHERE IS_DELETED = 0 ORDER BY ID DESC LIMIT 0, 2147483647, params: null
[02-17 23:54:59,408] INFO  [main][] com.cory.db.jdbc.CoryDbProxy{138} - sql: SELECT COUNT(*) FROM base_system_config WHERE IS_DELETED = 0, params: null
[02-17 23:54:59,471] INFO  [main][] c.c.sevice.base.SystemConfigService{76} - 加载系统参数配置完成(共23条).
[02-17 23:54:59,533] INFO  [main][] c.c.s.base.resource.ResourceScanner{36} - start to scan Controllers ...
[02-17 23:54:59,736] INFO  [main][] com.cory.db.jdbc.CoryDbProxy{127} - sql: SELECT * FROM base_resource WHERE IS_DELETED = 0 AND ( value = ? ), params: ["/ajax/ajax/demo/save*"]
[02-17 23:54:59,736] INFO  [main][] com.cory.db.jdbc.CoryDbProxy{127} - sql: SELECT * FROM base_resource WHERE IS_DELETED = 0 AND ( value = ? ), params: ["/ajax/ajax/demo/post*"]
[02-17 23:54:59,752] INFO  [main][] com.cory.db.jdbc.CoryDbProxy{127} - sql: SELECT * FROM base_resource WHERE IS_DELETED = 0 AND ( value = ? ), params: ["/ajax/ajax/demo/detailData/**"]
[02-17 23:54:59,752] INFO  [main][] com.cory.db.jdbc.CoryDbProxy{127} - sql: SELECT * FROM base_resource WHERE IS_DELETED = 0 AND ( value = ? ), params: ["/ajax/ajax/demo/upload*"]
[02-17 23:54:59,752] INFO  [main][] com.cory.db.jdbc.CoryDbProxy{127} - sql: SELECT * FROM base_resource WHERE IS_DELETED = 0 AND ( value = ? ), params: ["/ajax/ajax/demo/delete/**"]
[02-17 23:54:59,752] INFO  [main][] com.cory.db.jdbc.CoryDbProxy{127} - sql: SELECT * FROM base_resource WHERE IS_DELETED = 0 AND ( value = ? ), params: ["/ajax/ajax/demo/hi*"]
[02-17 23:54:59,752] INFO  [main][] com.cory.db.jdbc.CoryDbProxy{127} - sql: SELECT * FROM base_resource WHERE IS_DELETED = 0 AND ( value = ? ), params: ["/ajax/ajax/demo/listData*"]
[02-17 23:54:59,768] INFO  [main][] com.cory.db.jdbc.CoryDbProxy{127} - sql: SELECT * FROM base_resource WHERE IS_DELETED = 0 AND ( value = ? ), params: ["/ajax/ajax/base/user/changePasswordDirectly*"]
[02-17 23:54:59,768] INFO  [main][] com.cory.db.jdbc.CoryDbProxy{127} - sql: SELECT * FROM base_resource WHERE IS_DELETED = 0 AND ( value = ? ), params: ["/ajax/ajax/base/user/doAssign*"]
[02-17 23:54:59,768] INFO  [main][] com.cory.db.jdbc.CoryDbProxy{127} - sql: SELECT * FROM base_resource WHERE IS_DELETED = 0 AND ( value = ? ), params: ["/ajax/ajax/base/user/listData*"]
[02-17 23:54:59,768] INFO  [main][] com.cory.db.jdbc.CoryDbProxy{127} - sql: SELECT * FROM base_resource WHERE IS_DELETED = 0 AND ( value = ? ), params: ["/ajax/ajax/base/user/detailData/**"]
[02-17 23:54:59,768] INFO  [main][] com.cory.db.jdbc.CoryDbProxy{127} - sql: SELECT * FROM base_resource WHERE IS_DELETED = 0 AND ( value = ? ), params: ["/ajax/ajax/base/user/changePassword*"]
[02-17 23:54:59,783] INFO  [main][] com.cory.db.jdbc.CoryDbProxy{127} - sql: SELECT * FROM base_resource WHERE IS_DELETED = 0 AND ( value = ? ), params: ["/ajax/ajax/base/datadict/save*"]
[02-17 23:54:59,783] INFO  [main][] com.cory.db.jdbc.CoryDbProxy{127} - sql: SELECT * FROM base_resource WHERE IS_DELETED = 0 AND ( value = ? ), params: ["/ajax/ajax/base/datadict/delete/**"]
[02-17 23:54:59,783] INFO  [main][] com.cory.db.jdbc.CoryDbProxy{127} - sql: SELECT * FROM base_resource WHERE IS_DELETED = 0 AND ( value = ? ), params: ["/ajax/ajax/base/datadict/listData*"]
[02-17 23:54:59,783] INFO  [main][] com.cory.db.jdbc.CoryDbProxy{127} - sql: SELECT * FROM base_resource WHERE IS_DELETED = 0 AND ( value = ? ), params: ["/ajax/ajax/base/datadict/updateShowable*"]
[02-17 23:54:59,799] INFO  [main][] com.cory.db.jdbc.CoryDbProxy{127} - sql: SELECT * FROM base_resource WHERE IS_DELETED = 0 AND ( value = ? ), params: ["/ajax/ajax/base/datadict/detailData/**"]
[02-17 23:54:59,799] INFO  [main][] com.cory.db.jdbc.CoryDbProxy{127} - sql: SELECT * FROM base_resource WHERE IS_DELETED = 0 AND ( value = ? ), params: ["/ajax/ajax/base/feedback/listData*"]
[02-17 23:54:59,799] INFO  [main][] com.cory.db.jdbc.CoryDbProxy{127} - sql: SELECT * FROM base_resource WHERE IS_DELETED = 0 AND ( value = ? ), params: ["/ajax/ajax/base/feedback/save*"]
[02-17 23:54:59,799] INFO  [main][] com.cory.db.jdbc.CoryDbProxy{127} - sql: SELECT * FROM base_resource WHERE IS_DELETED = 0 AND ( value = ? ), params: ["/ajax/ajax/base/feedback/delete/**"]
[02-17 23:54:59,799] INFO  [main][] com.cory.db.jdbc.CoryDbProxy{127} - sql: SELECT * FROM base_resource WHERE IS_DELETED = 0 AND ( value = ? ), params: ["/ajax/ajax/base/feedback/detailData/**"]
[02-17 23:54:59,814] INFO  [main][] com.cory.db.jdbc.CoryDbProxy{127} - sql: SELECT * FROM base_resource WHERE IS_DELETED = 0 AND ( value = ? ), params: ["/ajax/ajax/base/resource/listData*"]
[02-17 23:54:59,814] INFO  [main][] com.cory.db.jdbc.CoryDbProxy{127} - sql: SELECT * FROM base_resource WHERE IS_DELETED = 0 AND ( value = ? ), params: ["/ajax/ajax/base/resource/detailData/**"]
[02-17 23:54:59,814] INFO  [main][] com.cory.db.jdbc.CoryDbProxy{127} - sql: SELECT * FROM base_resource WHERE IS_DELETED = 0 AND ( value = ? ), params: ["/ajax/ajax/base/resource/delete/**"]
[02-17 23:54:59,814] INFO  [main][] com.cory.db.jdbc.CoryDbProxy{127} - sql: SELECT * FROM base_resource WHERE IS_DELETED = 0 AND ( value = ? ), params: ["/ajax/ajax/base/resource/save*"]
[02-17 23:54:59,814] INFO  [main][] com.cory.db.jdbc.CoryDbProxy{127} - sql: SELECT * FROM base_resource WHERE IS_DELETED = 0 AND ( value = ? ), params: ["/ajax/ajax/base/systemconfig/detailData/**"]
[02-17 23:54:59,830] INFO  [main][] com.cory.db.jdbc.CoryDbProxy{127} - sql: SELECT * FROM base_resource WHERE IS_DELETED = 0 AND ( value = ? ), params: ["/ajax/ajax/base/systemconfig/delete/**"]
[02-17 23:54:59,830] INFO  [main][] com.cory.db.jdbc.CoryDbProxy{127} - sql: SELECT * FROM base_resource WHERE IS_DELETED = 0 AND ( value = ? ), params: ["/ajax/ajax/base/systemconfig/save*"]
[02-17 23:54:59,830] INFO  [main][] com.cory.db.jdbc.CoryDbProxy{127} - sql: SELECT * FROM base_resource WHERE IS_DELETED = 0 AND ( value = ? ), params: ["/ajax/ajax/base/systemconfig/refreshCache*"]
[02-17 23:54:59,830] INFO  [main][] com.cory.db.jdbc.CoryDbProxy{127} - sql: SELECT * FROM base_resource WHERE IS_DELETED = 0 AND ( value = ? ), params: ["/ajax/ajax/base/systemconfig/listData*"]
[02-17 23:54:59,846] INFO  [main][] com.cory.db.jdbc.CoryDbProxy{127} - sql: SELECT * FROM base_resource WHERE IS_DELETED = 0 AND ( value = ? ), params: ["/currentUser*"]
[02-17 23:54:59,846] INFO  [main][] com.cory.db.jdbc.CoryDbProxy{127} - sql: SELECT * FROM base_resource WHERE IS_DELETED = 0 AND ( value = ? ), params: ["/doRegister*"]
[02-17 23:54:59,846] INFO  [main][] com.cory.db.jdbc.CoryDbProxy{127} - sql: SELECT * FROM base_resource WHERE IS_DELETED = 0 AND ( value = ? ), params: ["/login*"]
[02-17 23:54:59,846] INFO  [main][] com.cory.db.jdbc.CoryDbProxy{127} - sql: SELECT * FROM base_resource WHERE IS_DELETED = 0 AND ( value = ? ), params: ["/register*"]
[02-17 23:54:59,861] INFO  [main][] com.cory.db.jdbc.CoryDbProxy{127} - sql: SELECT * FROM base_resource WHERE IS_DELETED = 0 AND ( value = ? ), params: ["/errorPage*"]
[02-17 23:54:59,861] INFO  [main][] com.cory.db.jdbc.CoryDbProxy{127} - sql: SELECT * FROM base_resource WHERE IS_DELETED = 0 AND ( value = ? ), params: ["/***"]
[02-17 23:54:59,877] INFO  [main][] com.cory.db.jdbc.CoryDbProxy{210} - sql: INSERT INTO base_resource (CREATOR, MODIFY_TIME, IS_DELETED, CREATE_TIME, MODIFIER, DESCRIPTION, TYPE, VALUE) VALUES (?, ?, ?, ?, ?, ?, ?, ?), params: [1,1613577299861,false,1613577299861,1,"/***","URL","/***"]
[02-17 23:54:59,908] INFO  [main][] com.cory.db.jdbc.CoryDbProxy{127} - sql: SELECT * FROM base_resource WHERE IS_DELETED = 0 AND ( value = ? ), params: ["/ajax/ajax/base/role/listData*"]
[02-17 23:54:59,908] INFO  [main][] com.cory.db.jdbc.CoryDbProxy{127} - sql: SELECT * FROM base_resource WHERE IS_DELETED = 0 AND ( value = ? ), params: ["/ajax/ajax/base/role/detailData/**"]
[02-17 23:54:59,908] INFO  [main][] com.cory.db.jdbc.CoryDbProxy{127} - sql: SELECT * FROM base_resource WHERE IS_DELETED = 0 AND ( value = ? ), params: ["/ajax/ajax/base/role/save*"]
[02-17 23:54:59,908] INFO  [main][] com.cory.db.jdbc.CoryDbProxy{127} - sql: SELECT * FROM base_resource WHERE IS_DELETED = 0 AND ( value = ? ), params: ["/ajax/ajax/base/role/doAssign*"]
[02-17 23:54:59,908] INFO  [main][] c.c.s.base.resource.ResourceScanner{56} - scan Controllers finish, url count: 1 ...
[02-17 23:55:01,240] INFO  [main][] org.quartz.impl.StdSchedulerFactory{1220} - Using default implementation for ThreadExecutor
[02-17 23:55:01,255] INFO  [main][] o.quartz.core.SchedulerSignalerImpl{61} - Initialized Scheduler Signaller of type: class org.quartz.core.SchedulerSignalerImpl
[02-17 23:55:01,255] INFO  [main][] org.quartz.core.QuartzScheduler{229} - Quartz Scheduler v.2.3.2 created.
[02-17 23:55:01,255] INFO  [main][] org.quartz.simpl.RAMJobStore{155} - RAMJobStore initialized.
[02-17 23:55:01,255] INFO  [main][] org.quartz.core.QuartzScheduler{294} - Scheduler meta-data: Quartz Scheduler (v2.3.2) 'quartzScheduler' with instanceId 'NON_CLUSTERED'
  Scheduler class: 'org.quartz.core.QuartzScheduler' - running locally.
  NOT STARTED.
  Currently in standby mode.
  Number of jobs executed: 0
  Using thread pool 'org.quartz.simpl.SimpleThreadPool' - with 10 threads.
  Using job-store 'org.quartz.simpl.RAMJobStore' - which does not support persistence. and is not clustered.

[02-17 23:55:01,255] INFO  [main][] org.quartz.impl.StdSchedulerFactory{1374} - Quartz scheduler 'quartzScheduler' initialized from an externally provided properties instance.
[02-17 23:55:01,255] INFO  [main][] org.quartz.impl.StdSchedulerFactory{1378} - Quartz scheduler version: 2.3.2
[02-17 23:55:01,255] INFO  [main][] org.quartz.core.QuartzScheduler{2293} - JobFactory set to: org.springframework.scheduling.quartz.SpringBeanJobFactory@7615666e
[02-17 23:55:01,349] INFO  [main][] org.quartz.core.QuartzScheduler{547} - Scheduler quartzScheduler_$_NON_CLUSTERED started.
[02-17 23:55:01,349] DEBUG [ulerThread][] o.quartz.core.QuartzSchedulerThread{291} - batch acquisition of 0 triggers
[02-17 23:55:01,380] INFO  [main][] com.cory.CoryWebDemoApplication{61} - Started CoryWebDemoApplication in 8.104 seconds (JVM running for 8.931)
[02-17 23:55:25,242] DEBUG [ulerThread][] o.quartz.core.QuartzSchedulerThread{291} - batch acquisition of 0 triggers
[02-17 23:55:36,550] INFO  [080-exec-2][] c.c.w.i.AccessLogInterceptor{37} - remoteAddr=0:0:0:0:0:0:0:1, uri=/demo/ssss, method=GET, queryString=null, hasException=false, duration=1682ms
[02-17 23:55:43,531] INFO  [080-exec-6][] c.c.cache.manager.CoryCacheManager{37} - CacheManager, cacheType=NULL
[02-17 23:55:43,573] INFO  [080-exec-6][] c.c.cache.manager.CoryCacheManager{37} - CacheManager, cacheType=NULL
[02-17 23:55:43,579] INFO  [080-exec-6][] com.cory.db.jdbc.CoryDbProxy{127} - sql: SELECT * FROM base_role WHERE IS_DELETED = 0 AND ( name = ? ), params: ["anon"]
[02-17 23:55:43,597] INFO  [080-exec-6][] c.c.cache.manager.CoryCacheManager{37} - CacheManager, cacheType=NULL
[02-17 23:55:43,598] INFO  [080-exec-6][] c.c.cache.manager.CoryCacheManager{37} - CacheManager, cacheType=NULL
[02-17 23:55:43,600] INFO  [080-exec-6][] com.cory.db.jdbc.CoryDbProxy{127} - sql: SELECT r.* FROM BASE_RESOURCE r WHERE r.IS_DELETED = 0 AND EXISTS(SELECT 1 FROM BASE_ROLE_RESOURCE_REL rel WHERE rel.IS_DELETED = 0 AND r.ID = rel.RESOURCE_ID AND rel.ROLE_ID = ?), params: [2]
[02-17 23:55:43,637] INFO  [080-exec-7][] c.c.w.i.AccessLogInterceptor{37} - remoteAddr=0:0:0:0:0:0:0:1, uri=/login, method=GET, queryString=null, hasException=false, duration=14ms
[02-17 23:55:54,229] DEBUG [ulerThread][] o.quartz.core.QuartzSchedulerThread{291} - batch acquisition of 0 triggers
[02-17 23:56:21,941] DEBUG [ulerThread][] o.quartz.core.QuartzSchedulerThread{291} - batch acquisition of 0 triggers
[02-17 23:56:46,804] DEBUG [ulerThread][] o.quartz.core.QuartzSchedulerThread{291} - batch acquisition of 0 triggers
[02-17 23:57:11,772] DEBUG [ulerThread][] o.quartz.core.QuartzSchedulerThread{291} - batch acquisition of 0 triggers
[02-17 23:57:27,935] INFO  [main][] c.c.c.c.CoryContextApplicationContextInitializer{19} - CoryContextApplicationContextInitializer initialize
[02-17 23:57:27,985] INFO  [main][] com.cory.CoryWebDemoApplication{55} - Starting CoryWebDemoApplication using Java 1.8.0_131 on Cory-PC with PID 14972 (E:\WORK\idea_workspace\cory-web-spring-boot-demo-all\target\classes started by Cory in E:\WORK\idea_workspace\cory-web-spring-boot-demo-all)
[02-17 23:57:27,988] DEBUG [main][] com.cory.CoryWebDemoApplication{56} - Running with Spring Boot v2.4.2, Spring v5.3.3
[02-17 23:57:28,005] INFO  [main][] com.cory.CoryWebDemoApplication{660} - No active profile set, falling back to default profiles: default
[02-17 23:57:29,642] INFO  [main][] c.c.db.processor.CoryDbDaoProcessor{35} - cory db register bean definition start
[02-17 23:57:29,658] INFO  [main][] c.c.db.processor.CoryDbDaoProcessor{59} - cory db register bean definition finish, registered 9 DAO
[02-17 23:57:31,520] INFO  [main][] c.o.c.s.m.GenericManageableCaptchaService{42} - Init com.octo.captcha.service.captchastore.FastHashMapCaptchaStore
[02-17 23:57:32,737] INFO  [main][] c.a.d.s.b.a.DruidDataSourceAutoConfigure{56} - Init DruidDataSource
[02-17 23:57:33,003] INFO  [main][] c.alibaba.druid.pool.DruidDataSource{985} - {dataSource-1} inited
[02-17 23:57:33,315] INFO  [main][] c.c.sevice.base.SystemConfigService{65} - 加载系统参数配置...
[02-17 23:57:33,378] INFO  [main][] com.cory.db.jdbc.CoryDbProxy{127} - sql: SELECT * FROM base_system_config WHERE IS_DELETED = 0 ORDER BY ID DESC LIMIT 0, 2147483647, params: null
[02-17 23:57:33,424] INFO  [main][] com.cory.db.jdbc.CoryDbProxy{138} - sql: SELECT COUNT(*) FROM base_system_config WHERE IS_DELETED = 0, params: null
[02-17 23:57:33,471] INFO  [main][] c.c.sevice.base.SystemConfigService{76} - 加载系统参数配置完成(共23条).
[02-17 23:57:33,534] INFO  [main][] c.c.s.base.resource.ResourceScanner{36} - start to scan Controllers ...
[02-17 23:57:33,753] INFO  [main][] com.cory.db.jdbc.CoryDbProxy{127} - sql: SELECT * FROM base_resource WHERE IS_DELETED = 0 AND ( value = ? ), params: ["/ajax/ajax/demo/save*"]
[02-17 23:57:33,768] INFO  [main][] com.cory.db.jdbc.CoryDbProxy{127} - sql: SELECT * FROM base_resource WHERE IS_DELETED = 0 AND ( value = ? ), params: ["/ajax/ajax/demo/post*"]
[02-17 23:57:33,784] INFO  [main][] com.cory.db.jdbc.CoryDbProxy{127} - sql: SELECT * FROM base_resource WHERE IS_DELETED = 0 AND ( value = ? ), params: ["/ajax/ajax/demo/detailData/**"]
[02-17 23:57:33,784] INFO  [main][] com.cory.db.jdbc.CoryDbProxy{127} - sql: SELECT * FROM base_resource WHERE IS_DELETED = 0 AND ( value = ? ), params: ["/ajax/ajax/demo/upload*"]
[02-17 23:57:33,784] INFO  [main][] com.cory.db.jdbc.CoryDbProxy{127} - sql: SELECT * FROM base_resource WHERE IS_DELETED = 0 AND ( value = ? ), params: ["/ajax/ajax/demo/delete/**"]
[02-17 23:57:33,784] INFO  [main][] com.cory.db.jdbc.CoryDbProxy{127} - sql: SELECT * FROM base_resource WHERE IS_DELETED = 0 AND ( value = ? ), params: ["/ajax/ajax/demo/hi*"]
[02-17 23:57:33,784] INFO  [main][] com.cory.db.jdbc.CoryDbProxy{127} - sql: SELECT * FROM base_resource WHERE IS_DELETED = 0 AND ( value = ? ), params: ["/ajax/ajax/demo/listData*"]
[02-17 23:57:33,799] INFO  [main][] com.cory.db.jdbc.CoryDbProxy{127} - sql: SELECT * FROM base_resource WHERE IS_DELETED = 0 AND ( value = ? ), params: ["/ajax/ajax/base/datadict/save*"]
[02-17 23:57:33,799] INFO  [main][] com.cory.db.jdbc.CoryDbProxy{127} - sql: SELECT * FROM base_resource WHERE IS_DELETED = 0 AND ( value = ? ), params: ["/ajax/ajax/base/datadict/delete/**"]
[02-17 23:57:33,799] INFO  [main][] com.cory.db.jdbc.CoryDbProxy{127} - sql: SELECT * FROM base_resource WHERE IS_DELETED = 0 AND ( value = ? ), params: ["/ajax/ajax/base/datadict/listData*"]
[02-17 23:57:33,799] INFO  [main][] com.cory.db.jdbc.CoryDbProxy{127} - sql: SELECT * FROM base_resource WHERE IS_DELETED = 0 AND ( value = ? ), params: ["/ajax/ajax/base/datadict/updateShowable*"]
[02-17 23:57:33,815] INFO  [main][] com.cory.db.jdbc.CoryDbProxy{127} - sql: SELECT * FROM base_resource WHERE IS_DELETED = 0 AND ( value = ? ), params: ["/ajax/ajax/base/datadict/detailData/**"]
[02-17 23:57:33,831] INFO  [main][] com.cory.db.jdbc.CoryDbProxy{127} - sql: SELECT * FROM base_resource WHERE IS_DELETED = 0 AND ( value = ? ), params: ["/errorPage*"]
[02-17 23:57:33,836] INFO  [main][] com.cory.db.jdbc.CoryDbProxy{127} - sql: SELECT * FROM base_resource WHERE IS_DELETED = 0 AND ( value = ? ), params: ["/"]
[02-17 23:57:33,840] INFO  [main][] com.cory.db.jdbc.CoryDbProxy{127} - sql: SELECT * FROM base_resource WHERE IS_DELETED = 0 AND ( value = ? ), params: ["/***"]
[02-17 23:57:33,851] INFO  [main][] com.cory.db.jdbc.CoryDbProxy{127} - sql: SELECT * FROM base_resource WHERE IS_DELETED = 0 AND ( value = ? ), params: ["/currentUser*"]
[02-17 23:57:33,855] INFO  [main][] com.cory.db.jdbc.CoryDbProxy{127} - sql: SELECT * FROM base_resource WHERE IS_DELETED = 0 AND ( value = ? ), params: ["/doRegister*"]
[02-17 23:57:33,858] INFO  [main][] com.cory.db.jdbc.CoryDbProxy{127} - sql: SELECT * FROM base_resource WHERE IS_DELETED = 0 AND ( value = ? ), params: ["/login*"]
[02-17 23:57:33,861] INFO  [main][] com.cory.db.jdbc.CoryDbProxy{127} - sql: SELECT * FROM base_resource WHERE IS_DELETED = 0 AND ( value = ? ), params: ["/register*"]
[02-17 23:57:33,867] INFO  [main][] com.cory.db.jdbc.CoryDbProxy{127} - sql: SELECT * FROM base_resource WHERE IS_DELETED = 0 AND ( value = ? ), params: ["/ajax/ajax/base/role/listData*"]
[02-17 23:57:33,871] INFO  [main][] com.cory.db.jdbc.CoryDbProxy{127} - sql: SELECT * FROM base_resource WHERE IS_DELETED = 0 AND ( value = ? ), params: ["/ajax/ajax/base/role/detailData/**"]
[02-17 23:57:33,874] INFO  [main][] com.cory.db.jdbc.CoryDbProxy{127} - sql: SELECT * FROM base_resource WHERE IS_DELETED = 0 AND ( value = ? ), params: ["/ajax/ajax/base/role/save*"]
[02-17 23:57:33,878] INFO  [main][] com.cory.db.jdbc.CoryDbProxy{127} - sql: SELECT * FROM base_resource WHERE IS_DELETED = 0 AND ( value = ? ), params: ["/ajax/ajax/base/role/doAssign*"]
[02-17 23:57:33,883] INFO  [main][] com.cory.db.jdbc.CoryDbProxy{127} - sql: SELECT * FROM base_resource WHERE IS_DELETED = 0 AND ( value = ? ), params: ["/ajax/ajax/base/systemconfig/detailData/**"]
[02-17 23:57:33,887] INFO  [main][] com.cory.db.jdbc.CoryDbProxy{127} - sql: SELECT * FROM base_resource WHERE IS_DELETED = 0 AND ( value = ? ), params: ["/ajax/ajax/base/systemconfig/delete/**"]
[02-17 23:57:33,890] INFO  [main][] com.cory.db.jdbc.CoryDbProxy{127} - sql: SELECT * FROM base_resource WHERE IS_DELETED = 0 AND ( value = ? ), params: ["/ajax/ajax/base/systemconfig/save*"]
[02-17 23:57:33,893] INFO  [main][] com.cory.db.jdbc.CoryDbProxy{127} - sql: SELECT * FROM base_resource WHERE IS_DELETED = 0 AND ( value = ? ), params: ["/ajax/ajax/base/systemconfig/refreshCache*"]
[02-17 23:57:33,897] INFO  [main][] com.cory.db.jdbc.CoryDbProxy{127} - sql: SELECT * FROM base_resource WHERE IS_DELETED = 0 AND ( value = ? ), params: ["/ajax/ajax/base/systemconfig/listData*"]
[02-17 23:57:33,902] INFO  [main][] com.cory.db.jdbc.CoryDbProxy{127} - sql: SELECT * FROM base_resource WHERE IS_DELETED = 0 AND ( value = ? ), params: ["/ajax/ajax/base/user/changePasswordDirectly*"]
[02-17 23:57:33,906] INFO  [main][] com.cory.db.jdbc.CoryDbProxy{127} - sql: SELECT * FROM base_resource WHERE IS_DELETED = 0 AND ( value = ? ), params: ["/ajax/ajax/base/user/doAssign*"]
[02-17 23:57:33,909] INFO  [main][] com.cory.db.jdbc.CoryDbProxy{127} - sql: SELECT * FROM base_resource WHERE IS_DELETED = 0 AND ( value = ? ), params: ["/ajax/ajax/base/user/listData*"]
[02-17 23:57:33,913] INFO  [main][] com.cory.db.jdbc.CoryDbProxy{127} - sql: SELECT * FROM base_resource WHERE IS_DELETED = 0 AND ( value = ? ), params: ["/ajax/ajax/base/user/detailData/**"]
[02-17 23:57:33,916] INFO  [main][] com.cory.db.jdbc.CoryDbProxy{127} - sql: SELECT * FROM base_resource WHERE IS_DELETED = 0 AND ( value = ? ), params: ["/ajax/ajax/base/user/changePassword*"]
[02-17 23:57:33,920] INFO  [main][] com.cory.db.jdbc.CoryDbProxy{127} - sql: SELECT * FROM base_resource WHERE IS_DELETED = 0 AND ( value = ? ), params: ["/ajax/ajax/base/feedback/listData*"]
[02-17 23:57:33,923] INFO  [main][] com.cory.db.jdbc.CoryDbProxy{127} - sql: SELECT * FROM base_resource WHERE IS_DELETED = 0 AND ( value = ? ), params: ["/ajax/ajax/base/feedback/save*"]
[02-17 23:57:33,925] INFO  [main][] com.cory.db.jdbc.CoryDbProxy{127} - sql: SELECT * FROM base_resource WHERE IS_DELETED = 0 AND ( value = ? ), params: ["/ajax/ajax/base/feedback/delete/**"]
[02-17 23:57:33,928] INFO  [main][] com.cory.db.jdbc.CoryDbProxy{127} - sql: SELECT * FROM base_resource WHERE IS_DELETED = 0 AND ( value = ? ), params: ["/ajax/ajax/base/feedback/detailData/**"]
[02-17 23:57:33,930] INFO  [main][] com.cory.db.jdbc.CoryDbProxy{127} - sql: SELECT * FROM base_resource WHERE IS_DELETED = 0 AND ( value = ? ), params: ["/ajax/ajax/base/resource/listData*"]
[02-17 23:57:33,933] INFO  [main][] com.cory.db.jdbc.CoryDbProxy{127} - sql: SELECT * FROM base_resource WHERE IS_DELETED = 0 AND ( value = ? ), params: ["/ajax/ajax/base/resource/detailData/**"]
[02-17 23:57:33,935] INFO  [main][] com.cory.db.jdbc.CoryDbProxy{127} - sql: SELECT * FROM base_resource WHERE IS_DELETED = 0 AND ( value = ? ), params: ["/ajax/ajax/base/resource/delete/**"]
[02-17 23:57:33,937] INFO  [main][] com.cory.db.jdbc.CoryDbProxy{127} - sql: SELECT * FROM base_resource WHERE IS_DELETED = 0 AND ( value = ? ), params: ["/ajax/ajax/base/resource/save*"]
[02-17 23:57:33,939] INFO  [main][] c.c.s.base.resource.ResourceScanner{56} - scan Controllers finish, url count: 0 ...
[02-17 23:57:35,345] INFO  [main][] org.quartz.impl.StdSchedulerFactory{1220} - Using default implementation for ThreadExecutor
[02-17 23:57:35,376] INFO  [main][] o.quartz.core.SchedulerSignalerImpl{61} - Initialized Scheduler Signaller of type: class org.quartz.core.SchedulerSignalerImpl
[02-17 23:57:35,376] INFO  [main][] org.quartz.core.QuartzScheduler{229} - Quartz Scheduler v.2.3.2 created.
[02-17 23:57:35,376] INFO  [main][] org.quartz.simpl.RAMJobStore{155} - RAMJobStore initialized.
[02-17 23:57:35,392] INFO  [main][] org.quartz.core.QuartzScheduler{294} - Scheduler meta-data: Quartz Scheduler (v2.3.2) 'quartzScheduler' with instanceId 'NON_CLUSTERED'
  Scheduler class: 'org.quartz.core.QuartzScheduler' - running locally.
  NOT STARTED.
  Currently in standby mode.
  Number of jobs executed: 0
  Using thread pool 'org.quartz.simpl.SimpleThreadPool' - with 10 threads.
  Using job-store 'org.quartz.simpl.RAMJobStore' - which does not support persistence. and is not clustered.

[02-17 23:57:35,392] INFO  [main][] org.quartz.impl.StdSchedulerFactory{1374} - Quartz scheduler 'quartzScheduler' initialized from an externally provided properties instance.
[02-17 23:57:35,392] INFO  [main][] org.quartz.impl.StdSchedulerFactory{1378} - Quartz scheduler version: 2.3.2
[02-17 23:57:35,392] INFO  [main][] org.quartz.core.QuartzScheduler{2293} - JobFactory set to: org.springframework.scheduling.quartz.SpringBeanJobFactory@58679ff
[02-17 23:57:35,767] INFO  [main][] org.quartz.core.QuartzScheduler{547} - Scheduler quartzScheduler_$_NON_CLUSTERED started.
[02-17 23:57:35,767] DEBUG [ulerThread][] o.quartz.core.QuartzSchedulerThread{291} - batch acquisition of 0 triggers
[02-17 23:57:35,798] INFO  [main][] com.cory.CoryWebDemoApplication{61} - Started CoryWebDemoApplication in 8.618 seconds (JVM running for 9.349)
[02-17 23:57:49,119] INFO  [080-exec-2][] c.c.w.i.AccessLogInterceptor{37} - remoteAddr=0:0:0:0:0:0:0:1, uri=/login, method=GET, queryString=null, hasException=false, duration=135ms
[02-17 23:57:52,947] INFO  [080-exec-3][] c.c.cache.manager.CoryCacheManager{37} - CacheManager, cacheType=NULL
[02-17 23:57:52,970] INFO  [080-exec-3][] c.c.cache.manager.CoryCacheManager{37} - CacheManager, cacheType=NULL
[02-17 23:57:52,975] INFO  [080-exec-3][] com.cory.db.jdbc.CoryDbProxy{127} - sql: SELECT * FROM base_role WHERE IS_DELETED = 0 AND ( name = ? ), params: ["anon"]
[02-17 23:57:52,983] INFO  [080-exec-3][] c.c.cache.manager.CoryCacheManager{37} - CacheManager, cacheType=NULL
[02-17 23:57:52,985] INFO  [080-exec-3][] c.c.cache.manager.CoryCacheManager{37} - CacheManager, cacheType=NULL
[02-17 23:57:52,986] INFO  [080-exec-3][] com.cory.db.jdbc.CoryDbProxy{127} - sql: SELECT r.* FROM BASE_RESOURCE r WHERE r.IS_DELETED = 0 AND EXISTS(SELECT 1 FROM BASE_ROLE_RESOURCE_REL rel WHERE rel.IS_DELETED = 0 AND r.ID = rel.RESOURCE_ID AND rel.ROLE_ID = ?), params: [2]
[02-17 23:57:53,025] INFO  [080-exec-5][] c.c.w.i.AccessLogInterceptor{37} - remoteAddr=0:0:0:0:0:0:0:1, uri=/login, method=GET, queryString=null, hasException=false, duration=12ms
[02-17 23:57:55,410] INFO  [080-exec-6][] c.c.cache.manager.CoryCacheManager{37} - CacheManager, cacheType=NULL
[02-17 23:57:55,412] INFO  [080-exec-6][] c.c.cache.manager.CoryCacheManager{37} - CacheManager, cacheType=NULL
[02-17 23:57:55,413] INFO  [080-exec-6][] com.cory.db.jdbc.CoryDbProxy{127} - sql: SELECT * FROM base_role WHERE IS_DELETED = 0 AND ( name = ? ), params: ["anon"]
[02-17 23:57:55,417] INFO  [080-exec-6][] c.c.cache.manager.CoryCacheManager{37} - CacheManager, cacheType=NULL
[02-17 23:57:55,418] INFO  [080-exec-6][] c.c.cache.manager.CoryCacheManager{37} - CacheManager, cacheType=NULL
[02-17 23:57:55,420] INFO  [080-exec-6][] com.cory.db.jdbc.CoryDbProxy{127} - sql: SELECT r.* FROM BASE_RESOURCE r WHERE r.IS_DELETED = 0 AND EXISTS(SELECT 1 FROM BASE_ROLE_RESOURCE_REL rel WHERE rel.IS_DELETED = 0 AND r.ID = rel.RESOURCE_ID AND rel.ROLE_ID = ?), params: [2]
[02-17 23:57:55,454] INFO  [080-exec-8][] c.c.w.i.AccessLogInterceptor{37} - remoteAddr=0:0:0:0:0:0:0:1, uri=/login, method=GET, queryString=null, hasException=false, duration=11ms
[02-17 23:58:00,517] INFO  [080-exec-7][] c.c.w.i.AccessLogInterceptor{37} - remoteAddr=0:0:0:0:0:0:0:1, uri=/loginssss, method=GET, queryString=null, hasException=false, duration=1927ms
[02-17 23:58:03,600] DEBUG [ulerThread][] o.quartz.core.QuartzSchedulerThread{291} - batch acquisition of 0 triggers
[02-17 23:58:32,658] DEBUG [ulerThread][] o.quartz.core.QuartzSchedulerThread{291} - batch acquisition of 0 triggers
[02-17 23:58:57,611] DEBUG [ulerThread][] o.quartz.core.QuartzSchedulerThread{291} - batch acquisition of 0 triggers
[02-17 23:59:24,483] DEBUG [ulerThread][] o.quartz.core.QuartzSchedulerThread{291} - batch acquisition of 0 triggers
[02-17 23:59:34,461] INFO  [main][] c.c.c.c.CoryContextApplicationContextInitializer{19} - CoryContextApplicationContextInitializer initialize
[02-17 23:59:34,481] INFO  [main][] com.cory.CoryWebDemoApplication{55} - Starting CoryWebDemoApplication using Java 1.8.0_131 on Cory-PC with PID 2524 (E:\WORK\idea_workspace\cory-web-spring-boot-demo-all\target\classes started by Cory in E:\WORK\idea_workspace\cory-web-spring-boot-demo-all)
[02-17 23:59:34,481] DEBUG [main][] com.cory.CoryWebDemoApplication{56} - Running with Spring Boot v2.4.2, Spring v5.3.3
[02-17 23:59:34,482] INFO  [main][] com.cory.CoryWebDemoApplication{660} - No active profile set, falling back to default profiles: default
[02-17 23:59:36,143] INFO  [main][] c.c.db.processor.CoryDbDaoProcessor{35} - cory db register bean definition start
[02-17 23:59:36,159] INFO  [main][] c.c.db.processor.CoryDbDaoProcessor{59} - cory db register bean definition finish, registered 9 DAO
[02-17 23:59:38,048] INFO  [main][] c.o.c.s.m.GenericManageableCaptchaService{42} - Init com.octo.captcha.service.captchastore.FastHashMapCaptchaStore
[02-17 23:59:39,064] INFO  [main][] c.a.d.s.b.a.DruidDataSourceAutoConfigure{56} - Init DruidDataSource
[02-17 23:59:39,298] INFO  [main][] c.alibaba.druid.pool.DruidDataSource{985} - {dataSource-1} inited
[02-17 23:59:39,689] INFO  [main][] c.c.sevice.base.SystemConfigService{65} - 加载系统参数配置...
[02-17 23:59:39,767] INFO  [main][] com.cory.db.jdbc.CoryDbProxy{127} - sql: SELECT * FROM base_system_config WHERE IS_DELETED = 0 ORDER BY ID DESC LIMIT 0, 2147483647, params: null
[02-17 23:59:39,814] INFO  [main][] com.cory.db.jdbc.CoryDbProxy{138} - sql: SELECT COUNT(*) FROM base_system_config WHERE IS_DELETED = 0, params: null
[02-17 23:59:39,876] INFO  [main][] c.c.sevice.base.SystemConfigService{76} - 加载系统参数配置完成(共23条).
[02-17 23:59:39,947] INFO  [main][] c.c.s.base.resource.ResourceScanner{36} - start to scan Controllers ...
[02-17 23:59:40,124] INFO  [main][] com.cory.db.jdbc.CoryDbProxy{127} - sql: SELECT * FROM base_resource WHERE IS_DELETED = 0 AND ( value = ? ), params: ["/ajax/ajax/base/resource/listData*"]
[02-17 23:59:40,133] INFO  [main][] com.cory.db.jdbc.CoryDbProxy{127} - sql: SELECT * FROM base_resource WHERE IS_DELETED = 0 AND ( value = ? ), params: ["/ajax/ajax/base/resource/detailData/**"]
[02-17 23:59:40,136] INFO  [main][] com.cory.db.jdbc.CoryDbProxy{127} - sql: SELECT * FROM base_resource WHERE IS_DELETED = 0 AND ( value = ? ), params: ["/ajax/ajax/base/resource/delete/**"]
[02-17 23:59:40,138] INFO  [main][] com.cory.db.jdbc.CoryDbProxy{127} - sql: SELECT * FROM base_resource WHERE IS_DELETED = 0 AND ( value = ? ), params: ["/ajax/ajax/base/resource/save*"]
[02-17 23:59:40,142] INFO  [main][] com.cory.db.jdbc.CoryDbProxy{127} - sql: SELECT * FROM base_resource WHERE IS_DELETED = 0 AND ( value = ? ), params: ["/ajax/ajax/base/systemconfig/detailData/**"]
[02-17 23:59:40,145] INFO  [main][] com.cory.db.jdbc.CoryDbProxy{127} - sql: SELECT * FROM base_resource WHERE IS_DELETED = 0 AND ( value = ? ), params: ["/ajax/ajax/base/systemconfig/delete/**"]
[02-17 23:59:40,148] INFO  [main][] com.cory.db.jdbc.CoryDbProxy{127} - sql: SELECT * FROM base_resource WHERE IS_DELETED = 0 AND ( value = ? ), params: ["/ajax/ajax/base/systemconfig/save*"]
[02-17 23:59:40,151] INFO  [main][] com.cory.db.jdbc.CoryDbProxy{127} - sql: SELECT * FROM base_resource WHERE IS_DELETED = 0 AND ( value = ? ), params: ["/ajax/ajax/base/systemconfig/refreshCache*"]
[02-17 23:59:40,153] INFO  [main][] com.cory.db.jdbc.CoryDbProxy{127} - sql: SELECT * FROM base_resource WHERE IS_DELETED = 0 AND ( value = ? ), params: ["/ajax/ajax/base/systemconfig/listData*"]
[02-17 23:59:40,160] INFO  [main][] com.cory.db.jdbc.CoryDbProxy{127} - sql: SELECT * FROM base_resource WHERE IS_DELETED = 0 AND ( value = ? ), params: ["/errorPage*"]
[02-17 23:59:40,165] INFO  [main][] com.cory.db.jdbc.CoryDbProxy{127} - sql: SELECT * FROM base_resource WHERE IS_DELETED = 0 AND ( value = ? ), params: ["/"]
[02-17 23:59:40,169] INFO  [main][] com.cory.db.jdbc.CoryDbProxy{127} - sql: SELECT * FROM base_resource WHERE IS_DELETED = 0 AND ( value = ? ), params: ["/***"]
[02-17 23:59:40,175] INFO  [main][] com.cory.db.jdbc.CoryDbProxy{127} - sql: SELECT * FROM base_resource WHERE IS_DELETED = 0 AND ( value = ? ), params: ["/ajax/ajax/demo/save*"]
[02-17 23:59:40,179] INFO  [main][] com.cory.db.jdbc.CoryDbProxy{127} - sql: SELECT * FROM base_resource WHERE IS_DELETED = 0 AND ( value = ? ), params: ["/ajax/ajax/demo/post*"]
[02-17 23:59:40,184] INFO  [main][] com.cory.db.jdbc.CoryDbProxy{127} - sql: SELECT * FROM base_resource WHERE IS_DELETED = 0 AND ( value = ? ), params: ["/ajax/ajax/demo/detailData/**"]
[02-17 23:59:40,188] INFO  [main][] com.cory.db.jdbc.CoryDbProxy{127} - sql: SELECT * FROM base_resource WHERE IS_DELETED = 0 AND ( value = ? ), params: ["/ajax/ajax/demo/upload*"]
[02-17 23:59:40,192] INFO  [main][] com.cory.db.jdbc.CoryDbProxy{127} - sql: SELECT * FROM base_resource WHERE IS_DELETED = 0 AND ( value = ? ), params: ["/ajax/ajax/demo/delete/**"]
[02-17 23:59:40,195] INFO  [main][] com.cory.db.jdbc.CoryDbProxy{127} - sql: SELECT * FROM base_resource WHERE IS_DELETED = 0 AND ( value = ? ), params: ["/ajax/ajax/demo/hi*"]
[02-17 23:59:40,199] INFO  [main][] com.cory.db.jdbc.CoryDbProxy{127} - sql: SELECT * FROM base_resource WHERE IS_DELETED = 0 AND ( value = ? ), params: ["/ajax/ajax/demo/listData*"]
[02-17 23:59:40,202] INFO  [main][] com.cory.db.jdbc.CoryDbProxy{127} - sql: SELECT * FROM base_resource WHERE IS_DELETED = 0 AND ( value = ? ), params: ["/ajax/ajax/base/datadict/save*"]
[02-17 23:59:40,204] INFO  [main][] com.cory.db.jdbc.CoryDbProxy{127} - sql: SELECT * FROM base_resource WHERE IS_DELETED = 0 AND ( value = ? ), params: ["/ajax/ajax/base/datadict/delete/**"]
[02-17 23:59:40,207] INFO  [main][] com.cory.db.jdbc.CoryDbProxy{127} - sql: SELECT * FROM base_resource WHERE IS_DELETED = 0 AND ( value = ? ), params: ["/ajax/ajax/base/datadict/listData*"]
[02-17 23:59:40,209] INFO  [main][] com.cory.db.jdbc.CoryDbProxy{127} - sql: SELECT * FROM base_resource WHERE IS_DELETED = 0 AND ( value = ? ), params: ["/ajax/ajax/base/datadict/updateShowable*"]
[02-17 23:59:40,211] INFO  [main][] com.cory.db.jdbc.CoryDbProxy{127} - sql: SELECT * FROM base_resource WHERE IS_DELETED = 0 AND ( value = ? ), params: ["/ajax/ajax/base/datadict/detailData/**"]
[02-17 23:59:40,216] INFO  [main][] com.cory.db.jdbc.CoryDbProxy{127} - sql: SELECT * FROM base_resource WHERE IS_DELETED = 0 AND ( value = ? ), params: ["/ajax/ajax/base/role/listData*"]
[02-17 23:59:40,219] INFO  [main][] com.cory.db.jdbc.CoryDbProxy{127} - sql: SELECT * FROM base_resource WHERE IS_DELETED = 0 AND ( value = ? ), params: ["/ajax/ajax/base/role/detailData/**"]
[02-17 23:59:40,221] INFO  [main][] com.cory.db.jdbc.CoryDbProxy{127} - sql: SELECT * FROM base_resource WHERE IS_DELETED = 0 AND ( value = ? ), params: ["/ajax/ajax/base/role/save*"]
[02-17 23:59:40,223] INFO  [main][] com.cory.db.jdbc.CoryDbProxy{127} - sql: SELECT * FROM base_resource WHERE IS_DELETED = 0 AND ( value = ? ), params: ["/ajax/ajax/base/role/doAssign*"]
[02-17 23:59:40,229] INFO  [main][] com.cory.db.jdbc.CoryDbProxy{127} - sql: SELECT * FROM base_resource WHERE IS_DELETED = 0 AND ( value = ? ), params: ["/currentUser*"]
[02-17 23:59:40,233] INFO  [main][] com.cory.db.jdbc.CoryDbProxy{127} - sql: SELECT * FROM base_resource WHERE IS_DELETED = 0 AND ( value = ? ), params: ["/doRegister*"]
[02-17 23:59:40,235] INFO  [main][] com.cory.db.jdbc.CoryDbProxy{127} - sql: SELECT * FROM base_resource WHERE IS_DELETED = 0 AND ( value = ? ), params: ["/login*"]
[02-17 23:59:40,238] INFO  [main][] com.cory.db.jdbc.CoryDbProxy{127} - sql: SELECT * FROM base_resource WHERE IS_DELETED = 0 AND ( value = ? ), params: ["/register*"]
[02-17 23:59:40,244] INFO  [main][] com.cory.db.jdbc.CoryDbProxy{127} - sql: SELECT * FROM base_resource WHERE IS_DELETED = 0 AND ( value = ? ), params: ["/ajax/ajax/base/user/changePasswordDirectly*"]
[02-17 23:59:40,249] INFO  [main][] com.cory.db.jdbc.CoryDbProxy{127} - sql: SELECT * FROM base_resource WHERE IS_DELETED = 0 AND ( value = ? ), params: ["/ajax/ajax/base/user/doAssign*"]
[02-17 23:59:40,254] INFO  [main][] com.cory.db.jdbc.CoryDbProxy{127} - sql: SELECT * FROM base_resource WHERE IS_DELETED = 0 AND ( value = ? ), params: ["/ajax/ajax/base/user/listData*"]
[02-17 23:59:40,257] INFO  [main][] com.cory.db.jdbc.CoryDbProxy{127} - sql: SELECT * FROM base_resource WHERE IS_DELETED = 0 AND ( value = ? ), params: ["/ajax/ajax/base/user/detailData/**"]
[02-17 23:59:40,261] INFO  [main][] com.cory.db.jdbc.CoryDbProxy{127} - sql: SELECT * FROM base_resource WHERE IS_DELETED = 0 AND ( value = ? ), params: ["/ajax/ajax/base/user/changePassword*"]
[02-17 23:59:40,267] INFO  [main][] com.cory.db.jdbc.CoryDbProxy{127} - sql: SELECT * FROM base_resource WHERE IS_DELETED = 0 AND ( value = ? ), params: ["/ajax/ajax/base/feedback/listData*"]
[02-17 23:59:40,270] INFO  [main][] com.cory.db.jdbc.CoryDbProxy{127} - sql: SELECT * FROM base_resource WHERE IS_DELETED = 0 AND ( value = ? ), params: ["/ajax/ajax/base/feedback/save*"]
[02-17 23:59:40,273] INFO  [main][] com.cory.db.jdbc.CoryDbProxy{127} - sql: SELECT * FROM base_resource WHERE IS_DELETED = 0 AND ( value = ? ), params: ["/ajax/ajax/base/feedback/delete/**"]
[02-17 23:59:40,276] INFO  [main][] com.cory.db.jdbc.CoryDbProxy{127} - sql: SELECT * FROM base_resource WHERE IS_DELETED = 0 AND ( value = ? ), params: ["/ajax/ajax/base/feedback/detailData/**"]
[02-17 23:59:40,279] INFO  [main][] c.c.s.base.resource.ResourceScanner{56} - scan Controllers finish, url count: 0 ...
[02-17 23:59:41,689] INFO  [main][] org.quartz.impl.StdSchedulerFactory{1220} - Using default implementation for ThreadExecutor
[02-17 23:59:41,705] INFO  [main][] o.quartz.core.SchedulerSignalerImpl{61} - Initialized Scheduler Signaller of type: class org.quartz.core.SchedulerSignalerImpl
[02-17 23:59:41,705] INFO  [main][] org.quartz.core.QuartzScheduler{229} - Quartz Scheduler v.2.3.2 created.
[02-17 23:59:41,705] INFO  [main][] org.quartz.simpl.RAMJobStore{155} - RAMJobStore initialized.
[02-17 23:59:41,705] INFO  [main][] org.quartz.core.QuartzScheduler{294} - Scheduler meta-data: Quartz Scheduler (v2.3.2) 'quartzScheduler' with instanceId 'NON_CLUSTERED'
  Scheduler class: 'org.quartz.core.QuartzScheduler' - running locally.
  NOT STARTED.
  Currently in standby mode.
  Number of jobs executed: 0
  Using thread pool 'org.quartz.simpl.SimpleThreadPool' - with 10 threads.
  Using job-store 'org.quartz.simpl.RAMJobStore' - which does not support persistence. and is not clustered.

[02-17 23:59:41,705] INFO  [main][] org.quartz.impl.StdSchedulerFactory{1374} - Quartz scheduler 'quartzScheduler' initialized from an externally provided properties instance.
[02-17 23:59:41,705] INFO  [main][] org.quartz.impl.StdSchedulerFactory{1378} - Quartz scheduler version: 2.3.2
[02-17 23:59:41,705] INFO  [main][] org.quartz.core.QuartzScheduler{2293} - JobFactory set to: org.springframework.scheduling.quartz.SpringBeanJobFactory@187df588
[02-17 23:59:41,798] INFO  [main][] org.quartz.core.QuartzScheduler{547} - Scheduler quartzScheduler_$_NON_CLUSTERED started.
[02-17 23:59:41,798] DEBUG [ulerThread][] o.quartz.core.QuartzSchedulerThread{291} - batch acquisition of 0 triggers
[02-17 23:59:41,845] INFO  [main][] com.cory.CoryWebDemoApplication{61} - Started CoryWebDemoApplication in 7.987 seconds (JVM running for 8.641)
[02-17 23:59:58,160] INFO  [080-exec-1][] c.c.w.i.AccessLogInterceptor{37} - remoteAddr=0:0:0:0:0:0:0:1, uri=/loginssss, method=GET, queryString=null, hasException=false, duration=2696ms
