[02-26 21:55:17,938] INFO  [main][] c.c.c.c.CoryContextApplicationContextInitializer{19} - CoryContextApplicationContextInitializer initialize
[02-26 21:55:17,978] INFO  [main][] com.cory.CoryWebDemoApplication{55} - Starting CoryWebDemoApplication using Java 1.8.0_131 on Cory-PC with PID 11596 (E:\WORK\idea_workspace\cory-web-spring-boot-demo-all\target\classes started by Cory in E:\WORK\idea_workspace\cory-web-spring-boot-demo-all)
[02-26 21:55:17,979] DEBUG [main][] com.cory.CoryWebDemoApplication{56} - Running with Spring Boot v2.4.2, Spring v5.3.3
[02-26 21:55:17,980] INFO  [main][] com.cory.CoryWebDemoApplication{660} - No active profile set, falling back to default profiles: default
[02-26 21:55:22,102] INFO  [main][] c.c.db.processor.CoryDbDaoProcessor{35} - cory db register bean definition start
[02-26 21:55:22,165] INFO  [main][] c.c.db.processor.CoryDbDaoProcessor{59} - cory db register bean definition finish, registered 9 DAO
[02-26 21:55:25,718] INFO  [main][] c.o.c.s.m.GenericManageableCaptchaService{42} - Init com.octo.captcha.service.captchastore.FastHashMapCaptchaStore
[02-26 21:55:28,417] DEBUG [main][] org.reflections.Reflections{198} - going to scan these urls: [jar:file:/E:/MavenRepository/com/cory/cory-scheduler-spring-boot-starter/0.0.1-SNAPSHOT/cory-scheduler-spring-boot-starter-0.0.1-SNAPSHOT.jar!/, jar:file:/E:/MavenRepository/com/cory/cory-swagger-spring-boot-starter/0.0.1-SNAPSHOT/cory-swagger-spring-boot-starter-0.0.1-SNAPSHOT.jar!/, jar:file:/E:/MavenRepository/com/cory/cory-web-base/0.0.1-SNAPSHOT/cory-web-base-0.0.1-SNAPSHOT.jar!/, jar:file:/E:/MavenRepository/com/cory/cory-db-spring-boot-starter/0.0.1-SNAPSHOT/cory-db-spring-boot-starter-0.0.1-SNAPSHOT.jar!/, jar:file:/E:/MavenRepository/com/cory/cory-web-spring-boot-starter/0.0.1-SNAPSHOT/cory-web-spring-boot-starter-0.0.1-SNAPSHOT.jar!/, jar:file:/E:/MavenRepository/com/cory/cory-context-spring-boot-starter/0.0.1-SNAPSHOT/cory-context-spring-boot-starter-0.0.1-SNAPSHOT.jar!/, jar:file:/E:/MavenRepository/com/cory/cory-cache-spring-boot-starter/0.0.1-SNAPSHOT/cory-cache-spring-boot-starter-0.0.1-SNAPSHOT.jar!/, file:/E:/WORK/idea_workspace/cory-web-spring-boot-demo-all/target/classes/]
[02-26 21:55:28,926] INFO  [main][] org.reflections.Reflections{239} - Reflections took 506 ms to scan 8 urls, producing 86 keys and 206 values 
[02-26 21:55:28,929] DEBUG [main][] org.reflections.Reflections{392} - expanded subtype org.quartz.Job -> org.springframework.scheduling.quartz.QuartzJobBean
[02-26 21:55:28,929] DEBUG [main][] org.reflections.Reflections{392} - expanded subtype java.lang.Comparable -> java.lang.Enum
[02-26 21:55:28,930] DEBUG [main][] org.reflections.Reflections{392} - expanded subtype java.io.Serializable -> java.lang.Enum
[02-26 21:55:28,930] DEBUG [main][] org.reflections.Reflections{392} - expanded subtype java.util.EventListener -> javax.servlet.ServletContextListener
[02-26 21:55:28,932] DEBUG [main][] org.reflections.Reflections{392} - expanded subtype org.apache.shiro.env.DefaultEnvironment -> org.apache.shiro.web.env.DefaultWebEnvironment
[02-26 21:55:28,932] DEBUG [main][] org.reflections.Reflections{392} - expanded subtype org.apache.shiro.env.NamedObjectEnvironment -> org.apache.shiro.env.DefaultEnvironment
[02-26 21:55:28,932] DEBUG [main][] org.reflections.Reflections{392} - expanded subtype org.apache.shiro.env.Environment -> org.apache.shiro.env.NamedObjectEnvironment
[02-26 21:55:28,932] DEBUG [main][] org.reflections.Reflections{392} - expanded subtype org.apache.shiro.util.Destroyable -> org.apache.shiro.env.DefaultEnvironment
[02-26 21:55:28,932] DEBUG [main][] org.reflections.Reflections{392} - expanded subtype org.apache.shiro.web.env.MutableWebEnvironment -> org.apache.shiro.web.env.DefaultWebEnvironment
[02-26 21:55:28,932] DEBUG [main][] org.reflections.Reflections{392} - expanded subtype org.apache.shiro.web.env.WebEnvironment -> org.apache.shiro.web.env.MutableWebEnvironment
[02-26 21:55:28,933] DEBUG [main][] org.reflections.Reflections{392} - expanded subtype org.apache.shiro.env.Environment -> org.apache.shiro.web.env.WebEnvironment
[02-26 21:55:28,933] DEBUG [main][] org.reflections.Reflections{392} - expanded subtype org.apache.shiro.web.filter.authc.AuthenticatingFilter -> org.apache.shiro.web.filter.authc.FormAuthenticationFilter
[02-26 21:55:28,933] DEBUG [main][] org.reflections.Reflections{392} - expanded subtype org.apache.shiro.web.filter.authc.AuthenticationFilter -> org.apache.shiro.web.filter.authc.AuthenticatingFilter
[02-26 21:55:28,933] DEBUG [main][] org.reflections.Reflections{392} - expanded subtype org.apache.shiro.web.filter.AccessControlFilter -> org.apache.shiro.web.filter.authc.AuthenticationFilter
[02-26 21:55:28,933] DEBUG [main][] org.reflections.Reflections{392} - expanded subtype org.apache.shiro.web.filter.PathMatchingFilter -> org.apache.shiro.web.filter.AccessControlFilter
[02-26 21:55:28,933] DEBUG [main][] org.reflections.Reflections{392} - expanded subtype org.apache.shiro.web.servlet.AdviceFilter -> org.apache.shiro.web.filter.PathMatchingFilter
[02-26 21:55:28,933] DEBUG [main][] org.reflections.Reflections{392} - expanded subtype org.apache.shiro.web.servlet.OncePerRequestFilter -> org.apache.shiro.web.servlet.AdviceFilter
[02-26 21:55:28,933] DEBUG [main][] org.reflections.Reflections{392} - expanded subtype org.apache.shiro.web.servlet.NameableFilter -> org.apache.shiro.web.servlet.OncePerRequestFilter
[02-26 21:55:28,934] DEBUG [main][] org.reflections.Reflections{392} - expanded subtype org.apache.shiro.web.servlet.AbstractFilter -> org.apache.shiro.web.servlet.NameableFilter
[02-26 21:55:28,934] DEBUG [main][] org.reflections.Reflections{392} - expanded subtype org.apache.shiro.web.servlet.ServletContextSupport -> org.apache.shiro.web.servlet.AbstractFilter
[02-26 21:55:28,934] DEBUG [main][] org.reflections.Reflections{392} - expanded subtype javax.servlet.Filter -> org.apache.shiro.web.servlet.AbstractFilter
[02-26 21:55:28,934] DEBUG [main][] org.reflections.Reflections{392} - expanded subtype org.apache.shiro.util.Nameable -> org.apache.shiro.web.servlet.NameableFilter
[02-26 21:55:28,934] DEBUG [main][] org.reflections.Reflections{392} - expanded subtype org.apache.shiro.web.filter.PathConfigProcessor -> org.apache.shiro.web.filter.PathMatchingFilter
[02-26 21:55:28,938] DEBUG [main][] org.reflections.Reflections{392} - expanded subtype javax.servlet.GenericServlet -> javax.servlet.http.HttpServlet
[02-26 21:55:28,938] DEBUG [main][] org.reflections.Reflections{392} - expanded subtype javax.servlet.Servlet -> javax.servlet.GenericServlet
[02-26 21:55:28,938] DEBUG [main][] org.reflections.Reflections{392} - expanded subtype javax.servlet.ServletConfig -> javax.servlet.GenericServlet
[02-26 21:55:28,938] DEBUG [main][] org.reflections.Reflections{392} - expanded subtype java.io.Serializable -> javax.servlet.GenericServlet
[02-26 21:55:28,939] DEBUG [main][] org.reflections.Reflections{392} - expanded subtype org.springframework.scheduling.quartz.QuartzJobBean -> org.springframework.scheduling.quartz.MethodInvokingJobDetailFactoryBean$MethodInvokingJob
[02-26 21:55:28,939] DEBUG [main][] org.reflections.Reflections{392} - expanded subtype org.quartz.Job -> org.springframework.scheduling.quartz.QuartzJobBean
[02-26 21:55:28,939] DEBUG [main][] org.reflections.Reflections{392} - expanded subtype org.springframework.web.bind.support.WebBindingInitializer -> org.springframework.web.bind.support.ConfigurableWebBindingInitializer
[02-26 21:55:28,940] DEBUG [main][] org.reflections.Reflections{392} - expanded subtype java.beans.PropertyEditor -> java.beans.PropertyEditorSupport
[02-26 21:55:28,942] DEBUG [main][] org.reflections.Reflections{392} - expanded subtype ognl.MemberAccess -> ognl.AbstractMemberAccess
[02-26 21:55:28,943] DEBUG [main][] org.reflections.Reflections{392} - expanded subtype org.apache.shiro.web.servlet.AdviceFilter -> org.apache.shiro.web.filter.authc.LogoutFilter
[02-26 21:55:28,943] DEBUG [main][] org.reflections.Reflections{392} - expanded subtype org.apache.shiro.web.servlet.OncePerRequestFilter -> org.apache.shiro.web.servlet.AdviceFilter
[02-26 21:55:28,943] DEBUG [main][] org.reflections.Reflections{392} - expanded subtype org.apache.shiro.web.servlet.NameableFilter -> org.apache.shiro.web.servlet.OncePerRequestFilter
[02-26 21:55:28,944] DEBUG [main][] org.reflections.Reflections{392} - expanded subtype org.apache.shiro.web.servlet.AbstractFilter -> org.apache.shiro.web.servlet.NameableFilter
[02-26 21:55:28,944] DEBUG [main][] org.reflections.Reflections{392} - expanded subtype org.apache.shiro.web.servlet.ServletContextSupport -> org.apache.shiro.web.servlet.AbstractFilter
[02-26 21:55:28,944] DEBUG [main][] org.reflections.Reflections{392} - expanded subtype javax.servlet.Filter -> org.apache.shiro.web.servlet.AbstractFilter
[02-26 21:55:28,944] DEBUG [main][] org.reflections.Reflections{392} - expanded subtype org.apache.shiro.util.Nameable -> org.apache.shiro.web.servlet.NameableFilter
[02-26 21:55:28,944] DEBUG [main][] org.reflections.Reflections{392} - expanded subtype org.springframework.beans.factory.Aware -> org.springframework.context.ApplicationContextAware
[02-26 21:55:28,944] DEBUG [main][] org.reflections.Reflections{392} - expanded subtype org.apache.shiro.codec.CodecSupport -> org.apache.shiro.authc.credential.SimpleCredentialsMatcher
[02-26 21:55:28,945] DEBUG [main][] org.reflections.Reflections{392} - expanded subtype org.apache.shiro.authc.credential.CredentialsMatcher -> org.apache.shiro.authc.credential.SimpleCredentialsMatcher
[02-26 21:55:28,945] DEBUG [main][] org.reflections.Reflections{392} - expanded subtype org.springframework.util.MethodInvoker -> org.springframework.beans.support.ArgumentConvertingMethodInvoker
[02-26 21:55:28,946] DEBUG [main][] org.reflections.Reflections{392} - expanded subtype org.apache.shiro.realm.AuthenticatingRealm -> org.apache.shiro.realm.AuthorizingRealm
[02-26 21:55:28,946] DEBUG [main][] org.reflections.Reflections{392} - expanded subtype org.apache.shiro.realm.CachingRealm -> org.apache.shiro.realm.AuthenticatingRealm
[02-26 21:55:28,946] DEBUG [main][] org.reflections.Reflections{392} - expanded subtype org.apache.shiro.realm.Realm -> org.apache.shiro.realm.CachingRealm
[02-26 21:55:28,946] DEBUG [main][] org.reflections.Reflections{392} - expanded subtype org.apache.shiro.util.Nameable -> org.apache.shiro.realm.CachingRealm
[02-26 21:55:28,946] DEBUG [main][] org.reflections.Reflections{392} - expanded subtype org.apache.shiro.cache.CacheManagerAware -> org.apache.shiro.realm.CachingRealm
[02-26 21:55:28,946] DEBUG [main][] org.reflections.Reflections{392} - expanded subtype org.apache.shiro.authc.LogoutAware -> org.apache.shiro.realm.CachingRealm
[02-26 21:55:28,946] DEBUG [main][] org.reflections.Reflections{392} - expanded subtype org.apache.shiro.util.Initializable -> org.apache.shiro.realm.AuthenticatingRealm
[02-26 21:55:28,954] DEBUG [main][] org.reflections.Reflections{392} - expanded subtype org.apache.shiro.authz.Authorizer -> org.apache.shiro.realm.AuthorizingRealm
[02-26 21:55:28,954] DEBUG [main][] org.reflections.Reflections{392} - expanded subtype org.apache.shiro.util.Initializable -> org.apache.shiro.realm.AuthorizingRealm
[02-26 21:55:28,955] DEBUG [main][] org.reflections.Reflections{392} - expanded subtype org.apache.shiro.authz.permission.PermissionResolverAware -> org.apache.shiro.realm.AuthorizingRealm
[02-26 21:55:28,955] DEBUG [main][] org.reflections.Reflections{392} - expanded subtype org.apache.shiro.authz.permission.RolePermissionResolverAware -> org.apache.shiro.realm.AuthorizingRealm
[02-26 21:55:28,955] DEBUG [main][] org.reflections.Reflections{392} - expanded subtype org.apache.shiro.authc.AuthenticationException -> org.apache.shiro.authc.AccountException
[02-26 21:55:28,955] DEBUG [main][] org.reflections.Reflections{392} - expanded subtype org.apache.shiro.ShiroException -> org.apache.shiro.authc.AuthenticationException
[02-26 21:55:28,956] DEBUG [main][] org.reflections.Reflections{392} - expanded subtype java.lang.RuntimeException -> org.apache.shiro.ShiroException
[02-26 21:55:28,956] DEBUG [main][] org.reflections.Reflections{392} - expanded subtype java.lang.Exception -> java.lang.RuntimeException
[02-26 21:55:28,956] DEBUG [main][] org.reflections.Reflections{392} - expanded subtype java.lang.Throwable -> java.lang.Exception
[02-26 21:55:28,956] DEBUG [main][] org.reflections.Reflections{392} - expanded subtype java.io.Serializable -> java.lang.Throwable
[02-26 21:55:28,957] DEBUG [main][] org.reflections.Reflections{392} - expanded subtype org.apache.shiro.web.filter.AccessControlFilter -> org.apache.shiro.web.filter.authc.UserFilter
[02-26 21:55:28,957] DEBUG [main][] org.reflections.Reflections{392} - expanded subtype org.apache.shiro.web.filter.PathMatchingFilter -> org.apache.shiro.web.filter.AccessControlFilter
[02-26 21:55:28,957] DEBUG [main][] org.reflections.Reflections{392} - expanded subtype org.apache.shiro.web.servlet.AdviceFilter -> org.apache.shiro.web.filter.PathMatchingFilter
[02-26 21:55:28,957] DEBUG [main][] org.reflections.Reflections{392} - expanded subtype org.apache.shiro.web.servlet.OncePerRequestFilter -> org.apache.shiro.web.servlet.AdviceFilter
[02-26 21:55:28,957] DEBUG [main][] org.reflections.Reflections{392} - expanded subtype org.apache.shiro.web.servlet.NameableFilter -> org.apache.shiro.web.servlet.OncePerRequestFilter
[02-26 21:55:28,957] DEBUG [main][] org.reflections.Reflections{392} - expanded subtype org.apache.shiro.web.servlet.AbstractFilter -> org.apache.shiro.web.servlet.NameableFilter
[02-26 21:55:28,958] DEBUG [main][] org.reflections.Reflections{392} - expanded subtype org.apache.shiro.web.servlet.ServletContextSupport -> org.apache.shiro.web.servlet.AbstractFilter
[02-26 21:55:28,958] DEBUG [main][] org.reflections.Reflections{392} - expanded subtype javax.servlet.Filter -> org.apache.shiro.web.servlet.AbstractFilter
[02-26 21:55:28,958] DEBUG [main][] org.reflections.Reflections{392} - expanded subtype org.apache.shiro.util.Nameable -> org.apache.shiro.web.servlet.NameableFilter
[02-26 21:55:28,958] DEBUG [main][] org.reflections.Reflections{392} - expanded subtype org.apache.shiro.web.filter.PathConfigProcessor -> org.apache.shiro.web.filter.PathMatchingFilter
[02-26 21:55:28,958] DEBUG [main][] org.reflections.Reflections{392} - expanded subtype java.lang.Exception -> java.lang.RuntimeException
[02-26 21:55:28,959] DEBUG [main][] org.reflections.Reflections{392} - expanded subtype java.lang.Throwable -> java.lang.Exception
[02-26 21:55:28,959] DEBUG [main][] org.reflections.Reflections{392} - expanded subtype java.io.Serializable -> java.lang.Throwable
[02-26 21:55:28,959] DEBUG [main][] org.reflections.Reflections{392} - expanded subtype org.springframework.beans.factory.config.BeanFactoryPostProcessor -> org.springframework.beans.factory.support.BeanDefinitionRegistryPostProcessor
[02-26 21:55:28,960] DEBUG [main][] org.reflections.Reflections{392} - expanded subtype org.springframework.cache.support.AbstractCacheManager -> org.springframework.cache.transaction.AbstractTransactionSupportingCacheManager
[02-26 21:55:28,969] DEBUG [main][] org.reflections.Reflections{392} - expanded subtype org.springframework.cache.CacheManager -> org.springframework.cache.support.AbstractCacheManager
[02-26 21:55:28,969] DEBUG [main][] org.reflections.Reflections{392} - expanded subtype org.springframework.beans.factory.InitializingBean -> org.springframework.cache.support.AbstractCacheManager
[02-26 21:55:29,521] INFO  [main][] c.a.d.s.b.a.DruidDataSourceAutoConfigure{56} - Init DruidDataSource
[02-26 21:55:31,751] INFO  [main][] c.alibaba.druid.pool.DruidDataSource{985} - {dataSource-1} inited
[02-26 21:55:32,385] INFO  [main][] c.c.sevice.base.SystemConfigService{65} - 加载系统参数配置...
[02-26 21:55:32,496] INFO  [main][] com.cory.db.jdbc.CoryDbProxy{128} - sql: SELECT * FROM base_system_config WHERE IS_DELETED = 0 ORDER BY ID DESC LIMIT 0, 2147483647, params: null
[02-26 21:55:32,570] INFO  [main][] com.cory.db.jdbc.CoryDbProxy{139} - sql: SELECT COUNT(*) FROM base_system_config WHERE IS_DELETED = 0, params: null
[02-26 21:55:32,769] INFO  [main][] c.c.sevice.base.SystemConfigService{76} - 加载系统参数配置完成(共29条).
[02-26 21:55:32,838] INFO  [main][] c.c.service.resource.ResourceScanner{42} - start to scan Controllers ...
[02-26 21:55:33,078] INFO  [main][] com.cory.db.jdbc.CoryDbProxy{128} - sql: SELECT * FROM base_resource WHERE IS_DELETED = 0 AND ( value = ? ), params: ["/ajax/ajax/base/feedback/listData*"]
[02-26 21:55:33,086] INFO  [main][] com.cory.db.jdbc.CoryDbProxy{128} - sql: SELECT * FROM base_resource WHERE IS_DELETED = 0 AND ( value = ? ), params: ["/ajax/ajax/base/feedback/save*"]
[02-26 21:55:33,089] INFO  [main][] com.cory.db.jdbc.CoryDbProxy{128} - sql: SELECT * FROM base_resource WHERE IS_DELETED = 0 AND ( value = ? ), params: ["/ajax/ajax/base/feedback/delete/**"]
[02-26 21:55:33,092] INFO  [main][] com.cory.db.jdbc.CoryDbProxy{128} - sql: SELECT * FROM base_resource WHERE IS_DELETED = 0 AND ( value = ? ), params: ["/ajax/ajax/base/feedback/detailData/**"]
[02-26 21:55:33,095] INFO  [main][] com.cory.db.jdbc.CoryDbProxy{128} - sql: SELECT * FROM base_resource WHERE IS_DELETED = 0 AND ( value = ? ), params: ["/currentUser*"]
[02-26 21:55:33,099] INFO  [main][] com.cory.db.jdbc.CoryDbProxy{128} - sql: SELECT * FROM base_resource WHERE IS_DELETED = 0 AND ( value = ? ), params: ["/doRegister*"]
[02-26 21:55:33,104] INFO  [main][] com.cory.db.jdbc.CoryDbProxy{128} - sql: SELECT * FROM base_resource WHERE IS_DELETED = 0 AND ( value = ? ), params: ["/ajax/ajax/base/role/listData*"]
[02-26 21:55:33,108] INFO  [main][] com.cory.db.jdbc.CoryDbProxy{128} - sql: SELECT * FROM base_resource WHERE IS_DELETED = 0 AND ( value = ? ), params: ["/ajax/ajax/base/role/detailData/**"]
[02-26 21:55:33,111] INFO  [main][] com.cory.db.jdbc.CoryDbProxy{128} - sql: SELECT * FROM base_resource WHERE IS_DELETED = 0 AND ( value = ? ), params: ["/ajax/ajax/base/role/save*"]
[02-26 21:55:33,114] INFO  [main][] com.cory.db.jdbc.CoryDbProxy{128} - sql: SELECT * FROM base_resource WHERE IS_DELETED = 0 AND ( value = ? ), params: ["/ajax/ajax/base/role/doAssign*"]
[02-26 21:55:33,119] INFO  [main][] com.cory.db.jdbc.CoryDbProxy{128} - sql: SELECT * FROM base_resource WHERE IS_DELETED = 0 AND ( value = ? ), params: ["/errorPage*"]
[02-26 21:55:33,121] INFO  [main][] com.cory.db.jdbc.CoryDbProxy{128} - sql: SELECT * FROM base_resource WHERE IS_DELETED = 0 AND ( value = ? ), params: ["/***"]
[02-26 21:55:33,131] INFO  [main][] com.cory.db.jdbc.CoryDbProxy{128} - sql: SELECT * FROM base_resource WHERE IS_DELETED = 0 AND ( value = ? ), params: ["/ajax/ajax/base/datadict/allTypes*"]
[02-26 21:55:33,135] INFO  [main][] com.cory.db.jdbc.CoryDbProxy{128} - sql: SELECT * FROM base_resource WHERE IS_DELETED = 0 AND ( value = ? ), params: ["/ajax/ajax/base/datadict/save*"]
[02-26 21:55:33,139] INFO  [main][] com.cory.db.jdbc.CoryDbProxy{128} - sql: SELECT * FROM base_resource WHERE IS_DELETED = 0 AND ( value = ? ), params: ["/ajax/ajax/base/datadict/delete/**"]
[02-26 21:55:33,143] INFO  [main][] com.cory.db.jdbc.CoryDbProxy{128} - sql: SELECT * FROM base_resource WHERE IS_DELETED = 0 AND ( value = ? ), params: ["/ajax/ajax/base/datadict/listData*"]
[02-26 21:55:33,148] INFO  [main][] com.cory.db.jdbc.CoryDbProxy{128} - sql: SELECT * FROM base_resource WHERE IS_DELETED = 0 AND ( value = ? ), params: ["/ajax/ajax/base/datadict/updateShowable*"]
[02-26 21:55:33,153] INFO  [main][] com.cory.db.jdbc.CoryDbProxy{128} - sql: SELECT * FROM base_resource WHERE IS_DELETED = 0 AND ( value = ? ), params: ["/ajax/ajax/base/datadict/detailData/**"]
[02-26 21:55:33,161] INFO  [main][] com.cory.db.jdbc.CoryDbProxy{128} - sql: SELECT * FROM base_resource WHERE IS_DELETED = 0 AND ( value = ? ), params: ["/ajax/ajax/base/user/changePasswordDirectly*"]
[02-26 21:55:33,166] INFO  [main][] com.cory.db.jdbc.CoryDbProxy{128} - sql: SELECT * FROM base_resource WHERE IS_DELETED = 0 AND ( value = ? ), params: ["/ajax/ajax/base/user/doAssign*"]
[02-26 21:55:33,171] INFO  [main][] com.cory.db.jdbc.CoryDbProxy{128} - sql: SELECT * FROM base_resource WHERE IS_DELETED = 0 AND ( value = ? ), params: ["/ajax/ajax/base/user/listData*"]
[02-26 21:55:33,176] INFO  [main][] com.cory.db.jdbc.CoryDbProxy{128} - sql: SELECT * FROM base_resource WHERE IS_DELETED = 0 AND ( value = ? ), params: ["/ajax/ajax/base/user/detailData/**"]
[02-26 21:55:33,180] INFO  [main][] com.cory.db.jdbc.CoryDbProxy{128} - sql: SELECT * FROM base_resource WHERE IS_DELETED = 0 AND ( value = ? ), params: ["/ajax/ajax/base/user/changePassword*"]
[02-26 21:55:33,187] INFO  [main][] com.cory.db.jdbc.CoryDbProxy{128} - sql: SELECT * FROM base_resource WHERE IS_DELETED = 0 AND ( value = ? ), params: ["/ajax/ajax/demo/save*"]
[02-26 21:55:33,192] INFO  [main][] com.cory.db.jdbc.CoryDbProxy{128} - sql: SELECT * FROM base_resource WHERE IS_DELETED = 0 AND ( value = ? ), params: ["/ajax/ajax/demo/post*"]
[02-26 21:55:33,196] INFO  [main][] com.cory.db.jdbc.CoryDbProxy{128} - sql: SELECT * FROM base_resource WHERE IS_DELETED = 0 AND ( value = ? ), params: ["/ajax/ajax/demo/detailData/**"]
[02-26 21:55:33,200] INFO  [main][] com.cory.db.jdbc.CoryDbProxy{128} - sql: SELECT * FROM base_resource WHERE IS_DELETED = 0 AND ( value = ? ), params: ["/ajax/ajax/demo/upload*"]
[02-26 21:55:33,204] INFO  [main][] com.cory.db.jdbc.CoryDbProxy{128} - sql: SELECT * FROM base_resource WHERE IS_DELETED = 0 AND ( value = ? ), params: ["/ajax/ajax/demo/delete/**"]
[02-26 21:55:33,209] INFO  [main][] com.cory.db.jdbc.CoryDbProxy{128} - sql: SELECT * FROM base_resource WHERE IS_DELETED = 0 AND ( value = ? ), params: ["/ajax/ajax/demo/hi*"]
[02-26 21:55:33,213] INFO  [main][] com.cory.db.jdbc.CoryDbProxy{128} - sql: SELECT * FROM base_resource WHERE IS_DELETED = 0 AND ( value = ? ), params: ["/ajax/ajax/demo/listData*"]
[02-26 21:55:33,219] INFO  [main][] com.cory.db.jdbc.CoryDbProxy{128} - sql: SELECT * FROM base_resource WHERE IS_DELETED = 0 AND ( value = ? ), params: ["/ajax/ajax/base/systemconfig/detailData/**"]
[02-26 21:55:33,222] INFO  [main][] com.cory.db.jdbc.CoryDbProxy{128} - sql: SELECT * FROM base_resource WHERE IS_DELETED = 0 AND ( value = ? ), params: ["/ajax/ajax/base/systemconfig/delete/**"]
[02-26 21:55:33,226] INFO  [main][] com.cory.db.jdbc.CoryDbProxy{128} - sql: SELECT * FROM base_resource WHERE IS_DELETED = 0 AND ( value = ? ), params: ["/ajax/ajax/base/systemconfig/save*"]
[02-26 21:55:33,229] INFO  [main][] com.cory.db.jdbc.CoryDbProxy{128} - sql: SELECT * FROM base_resource WHERE IS_DELETED = 0 AND ( value = ? ), params: ["/ajax/ajax/base/systemconfig/refreshCache*"]
[02-26 21:55:33,233] INFO  [main][] com.cory.db.jdbc.CoryDbProxy{128} - sql: SELECT * FROM base_resource WHERE IS_DELETED = 0 AND ( value = ? ), params: ["/ajax/ajax/base/systemconfig/listData*"]
[02-26 21:55:33,237] INFO  [main][] com.cory.db.jdbc.CoryDbProxy{128} - sql: SELECT * FROM base_resource WHERE IS_DELETED = 0 AND ( value = ? ), params: ["/ajax/ajax/base/resource/listData*"]
[02-26 21:55:33,241] INFO  [main][] com.cory.db.jdbc.CoryDbProxy{128} - sql: SELECT * FROM base_resource WHERE IS_DELETED = 0 AND ( value = ? ), params: ["/ajax/ajax/base/resource/detailData/**"]
[02-26 21:55:33,245] INFO  [main][] com.cory.db.jdbc.CoryDbProxy{128} - sql: SELECT * FROM base_resource WHERE IS_DELETED = 0 AND ( value = ? ), params: ["/ajax/ajax/base/resource/delete/**"]
[02-26 21:55:33,249] INFO  [main][] com.cory.db.jdbc.CoryDbProxy{128} - sql: SELECT * FROM base_resource WHERE IS_DELETED = 0 AND ( value = ? ), params: ["/ajax/ajax/base/resource/save*"]
[02-26 21:55:33,252] INFO  [main][] c.c.service.resource.ResourceScanner{62} - scan Controllers finish, url count: 0
[02-26 21:55:33,253] INFO  [main][] c.c.service.resource.ResourceScanner{68} - start to scan Model ...
[02-26 21:55:33,368] INFO  [main][] com.cory.db.jdbc.CoryDbProxy{128} - sql: SELECT * FROM base_resource WHERE IS_DELETED = 0 AND ( value = ? ), params: ["/demo/demo*"]
[02-26 21:55:33,375] INFO  [main][] com.cory.db.jdbc.CoryDbProxy{128} - sql: SELECT * FROM base_resource WHERE IS_DELETED = 0 AND ( value = ? ), params: ["/base/systemconfig*"]
[02-26 21:55:33,380] INFO  [main][] com.cory.db.jdbc.CoryDbProxy{128} - sql: SELECT * FROM base_resource WHERE IS_DELETED = 0 AND ( value = ? ), params: ["/base/role*"]
[02-26 21:55:33,390] INFO  [main][] com.cory.db.jdbc.CoryDbProxy{128} - sql: SELECT * FROM base_resource WHERE IS_DELETED = 0 AND ( value = ? ), params: ["/base/feedback*"]
[02-26 21:55:33,394] INFO  [main][] com.cory.db.jdbc.CoryDbProxy{128} - sql: SELECT * FROM base_resource WHERE IS_DELETED = 0 AND ( value = ? ), params: ["/base/user*"]
[02-26 21:55:33,398] INFO  [main][] com.cory.db.jdbc.CoryDbProxy{128} - sql: SELECT * FROM base_resource WHERE IS_DELETED = 0 AND ( value = ? ), params: ["/base/roleresourcerel*"]
[02-26 21:55:33,402] INFO  [main][] com.cory.db.jdbc.CoryDbProxy{128} - sql: SELECT * FROM base_resource WHERE IS_DELETED = 0 AND ( value = ? ), params: ["/base/userrolerel*"]
[02-26 21:55:33,406] INFO  [main][] com.cory.db.jdbc.CoryDbProxy{128} - sql: SELECT * FROM base_resource WHERE IS_DELETED = 0 AND ( value = ? ), params: ["/base/resource*"]
[02-26 21:55:33,416] INFO  [main][] com.cory.db.jdbc.CoryDbProxy{128} - sql: SELECT * FROM base_resource WHERE IS_DELETED = 0 AND ( value = ? ), params: ["/base/datadict*"]
[02-26 21:55:33,422] INFO  [main][] c.c.service.resource.ResourceScanner{121} - scan Model finish, model count: 9
[02-26 21:55:35,602] INFO  [main][] org.quartz.impl.StdSchedulerFactory{1220} - Using default implementation for ThreadExecutor
[02-26 21:55:35,638] INFO  [main][] o.quartz.core.SchedulerSignalerImpl{61} - Initialized Scheduler Signaller of type: class org.quartz.core.SchedulerSignalerImpl
[02-26 21:55:35,638] INFO  [main][] org.quartz.core.QuartzScheduler{229} - Quartz Scheduler v.2.3.2 created.
[02-26 21:55:35,641] INFO  [main][] org.quartz.simpl.RAMJobStore{155} - RAMJobStore initialized.
[02-26 21:55:35,643] INFO  [main][] org.quartz.core.QuartzScheduler{294} - Scheduler meta-data: Quartz Scheduler (v2.3.2) 'quartzScheduler' with instanceId 'NON_CLUSTERED'
  Scheduler class: 'org.quartz.core.QuartzScheduler' - running locally.
  NOT STARTED.
  Currently in standby mode.
  Number of jobs executed: 0
  Using thread pool 'org.quartz.simpl.SimpleThreadPool' - with 10 threads.
  Using job-store 'org.quartz.simpl.RAMJobStore' - which does not support persistence. and is not clustered.

[02-26 21:55:35,643] INFO  [main][] org.quartz.impl.StdSchedulerFactory{1374} - Quartz scheduler 'quartzScheduler' initialized from an externally provided properties instance.
[02-26 21:55:35,644] INFO  [main][] org.quartz.impl.StdSchedulerFactory{1378} - Quartz scheduler version: 2.3.2
[02-26 21:55:35,644] INFO  [main][] org.quartz.core.QuartzScheduler{2293} - JobFactory set to: org.springframework.scheduling.quartz.SpringBeanJobFactory@4d142b53
[02-26 21:55:36,137] INFO  [main][] org.quartz.core.QuartzScheduler{547} - Scheduler quartzScheduler_$_NON_CLUSTERED started.
[02-26 21:55:36,138] DEBUG [ulerThread][] o.quartz.core.QuartzSchedulerThread{291} - batch acquisition of 0 triggers
[02-26 21:55:36,196] INFO  [main][] com.cory.CoryWebDemoApplication{61} - Started CoryWebDemoApplication in 19.863 seconds (JVM running for 34.543)
[02-26 21:56:02,281] DEBUG [ulerThread][] o.quartz.core.QuartzSchedulerThread{291} - batch acquisition of 0 triggers
[02-26 21:56:28,238] DEBUG [ulerThread][] o.quartz.core.QuartzSchedulerThread{291} - batch acquisition of 0 triggers
[02-26 21:56:55,300] DEBUG [ulerThread][] o.quartz.core.QuartzSchedulerThread{291} - batch acquisition of 0 triggers
[02-26 21:57:22,446] DEBUG [ulerThread][] o.quartz.core.QuartzSchedulerThread{291} - batch acquisition of 0 triggers
[02-26 21:57:50,950] DEBUG [ulerThread][] o.quartz.core.QuartzSchedulerThread{291} - batch acquisition of 0 triggers
[02-26 21:58:20,589] DEBUG [ulerThread][] o.quartz.core.QuartzSchedulerThread{291} - batch acquisition of 0 triggers
[02-26 21:58:50,354] DEBUG [ulerThread][] o.quartz.core.QuartzSchedulerThread{291} - batch acquisition of 0 triggers
[02-26 21:59:16,755] DEBUG [ulerThread][] o.quartz.core.QuartzSchedulerThread{291} - batch acquisition of 0 triggers
[02-26 21:59:39,993] DEBUG [ulerThread][] o.quartz.core.QuartzSchedulerThread{291} - batch acquisition of 0 triggers
[02-26 22:00:07,733] DEBUG [ulerThread][] o.quartz.core.QuartzSchedulerThread{291} - batch acquisition of 0 triggers
[02-26 22:00:32,097] DEBUG [ulerThread][] o.quartz.core.QuartzSchedulerThread{291} - batch acquisition of 0 triggers
[02-26 22:00:58,656] DEBUG [ulerThread][] o.quartz.core.QuartzSchedulerThread{291} - batch acquisition of 0 triggers
[02-26 22:01:25,121] DEBUG [ulerThread][] o.quartz.core.QuartzSchedulerThread{291} - batch acquisition of 0 triggers
[02-26 22:01:54,379] DEBUG [ulerThread][] o.quartz.core.QuartzSchedulerThread{291} - batch acquisition of 0 triggers
[02-26 22:02:18,516] DEBUG [ulerThread][] o.quartz.core.QuartzSchedulerThread{291} - batch acquisition of 0 triggers
[02-26 22:02:44,017] DEBUG [ulerThread][] o.quartz.core.QuartzSchedulerThread{291} - batch acquisition of 0 triggers
[02-26 22:03:09,295] DEBUG [ulerThread][] o.quartz.core.QuartzSchedulerThread{291} - batch acquisition of 0 triggers
[02-26 22:03:35,198] DEBUG [ulerThread][] o.quartz.core.QuartzSchedulerThread{291} - batch acquisition of 0 triggers
[02-26 22:03:59,701] DEBUG [ulerThread][] o.quartz.core.QuartzSchedulerThread{291} - batch acquisition of 0 triggers
[02-26 22:04:21,970] INFO  [080-exec-5][] c.c.cache.manager.CoryCacheManager{37} - CacheManager, cacheType=NULL
[02-26 22:04:22,042] WARN  [080-exec-5][] c.a.d.pool.DruidAbstractDataSource{1489} - discard long time none received connection. , jdbcUrl : jdbc:mysql://127.0.0.1:3306/lm_tooth?characterEncoding=utf-8&autoReconnect=true&serverTimezone=UTC, version : 1.2.4, lastPacketReceivedIdleMillis : 527295
[02-26 22:04:22,043] DEBUG [080-exec-5][] c.alibaba.druid.pool.DruidDataSource{1466} - skip not validate connection.
[02-26 22:04:22,072] INFO  [080-exec-5][] c.c.cache.manager.CoryCacheManager{37} - CacheManager, cacheType=NULL
[02-26 22:04:22,076] INFO  [080-exec-5][] com.cory.db.jdbc.CoryDbProxy{128} - sql: SELECT * FROM base_role WHERE IS_DELETED = 0 AND ( name = ? ), params: ["anon"]
[02-26 22:04:22,084] INFO  [080-exec-5][] c.c.cache.manager.CoryCacheManager{37} - CacheManager, cacheType=NULL
[02-26 22:04:22,086] INFO  [080-exec-5][] c.c.cache.manager.CoryCacheManager{37} - CacheManager, cacheType=NULL
[02-26 22:04:22,087] INFO  [080-exec-5][] com.cory.db.jdbc.CoryDbProxy{128} - sql: SELECT r.* FROM BASE_RESOURCE r WHERE r.IS_DELETED = 0 AND EXISTS(SELECT 1 FROM BASE_ROLE_RESOURCE_REL rel WHERE rel.IS_DELETED = 0 AND r.ID = rel.RESOURCE_ID AND rel.ROLE_ID = ?), params: [2]
[02-26 22:04:22,406] INFO  [080-exec-1][] c.c.w.i.AccessLogInterceptor{37} - remoteAddr=0:0:0:0:0:0:0:1, uri=/login, method=GET, queryString=null, hasException=false, duration=185ms
[02-26 22:04:23,495] INFO  [080-exec-9][] c.c.w.i.AccessLogInterceptor{37} - remoteAddr=0:0:0:0:0:0:0:1, uri=/generateFormToken, method=GET, queryString=null, hasException=false, duration=30ms
[02-26 22:04:23,495] INFO  [080-exec-8][] c.c.w.i.AccessLogInterceptor{37} - remoteAddr=0:0:0:0:0:0:0:1, uri=/generateCsrfToken, method=GET, queryString=null, hasException=false, duration=31ms
[02-26 22:04:24,034] INFO  [080-exec-2][] c.c.w.i.AccessLogInterceptor{37} - remoteAddr=0:0:0:0:0:0:0:1, uri=/currentUser, method=GET, queryString=null, hasException=false, duration=191ms
[02-26 22:04:27,273] INFO  [080-exec-3][] c.c.cache.manager.CoryCacheManager{37} - CacheManager, cacheType=NULL
[02-26 22:04:27,277] INFO  [080-exec-3][] c.c.cache.manager.CoryCacheManager{37} - CacheManager, cacheType=NULL
[02-26 22:04:27,282] INFO  [080-exec-3][] com.cory.db.jdbc.CoryDbProxy{128} - sql: SELECT * FROM base_user WHERE IS_DELETED = 0 AND ( (PHONE = ? OR EMAIL = ? OR THIRDPARTY_ID = ?) ), params: ["13000000000","13000000000","13000000000"]
[02-26 22:04:27,291] INFO  [080-exec-3][] c.c.cache.manager.CoryCacheManager{37} - CacheManager, cacheType=NULL
[02-26 22:04:27,292] INFO  [080-exec-3][] c.c.cache.manager.CoryCacheManager{37} - CacheManager, cacheType=NULL
[02-26 22:04:27,293] INFO  [080-exec-3][] com.cory.db.jdbc.CoryDbProxy{128} - sql: SELECT r.* FROM BASE_ROLE r WHERE r.IS_DELETED = 0 AND EXISTS(SELECT 1 FROM BASE_USER_ROLE_REL rel WHERE rel.IS_DELETED = 0 AND r.ID = rel.ROLE_ID AND rel.USER_ID = ?), params: [1]
[02-26 22:04:27,295] INFO  [080-exec-3][] c.c.cache.manager.CoryCacheManager{37} - CacheManager, cacheType=NULL
[02-26 22:04:27,296] INFO  [080-exec-3][] c.c.cache.manager.CoryCacheManager{37} - CacheManager, cacheType=NULL
[02-26 22:04:27,298] INFO  [080-exec-3][] com.cory.db.jdbc.CoryDbProxy{128} - sql: SELECT r.* FROM BASE_RESOURCE r WHERE r.IS_DELETED = 0 AND EXISTS(SELECT 1 FROM BASE_ROLE_RESOURCE_REL rel WHERE rel.IS_DELETED = 0 AND r.ID = rel.RESOURCE_ID AND rel.ROLE_ID = ?), params: [1]
[02-26 22:04:27,303] INFO  [080-exec-3][] c.c.cache.manager.CoryCacheManager{37} - CacheManager, cacheType=NULL
[02-26 22:04:27,304] INFO  [080-exec-3][] c.c.cache.manager.CoryCacheManager{37} - CacheManager, cacheType=NULL
[02-26 22:04:27,305] INFO  [080-exec-3][] com.cory.db.jdbc.CoryDbProxy{128} - sql: SELECT * FROM base_user WHERE IS_DELETED = 0 AND ( (PHONE = ? OR EMAIL = ? OR THIRDPARTY_ID = ?) ), params: ["13000000000","13000000000","13000000000"]
[02-26 22:04:27,306] INFO  [080-exec-3][] c.c.cache.manager.CoryCacheManager{37} - CacheManager, cacheType=NULL
[02-26 22:04:27,306] INFO  [080-exec-3][] c.c.cache.manager.CoryCacheManager{37} - CacheManager, cacheType=NULL
[02-26 22:04:27,307] INFO  [080-exec-3][] com.cory.db.jdbc.CoryDbProxy{128} - sql: SELECT r.* FROM BASE_ROLE r WHERE r.IS_DELETED = 0 AND EXISTS(SELECT 1 FROM BASE_USER_ROLE_REL rel WHERE rel.IS_DELETED = 0 AND r.ID = rel.ROLE_ID AND rel.USER_ID = ?), params: [1]
[02-26 22:04:27,308] INFO  [080-exec-3][] c.c.cache.manager.CoryCacheManager{37} - CacheManager, cacheType=NULL
[02-26 22:04:27,309] INFO  [080-exec-3][] c.c.cache.manager.CoryCacheManager{37} - CacheManager, cacheType=NULL
[02-26 22:04:27,310] INFO  [080-exec-3][] com.cory.db.jdbc.CoryDbProxy{128} - sql: SELECT r.* FROM BASE_RESOURCE r WHERE r.IS_DELETED = 0 AND EXISTS(SELECT 1 FROM BASE_ROLE_RESOURCE_REL rel WHERE rel.IS_DELETED = 0 AND r.ID = rel.RESOURCE_ID AND rel.ROLE_ID = ?), params: [1]
[02-26 22:04:27,350] INFO  [080-exec-3][] c.c.cache.manager.CoryCacheManager{37} - CacheManager, cacheType=NULL
[02-26 22:04:27,351] INFO  [080-exec-3][] c.c.cache.manager.CoryCacheManager{37} - CacheManager, cacheType=NULL
[02-26 22:04:27,352] INFO  [080-exec-3][] com.cory.db.jdbc.CoryDbProxy{128} - sql: SELECT * FROM base_user WHERE IS_DELETED = 0 AND ( (PHONE = ? OR EMAIL = ? OR THIRDPARTY_ID = ?) ), params: ["13000000000","13000000000","13000000000"]
[02-26 22:04:27,354] INFO  [080-exec-3][] c.c.cache.manager.CoryCacheManager{37} - CacheManager, cacheType=NULL
[02-26 22:04:27,354] INFO  [080-exec-3][] c.c.cache.manager.CoryCacheManager{37} - CacheManager, cacheType=NULL
[02-26 22:04:27,355] INFO  [080-exec-3][] com.cory.db.jdbc.CoryDbProxy{128} - sql: SELECT r.* FROM BASE_ROLE r WHERE r.IS_DELETED = 0 AND EXISTS(SELECT 1 FROM BASE_USER_ROLE_REL rel WHERE rel.IS_DELETED = 0 AND r.ID = rel.ROLE_ID AND rel.USER_ID = ?), params: [1]
[02-26 22:04:27,356] INFO  [080-exec-3][] c.c.cache.manager.CoryCacheManager{37} - CacheManager, cacheType=NULL
[02-26 22:04:27,357] INFO  [080-exec-3][] c.c.cache.manager.CoryCacheManager{37} - CacheManager, cacheType=NULL
[02-26 22:04:27,358] INFO  [080-exec-3][] com.cory.db.jdbc.CoryDbProxy{128} - sql: SELECT r.* FROM BASE_RESOURCE r WHERE r.IS_DELETED = 0 AND EXISTS(SELECT 1 FROM BASE_ROLE_RESOURCE_REL rel WHERE rel.IS_DELETED = 0 AND r.ID = rel.RESOURCE_ID AND rel.ROLE_ID = ?), params: [1]
[02-26 22:04:27,364] INFO  [080-exec-3][] c.c.cache.manager.CoryCacheManager{37} - CacheManager, cacheType=NULL
[02-26 22:04:27,364] INFO  [080-exec-3][] c.c.cache.manager.CoryCacheManager{37} - CacheManager, cacheType=NULL
[02-26 22:04:27,365] INFO  [080-exec-3][] com.cory.db.jdbc.CoryDbProxy{128} - sql: SELECT * FROM base_user WHERE IS_DELETED = 0 AND ( (PHONE = ? OR EMAIL = ? OR THIRDPARTY_ID = ?) ), params: ["13000000000","13000000000","13000000000"]
[02-26 22:04:27,366] INFO  [080-exec-3][] c.c.cache.manager.CoryCacheManager{37} - CacheManager, cacheType=NULL
[02-26 22:04:27,367] INFO  [080-exec-3][] c.c.cache.manager.CoryCacheManager{37} - CacheManager, cacheType=NULL
[02-26 22:04:27,367] INFO  [080-exec-3][] com.cory.db.jdbc.CoryDbProxy{128} - sql: SELECT r.* FROM BASE_ROLE r WHERE r.IS_DELETED = 0 AND EXISTS(SELECT 1 FROM BASE_USER_ROLE_REL rel WHERE rel.IS_DELETED = 0 AND r.ID = rel.ROLE_ID AND rel.USER_ID = ?), params: [1]
[02-26 22:04:27,368] INFO  [080-exec-3][] c.c.cache.manager.CoryCacheManager{37} - CacheManager, cacheType=NULL
[02-26 22:04:27,369] INFO  [080-exec-3][] c.c.cache.manager.CoryCacheManager{37} - CacheManager, cacheType=NULL
[02-26 22:04:27,370] INFO  [080-exec-3][] com.cory.db.jdbc.CoryDbProxy{128} - sql: SELECT r.* FROM BASE_RESOURCE r WHERE r.IS_DELETED = 0 AND EXISTS(SELECT 1 FROM BASE_ROLE_RESOURCE_REL rel WHERE rel.IS_DELETED = 0 AND r.ID = rel.RESOURCE_ID AND rel.ROLE_ID = ?), params: [1]
[02-26 22:04:27,398] INFO  [080-exec-6][] c.c.w.i.AccessLogInterceptor{37} - remoteAddr=0:0:0:0:0:0:0:1, uri=/generateCsrfToken, method=GET, queryString=null, hasException=false, duration=0ms
[02-26 22:04:27,401] INFO  [080-exec-7][] c.c.w.i.AccessLogInterceptor{37} - remoteAddr=0:0:0:0:0:0:0:1, uri=/generateFormToken, method=GET, queryString=null, hasException=false, duration=3ms
[02-26 22:04:27,423] INFO  [80-exec-10][] c.c.w.i.AccessLogInterceptor{37} - remoteAddr=0:0:0:0:0:0:0:1, uri=/currentUser, method=GET, queryString=null, hasException=false, duration=23ms
[02-26 22:04:28,480] INFO  [080-exec-4][] c.c.cache.manager.CoryCacheManager{37} - CacheManager, cacheType=NULL
[02-26 22:04:28,482] INFO  [080-exec-4][] c.c.cache.manager.CoryCacheManager{37} - CacheManager, cacheType=NULL
[02-26 22:04:28,483] INFO  [080-exec-4][] com.cory.db.jdbc.CoryDbProxy{128} - sql: SELECT * FROM base_role WHERE IS_DELETED = 0 AND ( name = ? ), params: ["anon"]
[02-26 22:04:28,485] INFO  [080-exec-4][] c.c.cache.manager.CoryCacheManager{37} - CacheManager, cacheType=NULL
[02-26 22:04:28,487] INFO  [080-exec-4][] c.c.cache.manager.CoryCacheManager{37} - CacheManager, cacheType=NULL
[02-26 22:04:28,489] INFO  [080-exec-4][] com.cory.db.jdbc.CoryDbProxy{128} - sql: SELECT r.* FROM BASE_RESOURCE r WHERE r.IS_DELETED = 0 AND EXISTS(SELECT 1 FROM BASE_ROLE_RESOURCE_REL rel WHERE rel.IS_DELETED = 0 AND r.ID = rel.RESOURCE_ID AND rel.ROLE_ID = ?), params: [2]
[02-26 22:04:28,508] INFO  [080-exec-4][] c.c.w.i.AccessLogInterceptor{37} - remoteAddr=0:0:0:0:0:0:0:1, uri=/, method=GET, queryString=null, hasException=false, duration=12ms
[02-26 22:04:29,325] DEBUG [ulerThread][] o.quartz.core.QuartzSchedulerThread{291} - batch acquisition of 0 triggers
[02-26 22:04:29,492] INFO  [080-exec-1][] c.c.w.i.AccessLogInterceptor{37} - remoteAddr=0:0:0:0:0:0:0:1, uri=/generateCsrfToken, method=GET, queryString=null, hasException=false, duration=1ms
[02-26 22:04:29,496] INFO  [080-exec-9][] c.c.w.i.AccessLogInterceptor{37} - remoteAddr=0:0:0:0:0:0:0:1, uri=/generateFormToken, method=GET, queryString=null, hasException=false, duration=1ms
[02-26 22:04:29,500] INFO  [080-exec-5][] c.c.w.i.AccessLogInterceptor{37} - remoteAddr=0:0:0:0:0:0:0:1, uri=/currentUser, method=GET, queryString=null, hasException=false, duration=9ms
[02-26 22:04:29,501] INFO  [080-exec-8][] c.c.w.i.AccessLogInterceptor{37} - remoteAddr=0:0:0:0:0:0:0:1, uri=/currentUser, method=GET, queryString=null, hasException=false, duration=9ms
[02-26 22:04:32,982] INFO  [080-exec-2][] c.c.cache.manager.CoryCacheManager{37} - CacheManager, cacheType=NULL
[02-26 22:04:32,984] INFO  [080-exec-2][] c.c.cache.manager.CoryCacheManager{37} - CacheManager, cacheType=NULL
[02-26 22:04:32,987] INFO  [080-exec-2][] com.cory.db.jdbc.CoryDbProxy{128} - sql: SELECT * FROM base_role WHERE IS_DELETED = 0 AND ( name = ? ), params: ["anon"]
[02-26 22:04:32,989] INFO  [080-exec-2][] c.c.cache.manager.CoryCacheManager{37} - CacheManager, cacheType=NULL
[02-26 22:04:32,990] INFO  [080-exec-2][] c.c.cache.manager.CoryCacheManager{37} - CacheManager, cacheType=NULL
[02-26 22:04:32,992] INFO  [080-exec-2][] com.cory.db.jdbc.CoryDbProxy{128} - sql: SELECT r.* FROM BASE_RESOURCE r WHERE r.IS_DELETED = 0 AND EXISTS(SELECT 1 FROM BASE_ROLE_RESOURCE_REL rel WHERE rel.IS_DELETED = 0 AND r.ID = rel.RESOURCE_ID AND rel.ROLE_ID = ?), params: [2]
[02-26 22:04:33,013] INFO  [080-exec-2][] c.c.w.i.AccessLogInterceptor{37} - remoteAddr=0:0:0:0:0:0:0:1, uri=/, method=GET, queryString=fixSiderbar=true&colorWeak=false&title=%E4%BD%A0%E5%A5%BD&pwa=false, hasException=false, duration=11ms
[02-26 22:04:33,966] INFO  [080-exec-7][] c.c.w.i.AccessLogInterceptor{37} - remoteAddr=0:0:0:0:0:0:0:1, uri=/generateFormToken, method=GET, queryString=null, hasException=false, duration=1ms
[02-26 22:04:33,968] INFO  [080-exec-6][] c.c.w.i.AccessLogInterceptor{37} - remoteAddr=0:0:0:0:0:0:0:1, uri=/generateCsrfToken, method=GET, queryString=null, hasException=false, duration=0ms
[02-26 22:04:33,980] INFO  [080-exec-3][] c.c.w.i.AccessLogInterceptor{37} - remoteAddr=0:0:0:0:0:0:0:1, uri=/currentUser, method=GET, queryString=null, hasException=false, duration=15ms
[02-26 22:04:33,985] INFO  [80-exec-10][] c.c.w.i.AccessLogInterceptor{37} - remoteAddr=0:0:0:0:0:0:0:1, uri=/currentUser, method=GET, queryString=null, hasException=false, duration=10ms
[02-26 22:04:55,060] DEBUG [ulerThread][] o.quartz.core.QuartzSchedulerThread{291} - batch acquisition of 0 triggers
[02-26 22:05:18,630] DEBUG [ulerThread][] o.quartz.core.QuartzSchedulerThread{291} - batch acquisition of 0 triggers
[02-26 22:05:48,261] DEBUG [ulerThread][] o.quartz.core.QuartzSchedulerThread{291} - batch acquisition of 0 triggers
[02-26 22:06:15,249] DEBUG [ulerThread][] o.quartz.core.QuartzSchedulerThread{291} - batch acquisition of 0 triggers
[02-26 22:06:43,717] DEBUG [ulerThread][] o.quartz.core.QuartzSchedulerThread{291} - batch acquisition of 0 triggers
[02-26 22:07:11,476] DEBUG [ulerThread][] o.quartz.core.QuartzSchedulerThread{291} - batch acquisition of 0 triggers
[02-26 22:07:35,277] DEBUG [ulerThread][] o.quartz.core.QuartzSchedulerThread{291} - batch acquisition of 0 triggers
[02-26 22:07:58,422] DEBUG [ulerThread][] o.quartz.core.QuartzSchedulerThread{291} - batch acquisition of 0 triggers
[02-26 22:08:22,855] DEBUG [ulerThread][] o.quartz.core.QuartzSchedulerThread{291} - batch acquisition of 0 triggers
[02-26 22:08:50,609] DEBUG [ulerThread][] o.quartz.core.QuartzSchedulerThread{291} - batch acquisition of 0 triggers
[02-26 22:09:14,431] DEBUG [ulerThread][] o.quartz.core.QuartzSchedulerThread{291} - batch acquisition of 0 triggers
[02-26 22:09:40,469] DEBUG [ulerThread][] o.quartz.core.QuartzSchedulerThread{291} - batch acquisition of 0 triggers
[02-26 22:10:09,666] DEBUG [ulerThread][] o.quartz.core.QuartzSchedulerThread{291} - batch acquisition of 0 triggers
[02-26 22:10:38,040] DEBUG [ulerThread][] o.quartz.core.QuartzSchedulerThread{291} - batch acquisition of 0 triggers
[02-26 22:10:43,131] INFO  [080-exec-8][] c.c.cache.manager.CoryCacheManager{37} - CacheManager, cacheType=NULL
[02-26 22:10:43,135] WARN  [080-exec-8][] c.a.d.pool.DruidAbstractDataSource{1489} - discard long time none received connection. , jdbcUrl : jdbc:mysql://127.0.0.1:3306/lm_tooth?characterEncoding=utf-8&autoReconnect=true&serverTimezone=UTC, version : 1.2.4, lastPacketReceivedIdleMillis : 370133
[02-26 22:10:43,136] DEBUG [080-exec-8][] c.alibaba.druid.pool.DruidDataSource{1466} - skip not validate connection.
[02-26 22:10:43,159] INFO  [080-exec-8][] c.c.cache.manager.CoryCacheManager{37} - CacheManager, cacheType=NULL
[02-26 22:10:43,160] INFO  [080-exec-8][] com.cory.db.jdbc.CoryDbProxy{128} - sql: SELECT * FROM base_role WHERE IS_DELETED = 0 AND ( name = ? ), params: ["anon"]
[02-26 22:10:43,171] INFO  [080-exec-8][] c.c.cache.manager.CoryCacheManager{37} - CacheManager, cacheType=NULL
[02-26 22:10:43,172] INFO  [080-exec-8][] c.c.cache.manager.CoryCacheManager{37} - CacheManager, cacheType=NULL
[02-26 22:10:43,173] INFO  [080-exec-8][] com.cory.db.jdbc.CoryDbProxy{128} - sql: SELECT r.* FROM BASE_RESOURCE r WHERE r.IS_DELETED = 0 AND EXISTS(SELECT 1 FROM BASE_ROLE_RESOURCE_REL rel WHERE rel.IS_DELETED = 0 AND r.ID = rel.RESOURCE_ID AND rel.ROLE_ID = ?), params: [2]
[02-26 22:10:43,200] INFO  [080-exec-8][] c.c.w.i.AccessLogInterceptor{37} - remoteAddr=0:0:0:0:0:0:0:1, uri=/base/user, method=GET, queryString=fixSiderbar=true&colorWeak=false&title=%E4%BD%A0%E5%A5%BD&pwa=false, hasException=false, duration=18ms
[02-26 22:10:44,593] INFO  [080-exec-7][] c.c.w.i.AccessLogInterceptor{37} - remoteAddr=0:0:0:0:0:0:0:1, uri=/generateCsrfToken, method=GET, queryString=null, hasException=false, duration=0ms
[02-26 22:10:44,598] INFO  [080-exec-6][] c.c.w.i.AccessLogInterceptor{37} - remoteAddr=0:0:0:0:0:0:0:1, uri=/generateFormToken, method=GET, queryString=null, hasException=false, duration=3ms
[02-26 22:10:44,604] INFO  [080-exec-3][] c.c.w.i.AccessLogInterceptor{37} - remoteAddr=0:0:0:0:0:0:0:1, uri=/currentUser, method=GET, queryString=null, hasException=false, duration=9ms
[02-26 22:10:44,606] INFO  [080-exec-2][] c.c.w.i.AccessLogInterceptor{37} - remoteAddr=0:0:0:0:0:0:0:1, uri=/currentUser, method=GET, queryString=null, hasException=false, duration=13ms
[02-26 22:11:06,990] DEBUG [ulerThread][] o.quartz.core.QuartzSchedulerThread{291} - batch acquisition of 0 triggers
[02-26 22:11:31,680] DEBUG [ulerThread][] o.quartz.core.QuartzSchedulerThread{291} - batch acquisition of 0 triggers
[02-26 22:12:00,027] DEBUG [ulerThread][] o.quartz.core.QuartzSchedulerThread{291} - batch acquisition of 0 triggers
[02-26 22:12:27,249] DEBUG [ulerThread][] o.quartz.core.QuartzSchedulerThread{291} - batch acquisition of 0 triggers
[02-26 22:12:53,055] DEBUG [ulerThread][] o.quartz.core.QuartzSchedulerThread{291} - batch acquisition of 0 triggers
[02-26 22:13:17,650] DEBUG [ulerThread][] o.quartz.core.QuartzSchedulerThread{291} - batch acquisition of 0 triggers
[02-26 22:13:44,858] DEBUG [ulerThread][] o.quartz.core.QuartzSchedulerThread{291} - batch acquisition of 0 triggers
[02-26 22:14:12,549] DEBUG [ulerThread][] o.quartz.core.QuartzSchedulerThread{291} - batch acquisition of 0 triggers
[02-26 22:14:39,955] DEBUG [ulerThread][] o.quartz.core.QuartzSchedulerThread{291} - batch acquisition of 0 triggers
[02-26 22:15:07,813] DEBUG [ulerThread][] o.quartz.core.QuartzSchedulerThread{291} - batch acquisition of 0 triggers
[02-26 22:15:33,120] DEBUG [ulerThread][] o.quartz.core.QuartzSchedulerThread{291} - batch acquisition of 0 triggers
[02-26 22:15:57,417] DEBUG [ulerThread][] o.quartz.core.QuartzSchedulerThread{291} - batch acquisition of 0 triggers
[02-26 22:16:21,393] DEBUG [ulerThread][] o.quartz.core.QuartzSchedulerThread{291} - batch acquisition of 0 triggers
[02-26 22:16:50,451] DEBUG [ulerThread][] o.quartz.core.QuartzSchedulerThread{291} - batch acquisition of 0 triggers
[02-26 22:17:18,636] DEBUG [ulerThread][] o.quartz.core.QuartzSchedulerThread{291} - batch acquisition of 0 triggers
[02-26 22:17:44,644] DEBUG [ulerThread][] o.quartz.core.QuartzSchedulerThread{291} - batch acquisition of 0 triggers
[02-26 22:18:13,932] DEBUG [ulerThread][] o.quartz.core.QuartzSchedulerThread{291} - batch acquisition of 0 triggers
[02-26 22:18:40,377] DEBUG [ulerThread][] o.quartz.core.QuartzSchedulerThread{291} - batch acquisition of 0 triggers
[02-26 22:19:08,385] DEBUG [ulerThread][] o.quartz.core.QuartzSchedulerThread{291} - batch acquisition of 0 triggers
[02-26 22:19:33,199] DEBUG [ulerThread][] o.quartz.core.QuartzSchedulerThread{291} - batch acquisition of 0 triggers
[02-26 22:19:58,964] DEBUG [ulerThread][] o.quartz.core.QuartzSchedulerThread{291} - batch acquisition of 0 triggers
[02-26 22:20:25,564] DEBUG [ulerThread][] o.quartz.core.QuartzSchedulerThread{291} - batch acquisition of 0 triggers
[02-26 22:20:50,687] DEBUG [ulerThread][] o.quartz.core.QuartzSchedulerThread{291} - batch acquisition of 0 triggers
[02-26 22:21:16,380] DEBUG [ulerThread][] o.quartz.core.QuartzSchedulerThread{291} - batch acquisition of 0 triggers
[02-26 22:21:44,656] DEBUG [ulerThread][] o.quartz.core.QuartzSchedulerThread{291} - batch acquisition of 0 triggers
[02-26 22:22:09,401] DEBUG [ulerThread][] o.quartz.core.QuartzSchedulerThread{291} - batch acquisition of 0 triggers
[02-26 22:22:33,012] DEBUG [ulerThread][] o.quartz.core.QuartzSchedulerThread{291} - batch acquisition of 0 triggers
[02-26 22:22:58,743] DEBUG [ulerThread][] o.quartz.core.QuartzSchedulerThread{291} - batch acquisition of 0 triggers
[02-26 22:23:22,418] DEBUG [ulerThread][] o.quartz.core.QuartzSchedulerThread{291} - batch acquisition of 0 triggers
[02-26 22:23:48,899] DEBUG [ulerThread][] o.quartz.core.QuartzSchedulerThread{291} - batch acquisition of 0 triggers
[02-26 22:24:11,912] DEBUG [ulerThread][] o.quartz.core.QuartzSchedulerThread{291} - batch acquisition of 0 triggers
[02-26 22:24:41,792] DEBUG [ulerThread][] o.quartz.core.QuartzSchedulerThread{291} - batch acquisition of 0 triggers
[02-26 22:25:09,348] DEBUG [ulerThread][] o.quartz.core.QuartzSchedulerThread{291} - batch acquisition of 0 triggers
[02-26 22:25:17,108] INFO  [080-exec-4][] c.c.cache.manager.CoryCacheManager{37} - CacheManager, cacheType=NULL
[02-26 22:25:17,110] WARN  [080-exec-4][] c.a.d.pool.DruidAbstractDataSource{1489} - discard long time none received connection. , jdbcUrl : jdbc:mysql://127.0.0.1:3306/lm_tooth?characterEncoding=utf-8&autoReconnect=true&serverTimezone=UTC, version : 1.2.4, lastPacketReceivedIdleMillis : 873929
[02-26 22:25:17,110] DEBUG [080-exec-4][] c.alibaba.druid.pool.DruidDataSource{1466} - skip not validate connection.
[02-26 22:25:17,183] INFO  [080-exec-4][] c.c.cache.manager.CoryCacheManager{37} - CacheManager, cacheType=NULL
[02-26 22:25:17,184] INFO  [080-exec-4][] com.cory.db.jdbc.CoryDbProxy{128} - sql: SELECT * FROM base_role WHERE IS_DELETED = 0 AND ( name = ? ), params: ["anon"]
[02-26 22:25:17,186] INFO  [080-exec-4][] c.c.cache.manager.CoryCacheManager{37} - CacheManager, cacheType=NULL
[02-26 22:25:17,187] INFO  [080-exec-4][] c.c.cache.manager.CoryCacheManager{37} - CacheManager, cacheType=NULL
[02-26 22:25:17,188] INFO  [080-exec-4][] com.cory.db.jdbc.CoryDbProxy{128} - sql: SELECT r.* FROM BASE_RESOURCE r WHERE r.IS_DELETED = 0 AND EXISTS(SELECT 1 FROM BASE_ROLE_RESOURCE_REL rel WHERE rel.IS_DELETED = 0 AND r.ID = rel.RESOURCE_ID AND rel.ROLE_ID = ?), params: [2]
[02-26 22:25:17,206] INFO  [080-exec-4][] c.c.w.i.AccessLogInterceptor{37} - remoteAddr=0:0:0:0:0:0:0:1, uri=/, method=GET, queryString=fixSiderbar=true&colorWeak=false&title=%E4%BD%A0%E5%A5%BD&pwa=false, hasException=false, duration=10ms
[02-26 22:25:18,506] INFO  [080-exec-7][] c.c.w.i.AccessLogInterceptor{37} - remoteAddr=0:0:0:0:0:0:0:1, uri=/generateCsrfToken, method=GET, queryString=null, hasException=false, duration=0ms
[02-26 22:25:18,510] INFO  [080-exec-6][] c.c.w.i.AccessLogInterceptor{37} - remoteAddr=0:0:0:0:0:0:0:1, uri=/generateFormToken, method=GET, queryString=null, hasException=false, duration=1ms
[02-26 22:25:18,514] INFO  [080-exec-8][] c.c.w.i.AccessLogInterceptor{37} - remoteAddr=0:0:0:0:0:0:0:1, uri=/currentUser, method=GET, queryString=null, hasException=false, duration=8ms
[02-26 22:25:18,520] INFO  [080-exec-3][] c.c.w.i.AccessLogInterceptor{37} - remoteAddr=0:0:0:0:0:0:0:1, uri=/currentUser, method=GET, queryString=null, hasException=false, duration=9ms
[02-26 22:25:38,973] DEBUG [ulerThread][] o.quartz.core.QuartzSchedulerThread{291} - batch acquisition of 0 triggers
[02-26 22:26:05,514] DEBUG [ulerThread][] o.quartz.core.QuartzSchedulerThread{291} - batch acquisition of 0 triggers
[02-26 22:26:29,033] DEBUG [ulerThread][] o.quartz.core.QuartzSchedulerThread{291} - batch acquisition of 0 triggers
[02-26 22:26:57,021] DEBUG [ulerThread][] o.quartz.core.QuartzSchedulerThread{291} - batch acquisition of 0 triggers
[02-26 22:27:22,915] DEBUG [ulerThread][] o.quartz.core.QuartzSchedulerThread{291} - batch acquisition of 0 triggers
[02-26 22:27:51,964] DEBUG [ulerThread][] o.quartz.core.QuartzSchedulerThread{291} - batch acquisition of 0 triggers
[02-26 22:28:19,739] DEBUG [ulerThread][] o.quartz.core.QuartzSchedulerThread{291} - batch acquisition of 0 triggers
[02-26 22:28:46,554] DEBUG [ulerThread][] o.quartz.core.QuartzSchedulerThread{291} - batch acquisition of 0 triggers
[02-26 22:29:15,662] DEBUG [ulerThread][] o.quartz.core.QuartzSchedulerThread{291} - batch acquisition of 0 triggers
[02-26 22:29:44,683] DEBUG [ulerThread][] o.quartz.core.QuartzSchedulerThread{291} - batch acquisition of 0 triggers
[02-26 22:30:12,446] DEBUG [ulerThread][] o.quartz.core.QuartzSchedulerThread{291} - batch acquisition of 0 triggers
[02-26 22:30:37,427] DEBUG [ulerThread][] o.quartz.core.QuartzSchedulerThread{291} - batch acquisition of 0 triggers
[02-26 22:31:06,237] DEBUG [ulerThread][] o.quartz.core.QuartzSchedulerThread{291} - batch acquisition of 0 triggers
[02-26 22:31:35,301] DEBUG [ulerThread][] o.quartz.core.QuartzSchedulerThread{291} - batch acquisition of 0 triggers
[02-26 22:32:02,964] DEBUG [ulerThread][] o.quartz.core.QuartzSchedulerThread{291} - batch acquisition of 0 triggers
[02-26 22:32:29,607] DEBUG [ulerThread][] o.quartz.core.QuartzSchedulerThread{291} - batch acquisition of 0 triggers
[02-26 22:32:55,878] DEBUG [ulerThread][] o.quartz.core.QuartzSchedulerThread{291} - batch acquisition of 0 triggers
[02-26 22:33:19,959] DEBUG [ulerThread][] o.quartz.core.QuartzSchedulerThread{291} - batch acquisition of 0 triggers
[02-26 22:33:47,470] DEBUG [ulerThread][] o.quartz.core.QuartzSchedulerThread{291} - batch acquisition of 0 triggers
[02-26 22:34:16,832] DEBUG [ulerThread][] o.quartz.core.QuartzSchedulerThread{291} - batch acquisition of 0 triggers
[02-26 22:34:44,818] DEBUG [ulerThread][] o.quartz.core.QuartzSchedulerThread{291} - batch acquisition of 0 triggers
[02-26 22:35:08,627] DEBUG [ulerThread][] o.quartz.core.QuartzSchedulerThread{291} - batch acquisition of 0 triggers
[02-26 22:35:36,587] DEBUG [ulerThread][] o.quartz.core.QuartzSchedulerThread{291} - batch acquisition of 0 triggers
[02-26 22:36:05,821] DEBUG [ulerThread][] o.quartz.core.QuartzSchedulerThread{291} - batch acquisition of 0 triggers
[02-26 22:36:32,083] DEBUG [ulerThread][] o.quartz.core.QuartzSchedulerThread{291} - batch acquisition of 0 triggers
[02-26 22:36:58,813] DEBUG [ulerThread][] o.quartz.core.QuartzSchedulerThread{291} - batch acquisition of 0 triggers
[02-26 22:37:28,424] DEBUG [ulerThread][] o.quartz.core.QuartzSchedulerThread{291} - batch acquisition of 0 triggers
[02-26 22:37:53,646] DEBUG [ulerThread][] o.quartz.core.QuartzSchedulerThread{291} - batch acquisition of 0 triggers
[02-26 22:38:21,827] DEBUG [ulerThread][] o.quartz.core.QuartzSchedulerThread{291} - batch acquisition of 0 triggers
[02-26 22:38:47,610] DEBUG [ulerThread][] o.quartz.core.QuartzSchedulerThread{291} - batch acquisition of 0 triggers
[02-26 22:39:11,969] DEBUG [ulerThread][] o.quartz.core.QuartzSchedulerThread{291} - batch acquisition of 0 triggers
[02-26 22:39:41,012] DEBUG [ulerThread][] o.quartz.core.QuartzSchedulerThread{291} - batch acquisition of 0 triggers
[02-26 22:39:50,614] INFO  [080-exec-1][] c.c.cache.manager.CoryCacheManager{37} - CacheManager, cacheType=NULL
[02-26 22:39:50,616] WARN  [080-exec-1][] c.a.d.pool.DruidAbstractDataSource{1489} - discard long time none received connection. , jdbcUrl : jdbc:mysql://127.0.0.1:3306/lm_tooth?characterEncoding=utf-8&autoReconnect=true&serverTimezone=UTC, version : 1.2.4, lastPacketReceivedIdleMillis : 873421
[02-26 22:39:50,617] DEBUG [080-exec-1][] c.alibaba.druid.pool.DruidDataSource{1466} - skip not validate connection.
[02-26 22:39:50,622] INFO  [080-exec-1][] c.c.cache.manager.CoryCacheManager{37} - CacheManager, cacheType=NULL
[02-26 22:39:50,623] INFO  [080-exec-1][] com.cory.db.jdbc.CoryDbProxy{128} - sql: SELECT * FROM base_role WHERE IS_DELETED = 0 AND ( name = ? ), params: ["anon"]
[02-26 22:39:50,626] INFO  [080-exec-1][] c.c.cache.manager.CoryCacheManager{37} - CacheManager, cacheType=NULL
[02-26 22:39:50,627] INFO  [080-exec-1][] c.c.cache.manager.CoryCacheManager{37} - CacheManager, cacheType=NULL
[02-26 22:39:50,639] INFO  [080-exec-1][] com.cory.db.jdbc.CoryDbProxy{128} - sql: SELECT r.* FROM BASE_RESOURCE r WHERE r.IS_DELETED = 0 AND EXISTS(SELECT 1 FROM BASE_ROLE_RESOURCE_REL rel WHERE rel.IS_DELETED = 0 AND r.ID = rel.RESOURCE_ID AND rel.ROLE_ID = ?), params: [2]
[02-26 22:39:50,654] INFO  [080-exec-1][] c.c.w.i.AccessLogInterceptor{37} - remoteAddr=0:0:0:0:0:0:0:1, uri=/, method=GET, queryString=fixSiderbar=true&colorWeak=false&title=%E4%BD%A0%E5%A5%BD&pwa=false, hasException=false, duration=10ms
[02-26 22:39:52,434] INFO  [080-exec-7][] c.c.w.i.AccessLogInterceptor{37} - remoteAddr=0:0:0:0:0:0:0:1, uri=/generateCsrfToken, method=GET, queryString=null, hasException=false, duration=0ms
[02-26 22:39:52,437] INFO  [080-exec-8][] c.c.w.i.AccessLogInterceptor{37} - remoteAddr=0:0:0:0:0:0:0:1, uri=/generateFormToken, method=GET, queryString=null, hasException=false, duration=1ms
[02-26 22:39:52,446] INFO  [080-exec-4][] c.c.w.i.AccessLogInterceptor{37} - remoteAddr=0:0:0:0:0:0:0:1, uri=/currentUser, method=GET, queryString=null, hasException=false, duration=14ms
[02-26 22:39:52,455] INFO  [080-exec-6][] c.c.w.i.AccessLogInterceptor{37} - remoteAddr=0:0:0:0:0:0:0:1, uri=/currentUser, method=GET, queryString=null, hasException=false, duration=10ms
[02-26 22:39:55,456] INFO  [80-exec-10][] c.c.cache.manager.CoryCacheManager{37} - CacheManager, cacheType=NULL
[02-26 22:39:55,457] INFO  [80-exec-10][] c.c.cache.manager.CoryCacheManager{37} - CacheManager, cacheType=NULL
[02-26 22:39:55,459] INFO  [80-exec-10][] com.cory.db.jdbc.CoryDbProxy{128} - sql: SELECT * FROM base_role WHERE IS_DELETED = 0 AND ( name = ? ), params: ["anon"]
[02-26 22:39:55,461] INFO  [80-exec-10][] c.c.cache.manager.CoryCacheManager{37} - CacheManager, cacheType=NULL
[02-26 22:39:55,462] INFO  [80-exec-10][] c.c.cache.manager.CoryCacheManager{37} - CacheManager, cacheType=NULL
[02-26 22:39:55,463] INFO  [80-exec-10][] com.cory.db.jdbc.CoryDbProxy{128} - sql: SELECT r.* FROM BASE_RESOURCE r WHERE r.IS_DELETED = 0 AND EXISTS(SELECT 1 FROM BASE_ROLE_RESOURCE_REL rel WHERE rel.IS_DELETED = 0 AND r.ID = rel.RESOURCE_ID AND rel.ROLE_ID = ?), params: [2]
[02-26 22:39:55,475] INFO  [80-exec-10][] c.c.w.i.AccessLogInterceptor{37} - remoteAddr=0:0:0:0:0:0:0:1, uri=/, method=GET, queryString=fixSiderbar=true&colorWeak=false&title=%E4%BD%A0%E5%A5%BD&pwa=false, hasException=false, duration=7ms
[02-26 22:39:57,009] INFO  [080-exec-7][] c.c.w.i.AccessLogInterceptor{37} - remoteAddr=0:0:0:0:0:0:0:1, uri=/generateCsrfToken, method=GET, queryString=null, hasException=false, duration=1ms
[02-26 22:39:57,009] INFO  [080-exec-4][] c.c.w.i.AccessLogInterceptor{37} - remoteAddr=0:0:0:0:0:0:0:1, uri=/generateFormToken, method=GET, queryString=null, hasException=false, duration=1ms
[02-26 22:39:57,013] INFO  [080-exec-1][] c.c.w.i.AccessLogInterceptor{37} - remoteAddr=0:0:0:0:0:0:0:1, uri=/currentUser, method=GET, queryString=null, hasException=false, duration=9ms
[02-26 22:39:57,022] INFO  [080-exec-8][] c.c.w.i.AccessLogInterceptor{37} - remoteAddr=0:0:0:0:0:0:0:1, uri=/currentUser, method=GET, queryString=null, hasException=false, duration=7ms
[02-26 22:40:09,391] DEBUG [ulerThread][] o.quartz.core.QuartzSchedulerThread{291} - batch acquisition of 0 triggers
[02-26 22:40:37,426] DEBUG [ulerThread][] o.quartz.core.QuartzSchedulerThread{291} - batch acquisition of 0 triggers
[02-26 22:40:42,138] INFO  [080-exec-6][] c.c.cache.manager.CoryCacheManager{37} - CacheManager, cacheType=NULL
[02-26 22:40:42,138] INFO  [080-exec-6][] c.c.cache.manager.CoryCacheManager{37} - CacheManager, cacheType=NULL
[02-26 22:40:42,139] INFO  [080-exec-6][] com.cory.db.jdbc.CoryDbProxy{128} - sql: SELECT * FROM base_role WHERE IS_DELETED = 0 AND ( name = ? ), params: ["anon"]
[02-26 22:40:42,142] INFO  [080-exec-6][] c.c.cache.manager.CoryCacheManager{37} - CacheManager, cacheType=NULL
[02-26 22:40:42,143] INFO  [080-exec-6][] c.c.cache.manager.CoryCacheManager{37} - CacheManager, cacheType=NULL
[02-26 22:40:42,144] INFO  [080-exec-6][] com.cory.db.jdbc.CoryDbProxy{128} - sql: SELECT r.* FROM BASE_RESOURCE r WHERE r.IS_DELETED = 0 AND EXISTS(SELECT 1 FROM BASE_ROLE_RESOURCE_REL rel WHERE rel.IS_DELETED = 0 AND r.ID = rel.RESOURCE_ID AND rel.ROLE_ID = ?), params: [2]
[02-26 22:40:42,168] INFO  [080-exec-6][] c.c.w.i.AccessLogInterceptor{37} - remoteAddr=0:0:0:0:0:0:0:1, uri=/, method=GET, queryString=fixSiderbar=true&colorWeak=false&title=%E4%BD%A0%E5%A5%BD&pwa=false, hasException=false, duration=13ms
[02-26 22:40:45,347] INFO  [080-exec-2][] c.c.w.i.AccessLogInterceptor{37} - remoteAddr=0:0:0:0:0:0:0:1, uri=/generateCsrfToken, method=GET, queryString=null, hasException=false, duration=1ms
[02-26 22:40:45,347] INFO  [080-exec-5][] c.c.w.i.AccessLogInterceptor{37} - remoteAddr=0:0:0:0:0:0:0:1, uri=/generateFormToken, method=GET, queryString=null, hasException=false, duration=1ms
[02-26 22:40:45,354] INFO  [080-exec-3][] c.c.w.i.AccessLogInterceptor{37} - remoteAddr=0:0:0:0:0:0:0:1, uri=/currentUser, method=GET, queryString=null, hasException=false, duration=8ms
[02-26 22:40:45,360] INFO  [080-exec-9][] c.c.w.i.AccessLogInterceptor{37} - remoteAddr=0:0:0:0:0:0:0:1, uri=/currentUser, method=GET, queryString=null, hasException=false, duration=9ms
[02-26 22:40:56,346] INFO  [80-exec-10][] c.c.cache.manager.CoryCacheManager{37} - CacheManager, cacheType=NULL
[02-26 22:40:56,346] INFO  [80-exec-10][] c.c.cache.manager.CoryCacheManager{37} - CacheManager, cacheType=NULL
[02-26 22:40:56,348] INFO  [80-exec-10][] com.cory.db.jdbc.CoryDbProxy{128} - sql: SELECT * FROM base_role WHERE IS_DELETED = 0 AND ( name = ? ), params: ["anon"]
[02-26 22:40:56,349] INFO  [80-exec-10][] c.c.cache.manager.CoryCacheManager{37} - CacheManager, cacheType=NULL
[02-26 22:40:56,350] INFO  [80-exec-10][] c.c.cache.manager.CoryCacheManager{37} - CacheManager, cacheType=NULL
[02-26 22:40:56,352] INFO  [80-exec-10][] com.cory.db.jdbc.CoryDbProxy{128} - sql: SELECT r.* FROM BASE_RESOURCE r WHERE r.IS_DELETED = 0 AND EXISTS(SELECT 1 FROM BASE_ROLE_RESOURCE_REL rel WHERE rel.IS_DELETED = 0 AND r.ID = rel.RESOURCE_ID AND rel.ROLE_ID = ?), params: [2]
[02-26 22:40:56,375] INFO  [80-exec-10][] c.c.w.i.AccessLogInterceptor{37} - remoteAddr=0:0:0:0:0:0:0:1, uri=/, method=GET, queryString=fixSiderbar=true&colorWeak=false&title=%E4%BD%A0%E5%A5%BD&pwa=false, hasException=false, duration=15ms
[02-26 22:40:58,733] INFO  [080-exec-4][] c.c.w.i.AccessLogInterceptor{37} - remoteAddr=0:0:0:0:0:0:0:1, uri=/generateFormToken, method=GET, queryString=null, hasException=false, duration=1ms
[02-26 22:40:58,734] INFO  [080-exec-7][] c.c.w.i.AccessLogInterceptor{37} - remoteAddr=0:0:0:0:0:0:0:1, uri=/generateCsrfToken, method=GET, queryString=null, hasException=false, duration=0ms
[02-26 22:40:58,739] INFO  [080-exec-1][] c.c.w.i.AccessLogInterceptor{37} - remoteAddr=0:0:0:0:0:0:0:1, uri=/currentUser, method=GET, queryString=null, hasException=false, duration=8ms
[02-26 22:40:58,747] INFO  [080-exec-8][] c.c.w.i.AccessLogInterceptor{37} - remoteAddr=0:0:0:0:0:0:0:1, uri=/currentUser, method=GET, queryString=null, hasException=false, duration=10ms
[02-26 22:41:04,418] DEBUG [ulerThread][] o.quartz.core.QuartzSchedulerThread{291} - batch acquisition of 0 triggers
[02-26 22:41:29,243] DEBUG [ulerThread][] o.quartz.core.QuartzSchedulerThread{291} - batch acquisition of 0 triggers
[02-26 22:41:55,758] DEBUG [ulerThread][] o.quartz.core.QuartzSchedulerThread{291} - batch acquisition of 0 triggers
[02-26 22:42:24,742] DEBUG [ulerThread][] o.quartz.core.QuartzSchedulerThread{291} - batch acquisition of 0 triggers
[02-26 22:42:47,859] DEBUG [ulerThread][] o.quartz.core.QuartzSchedulerThread{291} - batch acquisition of 0 triggers
[02-26 22:43:16,029] DEBUG [ulerThread][] o.quartz.core.QuartzSchedulerThread{291} - batch acquisition of 0 triggers
[02-26 22:43:44,361] DEBUG [ulerThread][] o.quartz.core.QuartzSchedulerThread{291} - batch acquisition of 0 triggers
[02-26 22:44:13,564] DEBUG [ulerThread][] o.quartz.core.QuartzSchedulerThread{291} - batch acquisition of 0 triggers
[02-26 22:44:43,564] DEBUG [ulerThread][] o.quartz.core.QuartzSchedulerThread{291} - batch acquisition of 0 triggers
[02-26 22:45:09,973] DEBUG [ulerThread][] o.quartz.core.QuartzSchedulerThread{291} - batch acquisition of 0 triggers
[02-26 22:45:37,226] DEBUG [ulerThread][] o.quartz.core.QuartzSchedulerThread{291} - batch acquisition of 0 triggers
[02-26 22:46:04,423] DEBUG [ulerThread][] o.quartz.core.QuartzSchedulerThread{291} - batch acquisition of 0 triggers
[02-26 22:46:31,285] DEBUG [ulerThread][] o.quartz.core.QuartzSchedulerThread{291} - batch acquisition of 0 triggers
[02-26 22:46:57,594] DEBUG [ulerThread][] o.quartz.core.QuartzSchedulerThread{291} - batch acquisition of 0 triggers
[02-26 22:47:23,580] DEBUG [ulerThread][] o.quartz.core.QuartzSchedulerThread{291} - batch acquisition of 0 triggers
[02-26 22:47:51,892] DEBUG [ulerThread][] o.quartz.core.QuartzSchedulerThread{291} - batch acquisition of 0 triggers
[02-26 22:48:21,009] DEBUG [ulerThread][] o.quartz.core.QuartzSchedulerThread{291} - batch acquisition of 0 triggers
[02-26 22:48:47,940] DEBUG [ulerThread][] o.quartz.core.QuartzSchedulerThread{291} - batch acquisition of 0 triggers
[02-26 22:49:11,759] DEBUG [ulerThread][] o.quartz.core.QuartzSchedulerThread{291} - batch acquisition of 0 triggers
[02-26 22:49:39,957] DEBUG [ulerThread][] o.quartz.core.QuartzSchedulerThread{291} - batch acquisition of 0 triggers
[02-26 22:50:06,928] DEBUG [ulerThread][] o.quartz.core.QuartzSchedulerThread{291} - batch acquisition of 0 triggers
[02-26 22:50:33,554] DEBUG [ulerThread][] o.quartz.core.QuartzSchedulerThread{291} - batch acquisition of 0 triggers
[02-26 22:51:01,211] DEBUG [ulerThread][] o.quartz.core.QuartzSchedulerThread{291} - batch acquisition of 0 triggers
[02-26 22:51:28,724] DEBUG [ulerThread][] o.quartz.core.QuartzSchedulerThread{291} - batch acquisition of 0 triggers
[02-26 22:51:58,726] DEBUG [ulerThread][] o.quartz.core.QuartzSchedulerThread{291} - batch acquisition of 0 triggers
[02-26 22:52:22,955] DEBUG [ulerThread][] o.quartz.core.QuartzSchedulerThread{291} - batch acquisition of 0 triggers
[02-26 22:52:51,026] DEBUG [ulerThread][] o.quartz.core.QuartzSchedulerThread{291} - batch acquisition of 0 triggers
[02-26 22:53:15,610] DEBUG [ulerThread][] o.quartz.core.QuartzSchedulerThread{291} - batch acquisition of 0 triggers
[02-26 22:53:39,225] DEBUG [ulerThread][] o.quartz.core.QuartzSchedulerThread{291} - batch acquisition of 0 triggers
[02-26 22:54:05,664] DEBUG [ulerThread][] o.quartz.core.QuartzSchedulerThread{291} - batch acquisition of 0 triggers
[02-26 22:54:34,671] DEBUG [ulerThread][] o.quartz.core.QuartzSchedulerThread{291} - batch acquisition of 0 triggers
[02-26 22:54:59,316] DEBUG [ulerThread][] o.quartz.core.QuartzSchedulerThread{291} - batch acquisition of 0 triggers
[02-26 22:55:25,800] DEBUG [ulerThread][] o.quartz.core.QuartzSchedulerThread{291} - batch acquisition of 0 triggers
[02-26 22:55:53,661] DEBUG [ulerThread][] o.quartz.core.QuartzSchedulerThread{291} - batch acquisition of 0 triggers
[02-26 22:56:18,002] DEBUG [ulerThread][] o.quartz.core.QuartzSchedulerThread{291} - batch acquisition of 0 triggers
[02-26 22:56:44,581] DEBUG [ulerThread][] o.quartz.core.QuartzSchedulerThread{291} - batch acquisition of 0 triggers
[02-26 22:57:07,761] DEBUG [ulerThread][] o.quartz.core.QuartzSchedulerThread{291} - batch acquisition of 0 triggers
[02-26 22:57:36,049] DEBUG [ulerThread][] o.quartz.core.QuartzSchedulerThread{291} - batch acquisition of 0 triggers
[02-26 22:57:59,756] DEBUG [ulerThread][] o.quartz.core.QuartzSchedulerThread{291} - batch acquisition of 0 triggers
[02-26 22:58:23,953] DEBUG [ulerThread][] o.quartz.core.QuartzSchedulerThread{291} - batch acquisition of 0 triggers
[02-26 22:58:48,239] DEBUG [ulerThread][] o.quartz.core.QuartzSchedulerThread{291} - batch acquisition of 0 triggers
[02-26 22:59:13,921] DEBUG [ulerThread][] o.quartz.core.QuartzSchedulerThread{291} - batch acquisition of 0 triggers
[02-26 22:59:38,728] DEBUG [ulerThread][] o.quartz.core.QuartzSchedulerThread{291} - batch acquisition of 0 triggers
[02-26 23:00:05,204] DEBUG [ulerThread][] o.quartz.core.QuartzSchedulerThread{291} - batch acquisition of 0 triggers
[02-26 23:00:33,018] DEBUG [ulerThread][] o.quartz.core.QuartzSchedulerThread{291} - batch acquisition of 0 triggers
[02-26 23:01:01,705] DEBUG [ulerThread][] o.quartz.core.QuartzSchedulerThread{291} - batch acquisition of 0 triggers
[02-26 23:01:30,940] DEBUG [ulerThread][] o.quartz.core.QuartzSchedulerThread{291} - batch acquisition of 0 triggers
[02-26 23:01:58,396] DEBUG [ulerThread][] o.quartz.core.QuartzSchedulerThread{291} - batch acquisition of 0 triggers
[02-26 23:02:25,877] DEBUG [ulerThread][] o.quartz.core.QuartzSchedulerThread{291} - batch acquisition of 0 triggers
[02-26 23:02:49,627] DEBUG [ulerThread][] o.quartz.core.QuartzSchedulerThread{291} - batch acquisition of 0 triggers
[02-26 23:03:15,277] DEBUG [ulerThread][] o.quartz.core.QuartzSchedulerThread{291} - batch acquisition of 0 triggers
[02-26 23:03:40,818] DEBUG [ulerThread][] o.quartz.core.QuartzSchedulerThread{291} - batch acquisition of 0 triggers
[02-26 23:04:04,408] DEBUG [ulerThread][] o.quartz.core.QuartzSchedulerThread{291} - batch acquisition of 0 triggers
[02-26 23:04:28,085] DEBUG [ulerThread][] o.quartz.core.QuartzSchedulerThread{291} - batch acquisition of 0 triggers
[02-26 23:04:53,298] DEBUG [ulerThread][] o.quartz.core.QuartzSchedulerThread{291} - batch acquisition of 0 triggers
[02-26 23:05:21,727] DEBUG [ulerThread][] o.quartz.core.QuartzSchedulerThread{291} - batch acquisition of 0 triggers
[02-26 23:05:46,403] DEBUG [ulerThread][] o.quartz.core.QuartzSchedulerThread{291} - batch acquisition of 0 triggers
[02-26 23:06:14,570] DEBUG [ulerThread][] o.quartz.core.QuartzSchedulerThread{291} - batch acquisition of 0 triggers
[02-26 23:06:16,578] INFO  [080-exec-9][] c.c.cache.manager.CoryCacheManager{37} - CacheManager, cacheType=NULL
[02-26 23:06:16,581] WARN  [080-exec-9][] c.a.d.pool.DruidAbstractDataSource{1489} - discard long time none received connection. , jdbcUrl : jdbc:mysql://127.0.0.1:3306/lm_tooth?characterEncoding=utf-8&autoReconnect=true&serverTimezone=UTC, version : 1.2.4, lastPacketReceivedIdleMillis : 1520222
[02-26 23:06:16,582] DEBUG [080-exec-9][] c.alibaba.druid.pool.DruidDataSource{1466} - skip not validate connection.
[02-26 23:06:16,606] INFO  [080-exec-9][] c.c.cache.manager.CoryCacheManager{37} - CacheManager, cacheType=NULL
[02-26 23:06:16,607] INFO  [080-exec-9][] com.cory.db.jdbc.CoryDbProxy{128} - sql: SELECT * FROM base_role WHERE IS_DELETED = 0 AND ( name = ? ), params: ["anon"]
[02-26 23:06:16,608] INFO  [080-exec-9][] c.c.cache.manager.CoryCacheManager{37} - CacheManager, cacheType=NULL
[02-26 23:06:16,609] INFO  [080-exec-9][] c.c.cache.manager.CoryCacheManager{37} - CacheManager, cacheType=NULL
[02-26 23:06:16,610] INFO  [080-exec-9][] com.cory.db.jdbc.CoryDbProxy{128} - sql: SELECT r.* FROM BASE_RESOURCE r WHERE r.IS_DELETED = 0 AND EXISTS(SELECT 1 FROM BASE_ROLE_RESOURCE_REL rel WHERE rel.IS_DELETED = 0 AND r.ID = rel.RESOURCE_ID AND rel.ROLE_ID = ?), params: [2]
[02-26 23:06:16,623] INFO  [080-exec-9][] c.c.w.i.AccessLogInterceptor{37} - remoteAddr=0:0:0:0:0:0:0:1, uri=/, method=GET, queryString=fixSiderbar=true&colorWeak=false&title=%E4%BD%A0%E5%A5%BD&pwa=false, hasException=false, duration=8ms
[02-26 23:06:20,204] INFO  [080-exec-1][] c.c.w.i.AccessLogInterceptor{37} - remoteAddr=0:0:0:0:0:0:0:1, uri=/generateCsrfToken, method=GET, queryString=null, hasException=false, duration=0ms
[02-26 23:06:20,208] INFO  [080-exec-4][] c.c.w.i.AccessLogInterceptor{37} - remoteAddr=0:0:0:0:0:0:0:1, uri=/generateFormToken, method=GET, queryString=null, hasException=false, duration=1ms
[02-26 23:06:20,212] INFO  [80-exec-10][] c.c.w.i.AccessLogInterceptor{37} - remoteAddr=0:0:0:0:0:0:0:1, uri=/currentUser, method=GET, queryString=null, hasException=false, duration=8ms
[02-26 23:06:20,222] INFO  [080-exec-8][] c.c.w.i.AccessLogInterceptor{37} - remoteAddr=0:0:0:0:0:0:0:1, uri=/currentUser, method=GET, queryString=null, hasException=false, duration=9ms
[02-26 23:06:42,610] DEBUG [ulerThread][] o.quartz.core.QuartzSchedulerThread{291} - batch acquisition of 0 triggers
[02-26 23:06:57,038] INFO  [080-exec-7][] c.c.cache.manager.CoryCacheManager{37} - CacheManager, cacheType=NULL
[02-26 23:06:57,039] INFO  [080-exec-7][] c.c.cache.manager.CoryCacheManager{37} - CacheManager, cacheType=NULL
[02-26 23:06:57,041] INFO  [080-exec-7][] com.cory.db.jdbc.CoryDbProxy{128} - sql: SELECT * FROM base_role WHERE IS_DELETED = 0 AND ( name = ? ), params: ["anon"]
[02-26 23:06:57,044] INFO  [080-exec-7][] c.c.cache.manager.CoryCacheManager{37} - CacheManager, cacheType=NULL
[02-26 23:06:57,045] INFO  [080-exec-7][] c.c.cache.manager.CoryCacheManager{37} - CacheManager, cacheType=NULL
[02-26 23:06:57,047] INFO  [080-exec-7][] com.cory.db.jdbc.CoryDbProxy{128} - sql: SELECT r.* FROM BASE_RESOURCE r WHERE r.IS_DELETED = 0 AND EXISTS(SELECT 1 FROM BASE_ROLE_RESOURCE_REL rel WHERE rel.IS_DELETED = 0 AND r.ID = rel.RESOURCE_ID AND rel.ROLE_ID = ?), params: [2]
[02-26 23:06:57,069] INFO  [080-exec-7][] c.c.w.i.AccessLogInterceptor{37} - remoteAddr=0:0:0:0:0:0:0:1, uri=/, method=GET, queryString=fixSiderbar=true&colorWeak=false&title=%E4%BD%A0%E5%A5%BD&pwa=false, hasException=false, duration=13ms
[02-26 23:06:59,781] INFO  [080-exec-3][] c.c.w.i.AccessLogInterceptor{37} - remoteAddr=0:0:0:0:0:0:0:1, uri=/generateCsrfToken, method=GET, queryString=null, hasException=false, duration=0ms
[02-26 23:06:59,782] INFO  [080-exec-5][] c.c.w.i.AccessLogInterceptor{37} - remoteAddr=0:0:0:0:0:0:0:1, uri=/generateFormToken, method=GET, queryString=null, hasException=false, duration=1ms
[02-26 23:06:59,788] INFO  [080-exec-6][] c.c.w.i.AccessLogInterceptor{37} - remoteAddr=0:0:0:0:0:0:0:1, uri=/currentUser, method=GET, queryString=null, hasException=false, duration=10ms
[02-26 23:06:59,795] INFO  [080-exec-2][] c.c.w.i.AccessLogInterceptor{37} - remoteAddr=0:0:0:0:0:0:0:1, uri=/currentUser, method=GET, queryString=null, hasException=false, duration=8ms
[02-26 23:07:07,340] DEBUG [ulerThread][] o.quartz.core.QuartzSchedulerThread{291} - batch acquisition of 0 triggers
[02-26 23:07:35,246] DEBUG [ulerThread][] o.quartz.core.QuartzSchedulerThread{291} - batch acquisition of 0 triggers
[02-26 23:08:03,904] DEBUG [ulerThread][] o.quartz.core.QuartzSchedulerThread{291} - batch acquisition of 0 triggers
[02-26 23:08:27,799] DEBUG [ulerThread][] o.quartz.core.QuartzSchedulerThread{291} - batch acquisition of 0 triggers
[02-26 23:08:56,774] DEBUG [ulerThread][] o.quartz.core.QuartzSchedulerThread{291} - batch acquisition of 0 triggers
[02-26 23:09:26,141] DEBUG [ulerThread][] o.quartz.core.QuartzSchedulerThread{291} - batch acquisition of 0 triggers
[02-26 23:09:49,251] DEBUG [ulerThread][] o.quartz.core.QuartzSchedulerThread{291} - batch acquisition of 0 triggers
[02-26 23:10:16,516] DEBUG [ulerThread][] o.quartz.core.QuartzSchedulerThread{291} - batch acquisition of 0 triggers
[02-26 23:10:43,027] DEBUG [ulerThread][] o.quartz.core.QuartzSchedulerThread{291} - batch acquisition of 0 triggers
[02-26 23:11:07,831] DEBUG [ulerThread][] o.quartz.core.QuartzSchedulerThread{291} - batch acquisition of 0 triggers
[02-26 23:11:36,781] DEBUG [ulerThread][] o.quartz.core.QuartzSchedulerThread{291} - batch acquisition of 0 triggers
[02-26 23:12:04,435] DEBUG [ulerThread][] o.quartz.core.QuartzSchedulerThread{291} - batch acquisition of 0 triggers
[02-26 23:12:29,349] DEBUG [ulerThread][] o.quartz.core.QuartzSchedulerThread{291} - batch acquisition of 0 triggers
[02-26 23:12:54,845] DEBUG [ulerThread][] o.quartz.core.QuartzSchedulerThread{291} - batch acquisition of 0 triggers
[02-26 23:13:23,044] DEBUG [ulerThread][] o.quartz.core.QuartzSchedulerThread{291} - batch acquisition of 0 triggers
[02-26 23:13:50,516] DEBUG [ulerThread][] o.quartz.core.QuartzSchedulerThread{291} - batch acquisition of 0 triggers
[02-26 23:14:15,237] DEBUG [ulerThread][] o.quartz.core.QuartzSchedulerThread{291} - batch acquisition of 0 triggers
[02-26 23:14:39,261] DEBUG [ulerThread][] o.quartz.core.QuartzSchedulerThread{291} - batch acquisition of 0 triggers
[02-26 23:15:02,723] DEBUG [ulerThread][] o.quartz.core.QuartzSchedulerThread{291} - batch acquisition of 0 triggers
[02-26 23:15:31,096] DEBUG [ulerThread][] o.quartz.core.QuartzSchedulerThread{291} - batch acquisition of 0 triggers
[02-26 23:15:58,064] DEBUG [ulerThread][] o.quartz.core.QuartzSchedulerThread{291} - batch acquisition of 0 triggers
[02-26 23:16:27,192] DEBUG [ulerThread][] o.quartz.core.QuartzSchedulerThread{291} - batch acquisition of 0 triggers
[02-26 23:16:51,235] DEBUG [ulerThread][] o.quartz.core.QuartzSchedulerThread{291} - batch acquisition of 0 triggers
[02-26 23:17:18,131] DEBUG [ulerThread][] o.quartz.core.QuartzSchedulerThread{291} - batch acquisition of 0 triggers
[02-26 23:17:43,844] DEBUG [ulerThread][] o.quartz.core.QuartzSchedulerThread{291} - batch acquisition of 0 triggers
[02-26 23:18:08,524] DEBUG [ulerThread][] o.quartz.core.QuartzSchedulerThread{291} - batch acquisition of 0 triggers
[02-26 23:18:34,022] DEBUG [ulerThread][] o.quartz.core.QuartzSchedulerThread{291} - batch acquisition of 0 triggers
[02-26 23:18:58,487] DEBUG [ulerThread][] o.quartz.core.QuartzSchedulerThread{291} - batch acquisition of 0 triggers
[02-26 23:19:24,390] DEBUG [ulerThread][] o.quartz.core.QuartzSchedulerThread{291} - batch acquisition of 0 triggers
[02-26 23:19:52,759] DEBUG [ulerThread][] o.quartz.core.QuartzSchedulerThread{291} - batch acquisition of 0 triggers
[02-26 23:20:17,101] DEBUG [ulerThread][] o.quartz.core.QuartzSchedulerThread{291} - batch acquisition of 0 triggers
[02-26 23:20:40,991] DEBUG [ulerThread][] o.quartz.core.QuartzSchedulerThread{291} - batch acquisition of 0 triggers
[02-26 23:21:04,151] DEBUG [ulerThread][] o.quartz.core.QuartzSchedulerThread{291} - batch acquisition of 0 triggers
[02-26 23:21:27,856] DEBUG [ulerThread][] o.quartz.core.QuartzSchedulerThread{291} - batch acquisition of 0 triggers
[02-26 23:21:56,614] DEBUG [ulerThread][] o.quartz.core.QuartzSchedulerThread{291} - batch acquisition of 0 triggers
[02-26 23:22:19,827] DEBUG [ulerThread][] o.quartz.core.QuartzSchedulerThread{291} - batch acquisition of 0 triggers
[02-26 23:22:49,225] DEBUG [ulerThread][] o.quartz.core.QuartzSchedulerThread{291} - batch acquisition of 0 triggers
[02-26 23:23:12,569] DEBUG [ulerThread][] o.quartz.core.QuartzSchedulerThread{291} - batch acquisition of 0 triggers
[02-26 23:23:39,024] DEBUG [ulerThread][] o.quartz.core.QuartzSchedulerThread{291} - batch acquisition of 0 triggers
[02-26 23:24:08,692] DEBUG [ulerThread][] o.quartz.core.QuartzSchedulerThread{291} - batch acquisition of 0 triggers
[02-26 23:24:33,490] DEBUG [ulerThread][] o.quartz.core.QuartzSchedulerThread{291} - batch acquisition of 0 triggers
[02-26 23:24:58,661] DEBUG [ulerThread][] o.quartz.core.QuartzSchedulerThread{291} - batch acquisition of 0 triggers
[02-26 23:25:24,487] DEBUG [ulerThread][] o.quartz.core.QuartzSchedulerThread{291} - batch acquisition of 0 triggers
[02-26 23:25:51,639] DEBUG [ulerThread][] o.quartz.core.QuartzSchedulerThread{291} - batch acquisition of 0 triggers
[02-26 23:26:16,195] DEBUG [ulerThread][] o.quartz.core.QuartzSchedulerThread{291} - batch acquisition of 0 triggers
[02-26 23:26:40,985] DEBUG [ulerThread][] o.quartz.core.QuartzSchedulerThread{291} - batch acquisition of 0 triggers
[02-26 23:27:07,422] DEBUG [ulerThread][] o.quartz.core.QuartzSchedulerThread{291} - batch acquisition of 0 triggers
[02-26 23:27:37,273] DEBUG [ulerThread][] o.quartz.core.QuartzSchedulerThread{291} - batch acquisition of 0 triggers
[02-26 23:28:02,401] DEBUG [ulerThread][] o.quartz.core.QuartzSchedulerThread{291} - batch acquisition of 0 triggers
[02-26 23:28:29,573] DEBUG [ulerThread][] o.quartz.core.QuartzSchedulerThread{291} - batch acquisition of 0 triggers
[02-26 23:28:58,900] DEBUG [ulerThread][] o.quartz.core.QuartzSchedulerThread{291} - batch acquisition of 0 triggers
[02-26 23:29:26,932] DEBUG [ulerThread][] o.quartz.core.QuartzSchedulerThread{291} - batch acquisition of 0 triggers
[02-26 23:29:52,400] DEBUG [ulerThread][] o.quartz.core.QuartzSchedulerThread{291} - batch acquisition of 0 triggers
[02-26 23:30:21,119] DEBUG [ulerThread][] o.quartz.core.QuartzSchedulerThread{291} - batch acquisition of 0 triggers
[02-26 23:30:45,619] DEBUG [ulerThread][] o.quartz.core.QuartzSchedulerThread{291} - batch acquisition of 0 triggers
[02-26 23:31:10,917] DEBUG [ulerThread][] o.quartz.core.QuartzSchedulerThread{291} - batch acquisition of 0 triggers
[02-26 23:31:34,668] DEBUG [ulerThread][] o.quartz.core.QuartzSchedulerThread{291} - batch acquisition of 0 triggers
[02-26 23:31:59,670] DEBUG [ulerThread][] o.quartz.core.QuartzSchedulerThread{291} - batch acquisition of 0 triggers
[02-26 23:32:28,811] DEBUG [ulerThread][] o.quartz.core.QuartzSchedulerThread{291} - batch acquisition of 0 triggers
[02-26 23:32:53,683] DEBUG [ulerThread][] o.quartz.core.QuartzSchedulerThread{291} - batch acquisition of 0 triggers
[02-26 23:33:20,018] DEBUG [ulerThread][] o.quartz.core.QuartzSchedulerThread{291} - batch acquisition of 0 triggers
[02-26 23:33:43,810] DEBUG [ulerThread][] o.quartz.core.QuartzSchedulerThread{291} - batch acquisition of 0 triggers
[02-26 23:34:11,389] DEBUG [ulerThread][] o.quartz.core.QuartzSchedulerThread{291} - batch acquisition of 0 triggers
[02-26 23:34:40,506] DEBUG [ulerThread][] o.quartz.core.QuartzSchedulerThread{291} - batch acquisition of 0 triggers
[02-26 23:35:10,192] DEBUG [ulerThread][] o.quartz.core.QuartzSchedulerThread{291} - batch acquisition of 0 triggers
[02-26 23:35:35,823] DEBUG [ulerThread][] o.quartz.core.QuartzSchedulerThread{291} - batch acquisition of 0 triggers
[02-26 23:36:04,285] DEBUG [ulerThread][] o.quartz.core.QuartzSchedulerThread{291} - batch acquisition of 0 triggers
[02-26 23:36:28,582] DEBUG [ulerThread][] o.quartz.core.QuartzSchedulerThread{291} - batch acquisition of 0 triggers
[02-26 23:36:56,049] DEBUG [ulerThread][] o.quartz.core.QuartzSchedulerThread{291} - batch acquisition of 0 triggers
[02-26 23:37:25,792] DEBUG [ulerThread][] o.quartz.core.QuartzSchedulerThread{291} - batch acquisition of 0 triggers
[02-26 23:37:50,603] DEBUG [ulerThread][] o.quartz.core.QuartzSchedulerThread{291} - batch acquisition of 0 triggers
[02-26 23:38:19,531] DEBUG [ulerThread][] o.quartz.core.QuartzSchedulerThread{291} - batch acquisition of 0 triggers
[02-26 23:38:48,970] DEBUG [ulerThread][] o.quartz.core.QuartzSchedulerThread{291} - batch acquisition of 0 triggers
[02-26 23:39:17,234] DEBUG [ulerThread][] o.quartz.core.QuartzSchedulerThread{291} - batch acquisition of 0 triggers
[02-26 23:39:43,003] DEBUG [ulerThread][] o.quartz.core.QuartzSchedulerThread{291} - batch acquisition of 0 triggers
[02-26 23:40:07,225] DEBUG [ulerThread][] o.quartz.core.QuartzSchedulerThread{291} - batch acquisition of 0 triggers
[02-26 23:40:33,560] DEBUG [ulerThread][] o.quartz.core.QuartzSchedulerThread{291} - batch acquisition of 0 triggers
[02-26 23:40:59,810] DEBUG [ulerThread][] o.quartz.core.QuartzSchedulerThread{291} - batch acquisition of 0 triggers
[02-26 23:41:26,333] DEBUG [ulerThread][] o.quartz.core.QuartzSchedulerThread{291} - batch acquisition of 0 triggers
[02-26 23:41:54,926] DEBUG [ulerThread][] o.quartz.core.QuartzSchedulerThread{291} - batch acquisition of 0 triggers
[02-26 23:42:21,555] DEBUG [ulerThread][] o.quartz.core.QuartzSchedulerThread{291} - batch acquisition of 0 triggers
[02-26 23:42:47,262] DEBUG [ulerThread][] o.quartz.core.QuartzSchedulerThread{291} - batch acquisition of 0 triggers
[02-26 23:43:17,103] DEBUG [ulerThread][] o.quartz.core.QuartzSchedulerThread{291} - batch acquisition of 0 triggers
[02-26 23:43:43,696] DEBUG [ulerThread][] o.quartz.core.QuartzSchedulerThread{291} - batch acquisition of 0 triggers
[02-26 23:44:10,009] DEBUG [ulerThread][] o.quartz.core.QuartzSchedulerThread{291} - batch acquisition of 0 triggers
[02-26 23:44:36,869] DEBUG [ulerThread][] o.quartz.core.QuartzSchedulerThread{291} - batch acquisition of 0 triggers
[02-26 23:45:02,506] DEBUG [ulerThread][] o.quartz.core.QuartzSchedulerThread{291} - batch acquisition of 0 triggers
[02-26 23:45:31,920] DEBUG [ulerThread][] o.quartz.core.QuartzSchedulerThread{291} - batch acquisition of 0 triggers
[02-26 23:45:56,157] DEBUG [ulerThread][] o.quartz.core.QuartzSchedulerThread{291} - batch acquisition of 0 triggers
[02-26 23:46:22,388] DEBUG [ulerThread][] o.quartz.core.QuartzSchedulerThread{291} - batch acquisition of 0 triggers
[02-26 23:46:51,256] DEBUG [ulerThread][] o.quartz.core.QuartzSchedulerThread{291} - batch acquisition of 0 triggers
[02-26 23:47:19,262] DEBUG [ulerThread][] o.quartz.core.QuartzSchedulerThread{291} - batch acquisition of 0 triggers
[02-26 23:47:46,597] DEBUG [ulerThread][] o.quartz.core.QuartzSchedulerThread{291} - batch acquisition of 0 triggers
[02-26 23:48:11,433] DEBUG [ulerThread][] o.quartz.core.QuartzSchedulerThread{291} - batch acquisition of 0 triggers
[02-26 23:48:36,992] DEBUG [ulerThread][] o.quartz.core.QuartzSchedulerThread{291} - batch acquisition of 0 triggers
[02-26 23:49:00,809] DEBUG [ulerThread][] o.quartz.core.QuartzSchedulerThread{291} - batch acquisition of 0 triggers
[02-26 23:49:25,127] DEBUG [ulerThread][] o.quartz.core.QuartzSchedulerThread{291} - batch acquisition of 0 triggers
[02-26 23:49:50,177] DEBUG [ulerThread][] o.quartz.core.QuartzSchedulerThread{291} - batch acquisition of 0 triggers
[02-26 23:50:15,877] DEBUG [ulerThread][] o.quartz.core.QuartzSchedulerThread{291} - batch acquisition of 0 triggers
[02-26 23:50:44,462] DEBUG [ulerThread][] o.quartz.core.QuartzSchedulerThread{291} - batch acquisition of 0 triggers
[02-26 23:51:11,156] DEBUG [ulerThread][] o.quartz.core.QuartzSchedulerThread{291} - batch acquisition of 0 triggers
[02-26 23:51:38,454] DEBUG [ulerThread][] o.quartz.core.QuartzSchedulerThread{291} - batch acquisition of 0 triggers
[02-26 23:52:08,423] DEBUG [ulerThread][] o.quartz.core.QuartzSchedulerThread{291} - batch acquisition of 0 triggers
[02-26 23:52:38,075] DEBUG [ulerThread][] o.quartz.core.QuartzSchedulerThread{291} - batch acquisition of 0 triggers
[02-26 23:53:01,121] DEBUG [ulerThread][] o.quartz.core.QuartzSchedulerThread{291} - batch acquisition of 0 triggers
